2024-10-25 16:35:02,003 - INFO - Model Results will be saved to: model_store/trained_20241025/model_163502
2024-10-25 16:35:02,410 - INFO - Training 10 epochs...
2024-10-25 16:35:02,410 - INFO - EPOCH 1:
2024-10-25 16:35:03,199 - INFO - loss: 3.545259  [   64/ 3680]
2024-10-25 16:35:07,825 - INFO - loss: 3.053574  [  704/ 3680]
2024-10-25 16:35:12,248 - INFO - loss: 2.615174  [ 1344/ 3680]
2024-10-25 16:35:16,611 - INFO - loss: 2.122383  [ 1984/ 3680]
2024-10-25 16:35:20,923 - INFO - loss: 2.101729  [ 2624/ 3680]
2024-10-25 16:35:25,428 - INFO - loss: 2.217469  [ 3264/ 3680]
2024-10-25 16:35:46,312 - INFO - EPOCH 2:
2024-10-25 16:35:46,859 - INFO - loss: 2.279660  [   64/ 3680]
2024-10-25 16:35:50,941 - INFO - loss: 1.815010  [  704/ 3680]
2024-10-25 16:35:55,077 - INFO - loss: 1.831733  [ 1344/ 3680]
2024-10-25 16:35:59,210 - INFO - loss: 1.949855  [ 1984/ 3680]
2024-10-25 16:36:03,309 - INFO - loss: 1.830337  [ 2624/ 3680]
2024-10-25 16:36:07,474 - INFO - loss: 1.453525  [ 3264/ 3680]
2024-10-25 16:36:28,090 - INFO - EPOCH 3:
2024-10-25 16:36:28,652 - INFO - loss: 1.902358  [   64/ 3680]
2024-10-25 16:36:32,586 - INFO - loss: 1.652974  [  704/ 3680]
2024-10-25 16:36:36,586 - INFO - loss: 1.704128  [ 1344/ 3680]
2024-10-25 16:36:40,717 - INFO - loss: 1.332205  [ 1984/ 3680]
2024-10-25 16:36:44,645 - INFO - loss: 1.919620  [ 2624/ 3680]
2024-10-25 16:36:48,880 - INFO - loss: 1.565056  [ 3264/ 3680]
2024-10-25 16:37:09,134 - INFO - EPOCH 4:
2024-10-25 16:37:09,656 - INFO - loss: 1.385333  [   64/ 3680]
2024-10-25 16:37:13,876 - INFO - loss: 1.535754  [  704/ 3680]
2024-10-25 16:37:18,047 - INFO - loss: 1.603374  [ 1344/ 3680]
2024-10-25 16:37:22,627 - INFO - loss: 1.632586  [ 1984/ 3680]
2024-10-25 16:37:29,336 - INFO - loss: 1.470353  [ 2624/ 3680]
2024-10-25 16:37:36,337 - INFO - loss: 1.420871  [ 3264/ 3680]
2024-10-25 16:38:14,848 - INFO - EPOCH 5:
2024-10-25 16:38:15,551 - INFO - loss: 1.446088  [   64/ 3680]
2024-10-25 16:38:21,243 - INFO - loss: 1.708151  [  704/ 3680]
2024-10-25 16:38:26,846 - INFO - loss: 1.415853  [ 1344/ 3680]
2024-10-25 16:38:32,797 - INFO - loss: 1.335952  [ 1984/ 3680]
2024-10-25 16:38:38,580 - INFO - loss: 1.559772  [ 2624/ 3680]
2024-10-25 16:38:44,218 - INFO - loss: 1.659520  [ 3264/ 3680]
2024-10-25 16:39:05,820 - INFO - EPOCH 6:
2024-10-25 16:39:06,385 - INFO - loss: 1.207628  [   64/ 3680]
2024-10-25 16:39:10,450 - INFO - loss: 1.412060  [  704/ 3680]
2024-10-25 16:39:14,546 - INFO - loss: 1.321205  [ 1344/ 3680]
2024-10-25 16:39:18,659 - INFO - loss: 1.321962  [ 1984/ 3680]
2024-10-25 16:39:22,860 - INFO - loss: 1.193917  [ 2624/ 3680]
2024-10-25 16:39:26,964 - INFO - loss: 1.514154  [ 3264/ 3680]
2024-10-25 16:39:47,366 - INFO - EPOCH 7:
2024-10-25 16:39:47,885 - INFO - loss: 1.310443  [   64/ 3680]
2024-10-25 16:39:51,973 - INFO - loss: 1.413132  [  704/ 3680]
2024-10-25 16:39:55,975 - INFO - loss: 1.090140  [ 1344/ 3680]
2024-10-25 16:40:00,201 - INFO - loss: 1.326122  [ 1984/ 3680]
2024-10-25 16:40:04,344 - INFO - loss: 1.338493  [ 2624/ 3680]
2024-10-25 16:40:08,481 - INFO - loss: 1.210029  [ 3264/ 3680]
2024-10-25 16:40:28,799 - INFO - EPOCH 8:
2024-10-25 16:40:29,367 - INFO - loss: 1.186147  [   64/ 3680]
2024-10-25 16:40:33,343 - INFO - loss: 1.111462  [  704/ 3680]
2024-10-25 16:40:37,396 - INFO - loss: 1.167656  [ 1344/ 3680]
2024-10-25 16:40:41,669 - INFO - loss: 1.270936  [ 1984/ 3680]
2024-10-25 16:40:45,732 - INFO - loss: 1.349595  [ 2624/ 3680]
2024-10-25 16:40:49,930 - INFO - loss: 1.390375  [ 3264/ 3680]
2024-10-25 16:41:10,247 - INFO - EPOCH 9:
2024-10-25 16:41:10,787 - INFO - loss: 0.915803  [   64/ 3680]
2024-10-25 16:41:14,865 - INFO - loss: 1.184339  [  704/ 3680]
2024-10-25 16:41:18,890 - INFO - loss: 1.592031  [ 1344/ 3680]
2024-10-25 16:41:23,022 - INFO - loss: 1.217368  [ 1984/ 3680]
2024-10-25 16:41:27,108 - INFO - loss: 1.371586  [ 2624/ 3680]
2024-10-25 16:41:31,043 - INFO - loss: 1.186021  [ 3264/ 3680]
2024-10-25 16:41:51,091 - INFO - EPOCH 10:
2024-10-25 16:41:51,621 - INFO - loss: 0.982877  [   64/ 3680]
2024-10-25 16:41:55,892 - INFO - loss: 1.367922  [  704/ 3680]
2024-10-25 16:42:00,064 - INFO - loss: 1.269360  [ 1344/ 3680]
2024-10-25 16:42:04,335 - INFO - loss: 1.263218  [ 1984/ 3680]
2024-10-25 16:42:08,373 - INFO - loss: 1.162139  [ 2624/ 3680]
2024-10-25 16:42:12,529 - INFO - loss: 0.979105  [ 3264/ 3680]
2024-10-25 16:42:32,728 - INFO - Final Evaluation...
2024-10-25 16:42:50,725 - INFO - Accuracy  54.87% [correct: 2013, total: 3669]
2024-10-25 16:42:50,726 - INFO - Precision: 0.6346147060394287
2024-10-25 16:42:50,727 - INFO - Recall: 0.548345148563385
