2024-10-27 20:11:00,906 - INFO - Model Results will be saved to: model_store/trained_20241027/model_201100
2024-10-27 20:11:01,416 - INFO - Training 10 epochs, lr: 0.001...
2024-10-27 20:11:01,417 - INFO - EPOCH 1:
2024-10-27 20:11:02,621 - INFO - loss: 3.610829  [   64/ 2576]
2024-10-27 20:11:08,029 - INFO - loss: 3.124420  [  704/ 2576]
2024-10-27 20:11:13,568 - INFO - loss: 2.424771  [ 1344/ 2576]
2024-10-27 20:11:19,200 - INFO - loss: 2.294663  [ 1984/ 2576]
2024-10-27 20:11:24,290 - INFO - loss: 1.858042  [  656/ 2576]
2024-10-27 20:11:32,171 - INFO - EPOCH 2:
2024-10-27 20:11:33,000 - INFO - loss: 2.450563  [   64/ 2576]
2024-10-27 20:11:38,382 - INFO - loss: 1.932957  [  704/ 2576]
2024-10-27 20:11:44,336 - INFO - loss: 1.838470  [ 1344/ 2576]
2024-10-27 20:11:50,104 - INFO - loss: 1.481002  [ 1984/ 2576]
2024-10-27 20:11:55,103 - INFO - loss: 2.940535  [  656/ 2576]
2024-10-27 20:12:02,506 - INFO - EPOCH 3:
2024-10-27 20:12:03,000 - INFO - loss: 1.748418  [   64/ 2576]
2024-10-27 20:12:08,675 - INFO - loss: 1.805538  [  704/ 2576]
2024-10-27 20:12:14,092 - INFO - loss: 1.772180  [ 1344/ 2576]
2024-10-27 20:12:19,376 - INFO - loss: 1.644217  [ 1984/ 2576]
2024-10-27 20:12:24,219 - INFO - loss: 2.503095  [  656/ 2576]
2024-10-27 20:12:31,869 - INFO - EPOCH 4:
2024-10-27 20:12:32,354 - INFO - loss: 1.620763  [   64/ 2576]
2024-10-27 20:12:37,908 - INFO - loss: 1.702166  [  704/ 2576]
2024-10-27 20:12:43,616 - INFO - loss: 1.724095  [ 1344/ 2576]
2024-10-27 20:12:48,848 - INFO - loss: 1.321810  [ 1984/ 2576]
2024-10-27 20:12:53,865 - INFO - loss: 1.952224  [  656/ 2576]
2024-10-27 20:13:01,400 - INFO - EPOCH 5:
2024-10-27 20:13:01,944 - INFO - loss: 1.275458  [   64/ 2576]
2024-10-27 20:13:07,439 - INFO - loss: 1.548297  [  704/ 2576]
2024-10-27 20:13:12,697 - INFO - loss: 1.435371  [ 1344/ 2576]
2024-10-27 20:13:17,997 - INFO - loss: 1.323069  [ 1984/ 2576]
2024-10-27 20:13:23,801 - INFO - loss: 1.490985  [  656/ 2576]
2024-10-27 20:13:31,368 - INFO - EPOCH 6:
2024-10-27 20:13:31,865 - INFO - loss: 1.494333  [   64/ 2576]
2024-10-27 20:13:37,193 - INFO - loss: 1.396547  [  704/ 2576]
2024-10-27 20:13:42,883 - INFO - loss: 1.956335  [ 1344/ 2576]
2024-10-27 20:13:48,527 - INFO - loss: 1.646671  [ 1984/ 2576]
2024-10-27 20:13:53,891 - INFO - loss: 1.597054  [  656/ 2576]
2024-10-27 20:14:01,919 - INFO - EPOCH 7:
2024-10-27 20:14:02,524 - INFO - loss: 1.426181  [   64/ 2576]
2024-10-27 20:14:07,708 - INFO - loss: 1.382363  [  704/ 2576]
2024-10-27 20:14:13,158 - INFO - loss: 1.254281  [ 1344/ 2576]
2024-10-27 20:14:18,839 - INFO - loss: 1.164356  [ 1984/ 2576]
2024-10-27 20:14:24,044 - INFO - loss: 2.172195  [  656/ 2576]
2024-10-27 20:14:31,890 - INFO - EPOCH 8:
2024-10-27 20:14:32,550 - INFO - loss: 1.252453  [   64/ 2576]
2024-10-27 20:14:38,594 - INFO - loss: 1.089154  [  704/ 2576]
2024-10-27 20:14:44,399 - INFO - loss: 1.168665  [ 1344/ 2576]
2024-10-27 20:14:49,970 - INFO - loss: 1.165465  [ 1984/ 2576]
2024-10-27 20:14:54,808 - INFO - loss: 1.507936  [  656/ 2576]
2024-10-27 20:15:02,651 - INFO - EPOCH 9:
2024-10-27 20:15:03,183 - INFO - loss: 1.423668  [   64/ 2576]
2024-10-27 20:15:09,175 - INFO - loss: 1.443299  [  704/ 2576]
2024-10-27 20:15:14,824 - INFO - loss: 1.248204  [ 1344/ 2576]
2024-10-27 20:15:20,346 - INFO - loss: 1.066634  [ 1984/ 2576]
2024-10-27 20:15:25,227 - INFO - loss: 1.006257  [  656/ 2576]
2024-10-27 20:15:33,295 - INFO - EPOCH 10:
2024-10-27 20:15:33,888 - INFO - loss: 1.269278  [   64/ 2576]
2024-10-27 20:15:39,506 - INFO - loss: 0.947831  [  704/ 2576]
2024-10-27 20:15:45,143 - INFO - loss: 1.145432  [ 1344/ 2576]
2024-10-27 20:15:50,703 - INFO - loss: 1.178129  [ 1984/ 2576]
2024-10-27 20:15:55,991 - INFO - loss: 1.536426  [  656/ 2576]
2024-10-27 20:16:03,855 - INFO - Final Evaluation...
2024-10-27 20:16:33,737 - INFO - Accuracy  58.41% [correct: 2143, total: 3669]
2024-10-27 20:16:33,737 - INFO - Precision: 0.6299662590026855
2024-10-27 20:16:33,738 - INFO - Recall: 0.5843051671981812
