2024-10-27 19:41:13,695 - INFO - Model Results will be saved to: model_store/trained_20241027/model_194113
2024-10-27 19:41:14,101 - INFO - Training 5 epochs, lr: 0.001...
2024-10-27 19:41:14,101 - INFO - EPOCH 1:
2024-10-27 19:41:15,126 - INFO - loss: 3.656203  [   64/ 2576]
2024-10-27 19:41:18,978 - INFO - loss: 2.336190  [  704/ 2576]
2024-10-27 19:41:23,046 - INFO - loss: 1.870432  [ 1344/ 2576]
2024-10-27 19:41:27,027 - INFO - loss: 2.018915  [ 1984/ 2576]
2024-10-27 19:41:30,874 - INFO - loss: 1.503504  [  656/ 2576]
2024-10-27 19:41:36,974 - INFO - EPOCH 2:
2024-10-27 19:41:37,520 - INFO - loss: 1.383889  [   64/ 2576]
2024-10-27 19:41:41,602 - INFO - loss: 1.332231  [  704/ 2576]
2024-10-27 19:41:45,811 - INFO - loss: 1.083561  [ 1344/ 2576]
2024-10-27 19:41:49,864 - INFO - loss: 1.400590  [ 1984/ 2576]
2024-10-27 19:41:53,395 - INFO - loss: 1.497487  [  656/ 2576]
2024-10-27 19:41:58,976 - INFO - EPOCH 3:
2024-10-27 19:41:59,539 - INFO - loss: 1.054106  [   64/ 2576]
2024-10-27 19:42:03,519 - INFO - loss: 0.798548  [  704/ 2576]
2024-10-27 19:42:07,136 - INFO - loss: 1.040816  [ 1344/ 2576]
2024-10-27 19:42:11,073 - INFO - loss: 0.889723  [ 1984/ 2576]
2024-10-27 19:42:14,862 - INFO - loss: 1.126084  [  656/ 2576]
2024-10-27 19:42:20,800 - INFO - EPOCH 4:
2024-10-27 19:42:21,273 - INFO - loss: 0.891921  [   64/ 2576]
2024-10-27 19:42:25,244 - INFO - loss: 0.840497  [  704/ 2576]
2024-10-27 19:42:29,341 - INFO - loss: 0.781364  [ 1344/ 2576]
2024-10-27 19:42:33,279 - INFO - loss: 0.807144  [ 1984/ 2576]
2024-10-27 19:42:38,208 - INFO - loss: 0.741683  [  656/ 2576]
2024-10-27 19:42:44,359 - INFO - EPOCH 5:
2024-10-27 19:42:45,009 - INFO - loss: 0.582119  [   64/ 2576]
2024-10-27 19:42:50,210 - INFO - loss: 0.771897  [  704/ 2576]
2024-10-27 19:42:55,692 - INFO - loss: 0.699602  [ 1344/ 2576]
2024-10-27 19:43:00,896 - INFO - loss: 0.629337  [ 1984/ 2576]
2024-10-27 19:43:05,504 - INFO - loss: 0.411945  [  656/ 2576]
2024-10-27 19:43:11,724 - INFO - Final Evaluation...
2024-10-27 19:43:36,962 - INFO - Accuracy  58.60% [correct: 2150, total: 3669]
2024-10-27 19:43:36,962 - INFO - Precision: 0.6614745855331421
2024-10-27 19:43:36,963 - INFO - Recall: 0.5859203338623047
