2024-10-27 19:46:16,404 - INFO - Model Results will be saved to: model_store/trained_20241027/model_194616
2024-10-27 19:46:16,791 - INFO - Training 10 epochs, lr: 0.001...
2024-10-27 19:46:16,791 - INFO - EPOCH 1:
2024-10-27 19:46:17,507 - INFO - loss: 3.656203  [   64/ 2576]
2024-10-27 19:46:21,360 - INFO - loss: 2.336190  [  704/ 2576]
2024-10-27 19:46:25,305 - INFO - loss: 1.870432  [ 1344/ 2576]
2024-10-27 19:46:29,063 - INFO - loss: 2.018915  [ 1984/ 2576]
2024-10-27 19:46:33,051 - INFO - loss: 1.503504  [  656/ 2576]
2024-10-27 19:46:38,864 - INFO - EPOCH 2:
2024-10-27 19:46:39,389 - INFO - loss: 1.383889  [   64/ 2576]
2024-10-27 19:46:43,402 - INFO - loss: 1.332231  [  704/ 2576]
2024-10-27 19:46:47,266 - INFO - loss: 1.083561  [ 1344/ 2576]
2024-10-27 19:46:51,100 - INFO - loss: 1.400590  [ 1984/ 2576]
2024-10-27 19:46:54,797 - INFO - loss: 1.497487  [  656/ 2576]
2024-10-27 19:46:59,994 - INFO - EPOCH 3:
2024-10-27 19:47:00,457 - INFO - loss: 1.054106  [   64/ 2576]
2024-10-27 19:47:04,365 - INFO - loss: 0.798548  [  704/ 2576]
2024-10-27 19:47:08,565 - INFO - loss: 1.040816  [ 1344/ 2576]
2024-10-27 19:47:13,416 - INFO - loss: 0.889723  [ 1984/ 2576]
2024-10-27 19:47:17,161 - INFO - loss: 1.126084  [  656/ 2576]
2024-10-27 19:47:23,031 - INFO - EPOCH 4:
2024-10-27 19:47:23,582 - INFO - loss: 0.891921  [   64/ 2576]
2024-10-27 19:47:28,689 - INFO - loss: 0.840497  [  704/ 2576]
2024-10-27 19:47:33,667 - INFO - loss: 0.781364  [ 1344/ 2576]
2024-10-27 19:47:38,757 - INFO - loss: 0.807144  [ 1984/ 2576]
2024-10-27 19:47:43,602 - INFO - loss: 0.741683  [  656/ 2576]
2024-10-27 19:47:49,859 - INFO - EPOCH 5:
2024-10-27 19:47:50,477 - INFO - loss: 0.582119  [   64/ 2576]
2024-10-27 19:47:55,529 - INFO - loss: 0.771897  [  704/ 2576]
2024-10-27 19:48:00,877 - INFO - loss: 0.699602  [ 1344/ 2576]
2024-10-27 19:48:05,947 - INFO - loss: 0.629337  [ 1984/ 2576]
2024-10-27 19:48:10,688 - INFO - loss: 0.411945  [  656/ 2576]
2024-10-27 19:48:16,886 - INFO - EPOCH 6:
2024-10-27 19:48:17,376 - INFO - loss: 0.529605  [   64/ 2576]
2024-10-27 19:48:22,425 - INFO - loss: 0.569721  [  704/ 2576]
2024-10-27 19:48:27,460 - INFO - loss: 0.549990  [ 1344/ 2576]
2024-10-27 19:48:32,550 - INFO - loss: 0.608824  [ 1984/ 2576]
2024-10-27 19:48:37,186 - INFO - loss: 0.759913  [  656/ 2576]
2024-10-27 19:48:43,384 - INFO - EPOCH 7:
2024-10-27 19:48:43,912 - INFO - loss: 0.604746  [   64/ 2576]
2024-10-27 19:48:49,081 - INFO - loss: 0.644821  [  704/ 2576]
2024-10-27 19:48:54,111 - INFO - loss: 0.543258  [ 1344/ 2576]
2024-10-27 19:48:59,174 - INFO - loss: 0.599493  [ 1984/ 2576]
2024-10-27 19:49:03,867 - INFO - loss: 0.584655  [  656/ 2576]
2024-10-27 19:49:10,056 - INFO - EPOCH 8:
2024-10-27 19:49:10,606 - INFO - loss: 0.433202  [   64/ 2576]
2024-10-27 19:49:14,929 - INFO - loss: 0.459470  [  704/ 2576]
2024-10-27 19:49:18,931 - INFO - loss: 0.460836  [ 1344/ 2576]
2024-10-27 19:49:23,453 - INFO - loss: 0.397743  [ 1984/ 2576]
2024-10-27 19:49:28,229 - INFO - loss: 0.834595  [  656/ 2576]
2024-10-27 19:49:34,485 - INFO - EPOCH 9:
2024-10-27 19:49:35,004 - INFO - loss: 0.333729  [   64/ 2576]
2024-10-27 19:49:40,116 - INFO - loss: 0.532854  [  704/ 2576]
2024-10-27 19:49:45,323 - INFO - loss: 0.440282  [ 1344/ 2576]
2024-10-27 19:49:50,325 - INFO - loss: 0.270643  [ 1984/ 2576]
2024-10-27 19:49:54,935 - INFO - loss: 0.607873  [  656/ 2576]
2024-10-27 19:50:01,169 - INFO - EPOCH 10:
2024-10-27 19:50:01,685 - INFO - loss: 0.322361  [   64/ 2576]
2024-10-27 19:50:06,710 - INFO - loss: 0.226125  [  704/ 2576]
2024-10-27 19:50:11,830 - INFO - loss: 0.387277  [ 1344/ 2576]
2024-10-27 19:50:17,137 - INFO - loss: 0.356966  [ 1984/ 2576]
2024-10-27 19:50:22,228 - INFO - loss: 0.488108  [  656/ 2576]
2024-10-27 19:50:28,766 - INFO - Final Evaluation...
2024-10-27 19:50:51,976 - INFO - Accuracy  69.39% [correct: 2546, total: 3669]
2024-10-27 19:50:51,977 - INFO - Precision: 0.7189804911613464
2024-10-27 19:50:51,977 - INFO - Recall: 0.6932759284973145
