2024-10-28 11:27:05,362 - INFO - Model Results will be saved to: model_store/trained_20241028/model_112705
2024-10-28 11:27:05,877 - INFO - Training 100 epochs, lr: 1e-05...
2024-10-28 11:27:05,877 - INFO - EPOCH 1:
2024-10-28 11:27:07,817 - INFO - loss: 3.610829  [   64/ 2576]
2024-10-28 11:27:16,941 - INFO - loss: 3.632601  [  704/ 2576]
2024-10-28 11:27:25,859 - INFO - loss: 3.563177  [ 1344/ 2576]
2024-10-28 11:27:34,407 - INFO - loss: 3.607868  [ 1984/ 2576]
2024-10-28 11:27:42,096 - INFO - loss: 3.600953  [  656/ 2576]
2024-10-28 11:27:55,004 - INFO - EPOCH 2:
2024-10-28 11:27:55,468 - INFO - loss: 3.585716  [   64/ 2576]
2024-10-28 11:27:59,806 - INFO - loss: 3.560520  [  704/ 2576]
2024-10-28 11:28:03,899 - INFO - loss: 3.618780  [ 1344/ 2576]
2024-10-28 11:28:08,153 - INFO - loss: 3.570992  [ 1984/ 2576]
2024-10-28 11:28:11,939 - INFO - loss: 3.544011  [  656/ 2576]
2024-10-28 11:28:18,047 - INFO - EPOCH 3:
2024-10-28 11:28:18,572 - INFO - loss: 3.592691  [   64/ 2576]
2024-10-28 11:28:22,789 - INFO - loss: 3.570620  [  704/ 2576]
2024-10-28 11:28:26,869 - INFO - loss: 3.590147  [ 1344/ 2576]
2024-10-28 11:28:30,912 - INFO - loss: 3.534734  [ 1984/ 2576]
2024-10-28 11:28:35,010 - INFO - loss: 3.477833  [  656/ 2576]
2024-10-28 11:28:41,086 - INFO - EPOCH 4:
2024-10-28 11:28:41,481 - INFO - loss: 3.527726  [   64/ 2576]
2024-10-28 11:28:45,669 - INFO - loss: 3.552727  [  704/ 2576]
2024-10-28 11:28:49,907 - INFO - loss: 3.506916  [ 1344/ 2576]
2024-10-28 11:28:54,031 - INFO - loss: 3.473607  [ 1984/ 2576]
2024-10-28 11:28:57,819 - INFO - loss: 3.610552  [  656/ 2576]
2024-10-28 11:29:03,999 - INFO - EPOCH 5:
2024-10-28 11:29:04,540 - INFO - loss: 3.504997  [   64/ 2576]
2024-10-28 11:29:08,802 - INFO - loss: 3.406766  [  704/ 2576]
2024-10-28 11:29:13,050 - INFO - loss: 3.417032  [ 1344/ 2576]
2024-10-28 11:29:17,181 - INFO - loss: 3.419542  [ 1984/ 2576]
2024-10-28 11:29:20,939 - INFO - loss: 3.502070  [  656/ 2576]
2024-10-28 11:29:26,950 - INFO - EPOCH 6:
2024-10-28 11:29:27,544 - INFO - loss: 3.386563  [   64/ 2576]
2024-10-28 11:29:31,626 - INFO - loss: 3.333387  [  704/ 2576]
2024-10-28 11:29:35,715 - INFO - loss: 3.411969  [ 1344/ 2576]
2024-10-28 11:29:39,853 - INFO - loss: 3.314492  [ 1984/ 2576]
2024-10-28 11:29:43,646 - INFO - loss: 3.300281  [  656/ 2576]
2024-10-28 11:29:50,218 - INFO - EPOCH 7:
2024-10-28 11:29:50,824 - INFO - loss: 3.200803  [   64/ 2576]
2024-10-28 11:29:55,081 - INFO - loss: 3.327129  [  704/ 2576]
2024-10-28 11:29:59,024 - INFO - loss: 3.234646  [ 1344/ 2576]
2024-10-28 11:30:03,135 - INFO - loss: 3.201908  [ 1984/ 2576]
2024-10-28 11:30:06,977 - INFO - loss: 3.282616  [  656/ 2576]
2024-10-28 11:30:13,169 - INFO - EPOCH 8:
2024-10-28 11:30:13,708 - INFO - loss: 3.122414  [   64/ 2576]
2024-10-28 11:30:17,783 - INFO - loss: 3.173368  [  704/ 2576]
2024-10-28 11:30:21,898 - INFO - loss: 3.031997  [ 1344/ 2576]
2024-10-28 11:30:26,002 - INFO - loss: 2.996902  [ 1984/ 2576]
2024-10-28 11:30:29,704 - INFO - loss: 3.152467  [  656/ 2576]
2024-10-28 11:30:35,468 - INFO - EPOCH 9:
2024-10-28 11:30:35,975 - INFO - loss: 2.977365  [   64/ 2576]
2024-10-28 11:30:40,025 - INFO - loss: 3.034031  [  704/ 2576]
2024-10-28 11:30:44,066 - INFO - loss: 2.888152  [ 1344/ 2576]
2024-10-28 11:30:48,183 - INFO - loss: 2.922985  [ 1984/ 2576]
2024-10-28 11:30:52,050 - INFO - loss: 2.887017  [  656/ 2576]
2024-10-28 11:30:58,072 - INFO - EPOCH 10:
2024-10-28 11:30:58,644 - INFO - loss: 2.871186  [   64/ 2576]
2024-10-28 11:31:02,800 - INFO - loss: 2.869313  [  704/ 2576]
2024-10-28 11:31:06,872 - INFO - loss: 2.719044  [ 1344/ 2576]
2024-10-28 11:31:11,070 - INFO - loss: 2.728345  [ 1984/ 2576]
2024-10-28 11:31:14,832 - INFO - loss: 2.660971  [  656/ 2576]
2024-10-28 11:31:21,021 - INFO - EPOCH 11:
2024-10-28 11:31:21,506 - INFO - loss: 2.653242  [   64/ 2576]
2024-10-28 11:31:25,639 - INFO - loss: 2.645501  [  704/ 2576]
2024-10-28 11:31:29,638 - INFO - loss: 2.580849  [ 1344/ 2576]
2024-10-28 11:31:33,614 - INFO - loss: 2.471545  [ 1984/ 2576]
2024-10-28 11:31:37,585 - INFO - loss: 2.448358  [  656/ 2576]
2024-10-28 11:31:43,736 - INFO - EPOCH 12:
2024-10-28 11:31:44,264 - INFO - loss: 2.473910  [   64/ 2576]
2024-10-28 11:31:48,372 - INFO - loss: 2.443815  [  704/ 2576]
2024-10-28 11:31:52,465 - INFO - loss: 2.413361  [ 1344/ 2576]
2024-10-28 11:31:56,700 - INFO - loss: 2.427571  [ 1984/ 2576]
2024-10-28 11:32:00,441 - INFO - loss: 2.532960  [  656/ 2576]
2024-10-28 11:32:06,665 - INFO - EPOCH 13:
2024-10-28 11:32:07,229 - INFO - loss: 2.460651  [   64/ 2576]
2024-10-28 11:32:11,399 - INFO - loss: 2.380693  [  704/ 2576]
2024-10-28 11:32:15,612 - INFO - loss: 2.311578  [ 1344/ 2576]
2024-10-28 11:32:19,639 - INFO - loss: 2.110711  [ 1984/ 2576]
2024-10-28 11:32:23,454 - INFO - loss: 2.517747  [  656/ 2576]
2024-10-28 11:32:29,324 - INFO - EPOCH 14:
2024-10-28 11:32:29,710 - INFO - loss: 2.019195  [   64/ 2576]
2024-10-28 11:32:33,665 - INFO - loss: 2.018916  [  704/ 2576]
2024-10-28 11:32:37,803 - INFO - loss: 2.046863  [ 1344/ 2576]
2024-10-28 11:32:41,826 - INFO - loss: 1.982996  [ 1984/ 2576]
2024-10-28 11:32:45,647 - INFO - loss: 2.285977  [  656/ 2576]
2024-10-28 11:32:52,000 - INFO - EPOCH 15:
2024-10-28 11:32:52,534 - INFO - loss: 1.998364  [   64/ 2576]
2024-10-28 11:32:56,660 - INFO - loss: 2.023950  [  704/ 2576]
2024-10-28 11:33:00,841 - INFO - loss: 1.876495  [ 1344/ 2576]
2024-10-28 11:33:05,048 - INFO - loss: 1.937042  [ 1984/ 2576]
2024-10-28 11:33:08,893 - INFO - loss: 2.295294  [  656/ 2576]
2024-10-28 11:33:14,725 - INFO - EPOCH 16:
2024-10-28 11:33:15,225 - INFO - loss: 1.963972  [   64/ 2576]
2024-10-28 11:33:19,250 - INFO - loss: 1.964928  [  704/ 2576]
2024-10-28 11:33:23,469 - INFO - loss: 1.993125  [ 1344/ 2576]
2024-10-28 11:33:27,755 - INFO - loss: 1.908254  [ 1984/ 2576]
2024-10-28 11:33:31,653 - INFO - loss: 1.978871  [  656/ 2576]
2024-10-28 11:33:37,634 - INFO - EPOCH 17:
2024-10-28 11:33:38,146 - INFO - loss: 1.882541  [   64/ 2576]
2024-10-28 11:33:42,388 - INFO - loss: 1.776561  [  704/ 2576]
2024-10-28 11:33:46,338 - INFO - loss: 1.817940  [ 1344/ 2576]
2024-10-28 11:33:50,448 - INFO - loss: 1.716601  [ 1984/ 2576]
2024-10-28 11:33:54,268 - INFO - loss: 2.252832  [  656/ 2576]
2024-10-28 11:34:00,612 - INFO - EPOCH 18:
2024-10-28 11:34:01,199 - INFO - loss: 1.817033  [   64/ 2576]
2024-10-28 11:34:05,254 - INFO - loss: 1.812834  [  704/ 2576]
2024-10-28 11:34:09,377 - INFO - loss: 1.840949  [ 1344/ 2576]
2024-10-28 11:34:13,412 - INFO - loss: 1.603212  [ 1984/ 2576]
2024-10-28 11:34:17,122 - INFO - loss: 1.657272  [  656/ 2576]
2024-10-28 11:34:23,198 - INFO - EPOCH 19:
2024-10-28 11:34:23,605 - INFO - loss: 1.594646  [   64/ 2576]
2024-10-28 11:34:27,692 - INFO - loss: 1.600210  [  704/ 2576]
2024-10-28 11:34:31,707 - INFO - loss: 1.608456  [ 1344/ 2576]
2024-10-28 11:34:35,887 - INFO - loss: 1.721909  [ 1984/ 2576]
2024-10-28 11:34:39,738 - INFO - loss: 1.784577  [  656/ 2576]
2024-10-28 11:34:45,979 - INFO - EPOCH 20:
2024-10-28 11:34:46,508 - INFO - loss: 1.565986  [   64/ 2576]
2024-10-28 11:34:50,577 - INFO - loss: 1.681435  [  704/ 2576]
2024-10-28 11:34:54,738 - INFO - loss: 1.483264  [ 1344/ 2576]
2024-10-28 11:34:58,881 - INFO - loss: 1.559892  [ 1984/ 2576]
2024-10-28 11:35:02,723 - INFO - loss: 1.867963  [  656/ 2576]
2024-10-28 11:35:08,936 - INFO - EPOCH 21:
2024-10-28 11:35:09,491 - INFO - loss: 1.381450  [   64/ 2576]
2024-10-28 11:35:13,825 - INFO - loss: 1.785555  [  704/ 2576]
2024-10-28 11:35:18,078 - INFO - loss: 1.465758  [ 1344/ 2576]
2024-10-28 11:35:22,107 - INFO - loss: 1.347287  [ 1984/ 2576]
2024-10-28 11:35:25,844 - INFO - loss: 1.749578  [  656/ 2576]
2024-10-28 11:35:32,088 - INFO - EPOCH 22:
2024-10-28 11:35:32,613 - INFO - loss: 1.571635  [   64/ 2576]
2024-10-28 11:35:36,735 - INFO - loss: 1.431226  [  704/ 2576]
2024-10-28 11:35:40,799 - INFO - loss: 1.436513  [ 1344/ 2576]
2024-10-28 11:35:44,825 - INFO - loss: 1.620179  [ 1984/ 2576]
2024-10-28 11:35:48,757 - INFO - loss: 1.655219  [  656/ 2576]
2024-10-28 11:35:55,250 - INFO - EPOCH 23:
2024-10-28 11:35:55,791 - INFO - loss: 1.283224  [   64/ 2576]
2024-10-28 11:35:59,964 - INFO - loss: 1.419951  [  704/ 2576]
2024-10-28 11:36:03,950 - INFO - loss: 1.091318  [ 1344/ 2576]
2024-10-28 11:36:08,133 - INFO - loss: 1.410163  [ 1984/ 2576]
2024-10-28 11:36:11,924 - INFO - loss: 1.447628  [  656/ 2576]
2024-10-28 11:36:18,078 - INFO - EPOCH 24:
2024-10-28 11:36:18,593 - INFO - loss: 1.247969  [   64/ 2576]
2024-10-28 11:36:22,712 - INFO - loss: 1.214676  [  704/ 2576]
2024-10-28 11:36:26,849 - INFO - loss: 1.243384  [ 1344/ 2576]
2024-10-28 11:36:30,897 - INFO - loss: 1.295988  [ 1984/ 2576]
2024-10-28 11:36:34,587 - INFO - loss: 2.037012  [  656/ 2576]
2024-10-28 11:36:41,025 - INFO - EPOCH 25:
2024-10-28 11:36:41,564 - INFO - loss: 1.220183  [   64/ 2576]
2024-10-28 11:36:45,676 - INFO - loss: 1.479367  [  704/ 2576]
2024-10-28 11:36:49,669 - INFO - loss: 1.023056  [ 1344/ 2576]
2024-10-28 11:36:53,713 - INFO - loss: 1.118535  [ 1984/ 2576]
2024-10-28 11:36:57,492 - INFO - loss: 1.699625  [  656/ 2576]
2024-10-28 11:37:03,915 - INFO - EPOCH 26:
2024-10-28 11:37:04,386 - INFO - loss: 1.179551  [   64/ 2576]
2024-10-28 11:37:08,440 - INFO - loss: 1.474823  [  704/ 2576]
2024-10-28 11:37:12,601 - INFO - loss: 1.534796  [ 1344/ 2576]
2024-10-28 11:37:16,626 - INFO - loss: 1.183797  [ 1984/ 2576]
2024-10-28 11:37:20,234 - INFO - loss: 1.678713  [  656/ 2576]
2024-10-28 11:37:26,360 - INFO - EPOCH 27:
2024-10-28 11:37:26,932 - INFO - loss: 1.134439  [   64/ 2576]
2024-10-28 11:37:30,868 - INFO - loss: 1.412468  [  704/ 2576]
2024-10-28 11:37:34,806 - INFO - loss: 1.438524  [ 1344/ 2576]
2024-10-28 11:37:38,827 - INFO - loss: 0.940958  [ 1984/ 2576]
2024-10-28 11:37:42,621 - INFO - loss: 1.048462  [  656/ 2576]
2024-10-28 11:37:48,750 - INFO - EPOCH 28:
2024-10-28 11:37:49,281 - INFO - loss: 0.977297  [   64/ 2576]
2024-10-28 11:37:53,350 - INFO - loss: 1.225380  [  704/ 2576]
2024-10-28 11:37:57,471 - INFO - loss: 1.036124  [ 1344/ 2576]
2024-10-28 11:38:01,482 - INFO - loss: 1.336814  [ 1984/ 2576]
2024-10-28 11:38:05,331 - INFO - loss: 1.634900  [  656/ 2576]
2024-10-28 11:38:11,526 - INFO - EPOCH 29:
2024-10-28 11:38:12,109 - INFO - loss: 1.206533  [   64/ 2576]
2024-10-28 11:38:16,313 - INFO - loss: 1.073835  [  704/ 2576]
2024-10-28 11:38:20,310 - INFO - loss: 1.490316  [ 1344/ 2576]
2024-10-28 11:38:24,520 - INFO - loss: 1.087460  [ 1984/ 2576]
2024-10-28 11:38:28,258 - INFO - loss: 1.397265  [  656/ 2576]
2024-10-28 11:38:34,592 - INFO - EPOCH 30:
2024-10-28 11:38:35,147 - INFO - loss: 1.038713  [   64/ 2576]
2024-10-28 11:38:39,178 - INFO - loss: 0.957697  [  704/ 2576]
2024-10-28 11:38:43,243 - INFO - loss: 0.983949  [ 1344/ 2576]
2024-10-28 11:38:47,357 - INFO - loss: 1.177923  [ 1984/ 2576]
2024-10-28 11:38:51,392 - INFO - loss: 1.097297  [  656/ 2576]
2024-10-28 11:38:57,541 - INFO - EPOCH 31:
2024-10-28 11:38:58,084 - INFO - loss: 0.873054  [   64/ 2576]
2024-10-28 11:39:02,256 - INFO - loss: 0.889650  [  704/ 2576]
2024-10-28 11:39:06,268 - INFO - loss: 0.981193  [ 1344/ 2576]
2024-10-28 11:39:10,338 - INFO - loss: 1.327186  [ 1984/ 2576]
2024-10-28 11:39:14,125 - INFO - loss: 1.180641  [  656/ 2576]
2024-10-28 11:39:20,289 - INFO - EPOCH 32:
2024-10-28 11:39:20,802 - INFO - loss: 0.926691  [   64/ 2576]
2024-10-28 11:39:25,043 - INFO - loss: 0.926270  [  704/ 2576]
2024-10-28 11:39:29,257 - INFO - loss: 1.106782  [ 1344/ 2576]
2024-10-28 11:39:33,364 - INFO - loss: 1.163740  [ 1984/ 2576]
2024-10-28 11:39:37,189 - INFO - loss: 1.256505  [  656/ 2576]
2024-10-28 11:39:43,407 - INFO - EPOCH 33:
2024-10-28 11:39:43,922 - INFO - loss: 1.075588  [   64/ 2576]
2024-10-28 11:39:48,136 - INFO - loss: 1.018328  [  704/ 2576]
2024-10-28 11:39:52,233 - INFO - loss: 1.206225  [ 1344/ 2576]
2024-10-28 11:39:56,319 - INFO - loss: 1.114171  [ 1984/ 2576]
2024-10-28 11:40:00,136 - INFO - loss: 1.251426  [  656/ 2576]
2024-10-28 11:40:06,686 - INFO - EPOCH 34:
2024-10-28 11:40:07,251 - INFO - loss: 0.895939  [   64/ 2576]
2024-10-28 11:40:11,296 - INFO - loss: 1.158985  [  704/ 2576]
2024-10-28 11:40:15,409 - INFO - loss: 0.924358  [ 1344/ 2576]
2024-10-28 11:40:19,418 - INFO - loss: 0.871127  [ 1984/ 2576]
2024-10-28 11:40:23,271 - INFO - loss: 1.632492  [  656/ 2576]
2024-10-28 11:40:29,168 - INFO - EPOCH 35:
2024-10-28 11:40:29,584 - INFO - loss: 0.948503  [   64/ 2576]
2024-10-28 11:40:33,710 - INFO - loss: 1.387083  [  704/ 2576]
2024-10-28 11:40:38,016 - INFO - loss: 0.804352  [ 1344/ 2576]
2024-10-28 11:40:42,070 - INFO - loss: 1.007678  [ 1984/ 2576]
2024-10-28 11:40:45,856 - INFO - loss: 0.904778  [  656/ 2576]
2024-10-28 11:40:52,017 - INFO - EPOCH 36:
2024-10-28 11:40:52,567 - INFO - loss: 0.906185  [   64/ 2576]
2024-10-28 11:40:56,674 - INFO - loss: 0.849889  [  704/ 2576]
2024-10-28 11:41:00,763 - INFO - loss: 0.950508  [ 1344/ 2576]
2024-10-28 11:41:04,873 - INFO - loss: 0.774019  [ 1984/ 2576]
2024-10-28 11:41:08,703 - INFO - loss: 1.218735  [  656/ 2576]
2024-10-28 11:41:15,197 - INFO - EPOCH 37:
2024-10-28 11:41:15,714 - INFO - loss: 1.113007  [   64/ 2576]
2024-10-28 11:41:19,913 - INFO - loss: 0.915253  [  704/ 2576]
2024-10-28 11:41:24,028 - INFO - loss: 0.938248  [ 1344/ 2576]
2024-10-28 11:41:28,016 - INFO - loss: 0.832436  [ 1984/ 2576]
2024-10-28 11:41:31,688 - INFO - loss: 1.237096  [  656/ 2576]
2024-10-28 11:41:37,786 - INFO - EPOCH 38:
2024-10-28 11:41:38,288 - INFO - loss: 1.097165  [   64/ 2576]
2024-10-28 11:41:42,473 - INFO - loss: 0.978224  [  704/ 2576]
2024-10-28 11:41:46,474 - INFO - loss: 0.867355  [ 1344/ 2576]
2024-10-28 11:41:50,727 - INFO - loss: 1.206436  [ 1984/ 2576]
2024-10-28 11:41:54,585 - INFO - loss: 1.468575  [  656/ 2576]
2024-10-28 11:42:00,672 - INFO - EPOCH 39:
2024-10-28 11:42:01,217 - INFO - loss: 0.774539  [   64/ 2576]
2024-10-28 11:42:05,377 - INFO - loss: 0.992608  [  704/ 2576]
2024-10-28 11:42:09,407 - INFO - loss: 0.863850  [ 1344/ 2576]
2024-10-28 11:42:13,511 - INFO - loss: 0.957106  [ 1984/ 2576]
2024-10-28 11:42:17,331 - INFO - loss: 1.161102  [  656/ 2576]
2024-10-28 11:42:23,460 - INFO - EPOCH 40:
2024-10-28 11:42:23,977 - INFO - loss: 0.857891  [   64/ 2576]
2024-10-28 11:42:28,345 - INFO - loss: 0.902971  [  704/ 2576]
2024-10-28 11:42:32,563 - INFO - loss: 1.007875  [ 1344/ 2576]
2024-10-28 11:42:36,749 - INFO - loss: 0.979414  [ 1984/ 2576]
2024-10-28 11:42:40,690 - INFO - loss: 1.375586  [  656/ 2576]
2024-10-28 11:42:47,111 - INFO - EPOCH 41:
2024-10-28 11:42:47,648 - INFO - loss: 1.076057  [   64/ 2576]
2024-10-28 11:42:51,724 - INFO - loss: 0.751576  [  704/ 2576]
2024-10-28 11:42:55,803 - INFO - loss: 0.907560  [ 1344/ 2576]
2024-10-28 11:42:59,990 - INFO - loss: 1.036344  [ 1984/ 2576]
2024-10-28 11:43:04,090 - INFO - loss: 1.180936  [  656/ 2576]
2024-10-28 11:43:10,414 - INFO - EPOCH 42:
2024-10-28 11:43:10,829 - INFO - loss: 0.808044  [   64/ 2576]
2024-10-28 11:43:15,060 - INFO - loss: 0.658814  [  704/ 2576]
2024-10-28 11:43:19,416 - INFO - loss: 0.929205  [ 1344/ 2576]
2024-10-28 11:43:24,192 - INFO - loss: 0.981414  [ 1984/ 2576]
2024-10-28 11:43:28,262 - INFO - loss: 1.175861  [  656/ 2576]
2024-10-28 11:43:34,982 - INFO - EPOCH 43:
2024-10-28 11:43:35,504 - INFO - loss: 0.766621  [   64/ 2576]
2024-10-28 11:43:40,036 - INFO - loss: 0.900726  [  704/ 2576]
2024-10-28 11:43:44,368 - INFO - loss: 1.065469  [ 1344/ 2576]
2024-10-28 11:43:49,048 - INFO - loss: 1.034460  [ 1984/ 2576]
2024-10-28 11:43:52,918 - INFO - loss: 1.424967  [  656/ 2576]
2024-10-28 11:43:59,476 - INFO - EPOCH 44:
2024-10-28 11:43:59,988 - INFO - loss: 0.929838  [   64/ 2576]
2024-10-28 11:44:04,665 - INFO - loss: 0.899814  [  704/ 2576]
2024-10-28 11:44:09,092 - INFO - loss: 0.836174  [ 1344/ 2576]
2024-10-28 11:44:13,761 - INFO - loss: 0.829637  [ 1984/ 2576]
2024-10-28 11:44:17,696 - INFO - loss: 1.253377  [  656/ 2576]
2024-10-28 11:44:24,413 - INFO - EPOCH 45:
2024-10-28 11:44:25,017 - INFO - loss: 0.813587  [   64/ 2576]
2024-10-28 11:44:29,444 - INFO - loss: 0.944211  [  704/ 2576]
2024-10-28 11:44:33,679 - INFO - loss: 0.889994  [ 1344/ 2576]
2024-10-28 11:44:38,054 - INFO - loss: 0.969705  [ 1984/ 2576]
2024-10-28 11:44:41,926 - INFO - loss: 1.112836  [  656/ 2576]
2024-10-28 11:44:48,507 - INFO - EPOCH 46:
2024-10-28 11:44:49,047 - INFO - loss: 0.882590  [   64/ 2576]
2024-10-28 11:44:53,497 - INFO - loss: 0.797857  [  704/ 2576]
2024-10-28 11:44:57,748 - INFO - loss: 0.665915  [ 1344/ 2576]
2024-10-28 11:45:02,277 - INFO - loss: 0.814576  [ 1984/ 2576]
2024-10-28 11:45:06,460 - INFO - loss: 2.220591  [  656/ 2576]
2024-10-28 11:45:13,160 - INFO - EPOCH 47:
2024-10-28 11:45:13,571 - INFO - loss: 0.835764  [   64/ 2576]
2024-10-28 11:45:18,051 - INFO - loss: 0.638925  [  704/ 2576]
2024-10-28 11:45:22,751 - INFO - loss: 0.654214  [ 1344/ 2576]
2024-10-28 11:45:27,132 - INFO - loss: 0.908500  [ 1984/ 2576]
2024-10-28 11:45:31,263 - INFO - loss: 1.689609  [  656/ 2576]
2024-10-28 11:45:37,969 - INFO - EPOCH 48:
2024-10-28 11:45:38,474 - INFO - loss: 0.898795  [   64/ 2576]
2024-10-28 11:45:42,665 - INFO - loss: 0.741117  [  704/ 2576]
2024-10-28 11:45:47,154 - INFO - loss: 0.622051  [ 1344/ 2576]
2024-10-28 11:45:51,456 - INFO - loss: 0.643876  [ 1984/ 2576]
2024-10-28 11:45:55,431 - INFO - loss: 1.217432  [  656/ 2576]
2024-10-28 11:46:02,144 - INFO - EPOCH 49:
2024-10-28 11:46:02,636 - INFO - loss: 0.871078  [   64/ 2576]
2024-10-28 11:46:06,908 - INFO - loss: 0.648181  [  704/ 2576]
2024-10-28 11:46:11,321 - INFO - loss: 0.639694  [ 1344/ 2576]
2024-10-28 11:46:15,778 - INFO - loss: 0.848949  [ 1984/ 2576]
2024-10-28 11:46:19,829 - INFO - loss: 1.129450  [  656/ 2576]
2024-10-28 11:46:26,457 - INFO - EPOCH 50:
2024-10-28 11:46:27,061 - INFO - loss: 0.716453  [   64/ 2576]
2024-10-28 11:46:31,498 - INFO - loss: 0.717050  [  704/ 2576]
2024-10-28 11:46:35,925 - INFO - loss: 0.611253  [ 1344/ 2576]
2024-10-28 11:46:40,372 - INFO - loss: 0.744898  [ 1984/ 2576]
2024-10-28 11:46:44,570 - INFO - loss: 1.326943  [  656/ 2576]
2024-10-28 11:46:51,687 - INFO - EPOCH 51:
2024-10-28 11:46:52,191 - INFO - loss: 0.949004  [   64/ 2576]
2024-10-28 11:46:56,400 - INFO - loss: 0.823881  [  704/ 2576]
2024-10-28 11:47:00,933 - INFO - loss: 0.712555  [ 1344/ 2576]
2024-10-28 11:47:05,204 - INFO - loss: 0.831939  [ 1984/ 2576]
2024-10-28 11:47:09,385 - INFO - loss: 1.039363  [  656/ 2576]
2024-10-28 11:47:15,809 - INFO - EPOCH 52:
2024-10-28 11:47:16,304 - INFO - loss: 0.766972  [   64/ 2576]
2024-10-28 11:47:20,588 - INFO - loss: 0.954696  [  704/ 2576]
2024-10-28 11:47:25,511 - INFO - loss: 1.472219  [ 1344/ 2576]
2024-10-28 11:47:29,883 - INFO - loss: 0.727237  [ 1984/ 2576]
2024-10-28 11:47:34,090 - INFO - loss: 0.906339  [  656/ 2576]
2024-10-28 11:47:40,576 - INFO - EPOCH 53:
2024-10-28 11:47:41,062 - INFO - loss: 0.844654  [   64/ 2576]
2024-10-28 11:47:45,400 - INFO - loss: 0.661217  [  704/ 2576]
2024-10-28 11:47:49,476 - INFO - loss: 0.847786  [ 1344/ 2576]
2024-10-28 11:47:53,626 - INFO - loss: 0.504298  [ 1984/ 2576]
2024-10-28 11:47:57,537 - INFO - loss: 1.268935  [  656/ 2576]
2024-10-28 11:48:03,810 - INFO - EPOCH 54:
2024-10-28 11:48:04,237 - INFO - loss: 0.742969  [   64/ 2576]
2024-10-28 11:48:08,441 - INFO - loss: 0.716613  [  704/ 2576]
2024-10-28 11:48:12,532 - INFO - loss: 0.883329  [ 1344/ 2576]
2024-10-28 11:48:16,476 - INFO - loss: 0.706737  [ 1984/ 2576]
2024-10-28 11:48:20,204 - INFO - loss: 0.803220  [  656/ 2576]
2024-10-28 11:48:26,366 - INFO - EPOCH 55:
2024-10-28 11:48:26,936 - INFO - loss: 0.797205  [   64/ 2576]
2024-10-28 11:48:31,008 - INFO - loss: 0.641380  [  704/ 2576]
2024-10-28 11:48:35,024 - INFO - loss: 0.990716  [ 1344/ 2576]
2024-10-28 11:48:39,209 - INFO - loss: 0.665731  [ 1984/ 2576]
2024-10-28 11:48:43,109 - INFO - loss: 0.869582  [  656/ 2576]
2024-10-28 11:48:49,395 - INFO - EPOCH 56:
2024-10-28 11:48:49,932 - INFO - loss: 0.845736  [   64/ 2576]
2024-10-28 11:48:53,979 - INFO - loss: 0.602230  [  704/ 2576]
2024-10-28 11:48:58,132 - INFO - loss: 0.670861  [ 1344/ 2576]
2024-10-28 11:49:02,072 - INFO - loss: 0.569029  [ 1984/ 2576]
2024-10-28 11:49:05,930 - INFO - loss: 0.901734  [  656/ 2576]
2024-10-28 11:49:12,135 - INFO - EPOCH 57:
2024-10-28 11:49:12,692 - INFO - loss: 0.538833  [   64/ 2576]
2024-10-28 11:49:16,993 - INFO - loss: 0.641397  [  704/ 2576]
2024-10-28 11:49:21,012 - INFO - loss: 0.811051  [ 1344/ 2576]
2024-10-28 11:49:25,011 - INFO - loss: 0.661121  [ 1984/ 2576]
2024-10-28 11:49:28,708 - INFO - loss: 1.088961  [  656/ 2576]
2024-10-28 11:49:34,922 - INFO - EPOCH 58:
2024-10-28 11:49:35,502 - INFO - loss: 0.899921  [   64/ 2576]
2024-10-28 11:49:39,592 - INFO - loss: 0.799694  [  704/ 2576]
2024-10-28 11:49:43,632 - INFO - loss: 0.529375  [ 1344/ 2576]
2024-10-28 11:49:47,625 - INFO - loss: 0.717967  [ 1984/ 2576]
2024-10-28 11:49:51,434 - INFO - loss: 0.665104  [  656/ 2576]
2024-10-28 11:49:57,704 - INFO - EPOCH 59:
2024-10-28 11:49:58,261 - INFO - loss: 0.786270  [   64/ 2576]
2024-10-28 11:50:02,327 - INFO - loss: 0.662277  [  704/ 2576]
2024-10-28 11:50:06,422 - INFO - loss: 0.891897  [ 1344/ 2576]
2024-10-28 11:50:10,483 - INFO - loss: 0.536470  [ 1984/ 2576]
2024-10-28 11:50:14,323 - INFO - loss: 0.607297  [  656/ 2576]
2024-10-28 11:50:20,641 - INFO - EPOCH 60:
2024-10-28 11:50:21,167 - INFO - loss: 0.826434  [   64/ 2576]
2024-10-28 11:50:25,286 - INFO - loss: 0.753724  [  704/ 2576]
2024-10-28 11:50:29,452 - INFO - loss: 0.684125  [ 1344/ 2576]
2024-10-28 11:50:33,642 - INFO - loss: 0.667454  [ 1984/ 2576]
2024-10-28 11:50:37,526 - INFO - loss: 0.840153  [  656/ 2576]
2024-10-28 11:50:43,694 - INFO - EPOCH 61:
2024-10-28 11:50:44,250 - INFO - loss: 0.571895  [   64/ 2576]
2024-10-28 11:50:48,276 - INFO - loss: 0.728548  [  704/ 2576]
2024-10-28 11:50:52,351 - INFO - loss: 0.872472  [ 1344/ 2576]
2024-10-28 11:50:56,444 - INFO - loss: 0.616250  [ 1984/ 2576]
2024-10-28 11:51:00,096 - INFO - loss: 0.914276  [  656/ 2576]
2024-10-28 11:51:06,480 - INFO - EPOCH 62:
2024-10-28 11:51:07,073 - INFO - loss: 0.798837  [   64/ 2576]
2024-10-28 11:51:11,193 - INFO - loss: 0.735816  [  704/ 2576]
2024-10-28 11:51:15,302 - INFO - loss: 0.795024  [ 1344/ 2576]
2024-10-28 11:51:19,315 - INFO - loss: 0.617325  [ 1984/ 2576]
2024-10-28 11:51:23,145 - INFO - loss: 0.986749  [  656/ 2576]
2024-10-28 11:51:29,643 - INFO - EPOCH 63:
2024-10-28 11:51:30,257 - INFO - loss: 0.592754  [   64/ 2576]
2024-10-28 11:51:34,851 - INFO - loss: 0.862555  [  704/ 2576]
2024-10-28 11:51:39,474 - INFO - loss: 0.680054  [ 1344/ 2576]
2024-10-28 11:51:43,799 - INFO - loss: 0.669831  [ 1984/ 2576]
2024-10-28 11:51:48,104 - INFO - loss: 1.233509  [  656/ 2576]
2024-10-28 11:51:54,621 - INFO - EPOCH 64:
2024-10-28 11:51:55,252 - INFO - loss: 0.709094  [   64/ 2576]
2024-10-28 11:51:59,376 - INFO - loss: 0.647192  [  704/ 2576]
2024-10-28 11:52:03,651 - INFO - loss: 0.490576  [ 1344/ 2576]
2024-10-28 11:52:07,750 - INFO - loss: 0.834592  [ 1984/ 2576]
2024-10-28 11:52:11,516 - INFO - loss: 0.735282  [  656/ 2576]
2024-10-28 11:52:17,868 - INFO - EPOCH 65:
2024-10-28 11:52:18,420 - INFO - loss: 0.635128  [   64/ 2576]
2024-10-28 11:52:22,661 - INFO - loss: 0.405196  [  704/ 2576]
2024-10-28 11:52:26,935 - INFO - loss: 0.638282  [ 1344/ 2576]
2024-10-28 11:52:31,076 - INFO - loss: 0.536228  [ 1984/ 2576]
2024-10-28 11:52:35,126 - INFO - loss: 0.804119  [  656/ 2576]
2024-10-28 11:52:41,293 - INFO - EPOCH 66:
2024-10-28 11:52:41,709 - INFO - loss: 0.805594  [   64/ 2576]
2024-10-28 11:52:45,936 - INFO - loss: 0.669070  [  704/ 2576]
2024-10-28 11:52:50,136 - INFO - loss: 0.525048  [ 1344/ 2576]
2024-10-28 11:52:54,627 - INFO - loss: 0.589013  [ 1984/ 2576]
2024-10-28 11:52:58,785 - INFO - loss: 0.247562  [  656/ 2576]
2024-10-28 11:53:05,240 - INFO - EPOCH 67:
2024-10-28 11:53:05,736 - INFO - loss: 0.572300  [   64/ 2576]
2024-10-28 11:53:10,404 - INFO - loss: 0.477517  [  704/ 2576]
2024-10-28 11:53:14,639 - INFO - loss: 0.637933  [ 1344/ 2576]
2024-10-28 11:53:19,083 - INFO - loss: 0.667740  [ 1984/ 2576]
2024-10-28 11:53:22,877 - INFO - loss: 1.151109  [  656/ 2576]
2024-10-28 11:53:29,451 - INFO - EPOCH 68:
2024-10-28 11:53:30,006 - INFO - loss: 0.517830  [   64/ 2576]
2024-10-28 11:53:34,674 - INFO - loss: 0.600960  [  704/ 2576]
2024-10-28 11:53:39,208 - INFO - loss: 0.656608  [ 1344/ 2576]
2024-10-28 11:53:43,876 - INFO - loss: 0.687902  [ 1984/ 2576]
2024-10-28 11:53:47,863 - INFO - loss: 0.714489  [  656/ 2576]
2024-10-28 11:53:54,434 - INFO - EPOCH 69:
2024-10-28 11:53:54,864 - INFO - loss: 0.659675  [   64/ 2576]
2024-10-28 11:53:59,279 - INFO - loss: 0.515807  [  704/ 2576]
2024-10-28 11:54:03,552 - INFO - loss: 0.607933  [ 1344/ 2576]
2024-10-28 11:54:08,321 - INFO - loss: 0.600440  [ 1984/ 2576]
2024-10-28 11:54:12,442 - INFO - loss: 1.489049  [  656/ 2576]
2024-10-28 11:54:19,705 - INFO - EPOCH 70:
2024-10-28 11:54:20,309 - INFO - loss: 0.720780  [   64/ 2576]
2024-10-28 11:54:24,978 - INFO - loss: 0.595417  [  704/ 2576]
2024-10-28 11:54:29,618 - INFO - loss: 0.651344  [ 1344/ 2576]
2024-10-28 11:54:34,332 - INFO - loss: 0.497690  [ 1984/ 2576]
2024-10-28 11:54:38,575 - INFO - loss: 0.653464  [  656/ 2576]
2024-10-28 11:54:46,013 - INFO - EPOCH 71:
2024-10-28 11:54:46,560 - INFO - loss: 0.616902  [   64/ 2576]
2024-10-28 11:54:51,349 - INFO - loss: 0.608459  [  704/ 2576]
2024-10-28 11:54:55,939 - INFO - loss: 0.614684  [ 1344/ 2576]
2024-10-28 11:55:00,589 - INFO - loss: 0.977904  [ 1984/ 2576]
2024-10-28 11:55:04,664 - INFO - loss: 0.643307  [  656/ 2576]
2024-10-28 11:55:11,707 - INFO - EPOCH 72:
2024-10-28 11:55:12,337 - INFO - loss: 0.590265  [   64/ 2576]
2024-10-28 11:55:16,847 - INFO - loss: 0.565980  [  704/ 2576]
2024-10-28 11:55:21,171 - INFO - loss: 0.533299  [ 1344/ 2576]
2024-10-28 11:55:25,670 - INFO - loss: 0.670428  [ 1984/ 2576]
2024-10-28 11:55:29,830 - INFO - loss: 1.155376  [  656/ 2576]
2024-10-28 11:55:36,831 - INFO - EPOCH 73:
2024-10-28 11:55:37,247 - INFO - loss: 0.490857  [   64/ 2576]
2024-10-28 11:55:41,975 - INFO - loss: 0.633636  [  704/ 2576]
2024-10-28 11:55:46,799 - INFO - loss: 0.523129  [ 1344/ 2576]
2024-10-28 11:55:52,532 - INFO - loss: 0.705900  [ 1984/ 2576]
2024-10-28 11:55:57,060 - INFO - loss: 0.385130  [  656/ 2576]
2024-10-28 11:56:04,229 - INFO - EPOCH 74:
2024-10-28 11:56:04,802 - INFO - loss: 0.486019  [   64/ 2576]
2024-10-28 11:56:09,464 - INFO - loss: 0.493083  [  704/ 2576]
2024-10-28 11:56:13,683 - INFO - loss: 0.732338  [ 1344/ 2576]
2024-10-28 11:56:18,454 - INFO - loss: 0.528857  [ 1984/ 2576]
2024-10-28 11:56:22,404 - INFO - loss: 0.690628  [  656/ 2576]
2024-10-28 11:56:29,290 - INFO - EPOCH 75:
2024-10-28 11:56:29,717 - INFO - loss: 0.615520  [   64/ 2576]
2024-10-28 11:56:34,361 - INFO - loss: 0.787105  [  704/ 2576]
2024-10-28 11:56:38,739 - INFO - loss: 0.536760  [ 1344/ 2576]
2024-10-28 11:56:43,528 - INFO - loss: 0.612400  [ 1984/ 2576]
2024-10-28 11:56:48,110 - INFO - loss: 1.083857  [  656/ 2576]
2024-10-28 11:56:55,102 - INFO - EPOCH 76:
2024-10-28 11:56:55,634 - INFO - loss: 0.516181  [   64/ 2576]
2024-10-28 11:57:00,289 - INFO - loss: 0.785028  [  704/ 2576]
2024-10-28 11:57:04,908 - INFO - loss: 0.680909  [ 1344/ 2576]
2024-10-28 11:57:09,581 - INFO - loss: 0.740430  [ 1984/ 2576]
2024-10-28 11:57:13,629 - INFO - loss: 1.212597  [  656/ 2576]
2024-10-28 11:57:20,405 - INFO - EPOCH 77:
2024-10-28 11:57:20,877 - INFO - loss: 0.661386  [   64/ 2576]
2024-10-28 11:57:25,518 - INFO - loss: 0.634051  [  704/ 2576]
2024-10-28 11:57:29,909 - INFO - loss: 0.488501  [ 1344/ 2576]
2024-10-28 11:57:34,385 - INFO - loss: 0.626454  [ 1984/ 2576]
2024-10-28 11:57:38,377 - INFO - loss: 0.911193  [  656/ 2576]
2024-10-28 11:57:45,092 - INFO - EPOCH 78:
2024-10-28 11:57:45,635 - INFO - loss: 0.648074  [   64/ 2576]
2024-10-28 11:57:50,141 - INFO - loss: 0.854898  [  704/ 2576]
2024-10-28 11:57:54,346 - INFO - loss: 0.447139  [ 1344/ 2576]
2024-10-28 11:57:58,640 - INFO - loss: 0.634554  [ 1984/ 2576]
2024-10-28 11:58:02,611 - INFO - loss: 0.567077  [  656/ 2576]
2024-10-28 11:58:09,730 - INFO - EPOCH 79:
2024-10-28 11:58:10,324 - INFO - loss: 0.610304  [   64/ 2576]
2024-10-28 11:58:14,902 - INFO - loss: 0.363490  [  704/ 2576]
2024-10-28 11:58:19,473 - INFO - loss: 0.556212  [ 1344/ 2576]
2024-10-28 11:58:23,878 - INFO - loss: 0.689314  [ 1984/ 2576]
2024-10-28 11:58:27,821 - INFO - loss: 0.857092  [  656/ 2576]
2024-10-28 11:58:34,812 - INFO - EPOCH 80:
2024-10-28 11:58:35,360 - INFO - loss: 0.786866  [   64/ 2576]
2024-10-28 11:58:39,771 - INFO - loss: 0.648832  [  704/ 2576]
2024-10-28 11:58:44,539 - INFO - loss: 0.761327  [ 1344/ 2576]
2024-10-28 11:58:48,926 - INFO - loss: 0.567574  [ 1984/ 2576]
2024-10-28 11:58:53,212 - INFO - loss: 1.013336  [  656/ 2576]
2024-10-28 11:58:59,918 - INFO - EPOCH 81:
2024-10-28 11:59:00,377 - INFO - loss: 0.601816  [   64/ 2576]
2024-10-28 11:59:04,783 - INFO - loss: 0.685529  [  704/ 2576]
2024-10-28 11:59:09,310 - INFO - loss: 0.528482  [ 1344/ 2576]
2024-10-28 11:59:13,855 - INFO - loss: 0.546010  [ 1984/ 2576]
2024-10-28 11:59:18,147 - INFO - loss: 0.848327  [  656/ 2576]
2024-10-28 11:59:25,126 - INFO - EPOCH 82:
2024-10-28 11:59:25,678 - INFO - loss: 0.514522  [   64/ 2576]
2024-10-28 11:59:29,989 - INFO - loss: 0.631584  [  704/ 2576]
2024-10-28 11:59:34,428 - INFO - loss: 0.586394  [ 1344/ 2576]
2024-10-28 11:59:38,658 - INFO - loss: 0.772314  [ 1984/ 2576]
2024-10-28 11:59:42,681 - INFO - loss: 0.473806  [  656/ 2576]
2024-10-28 11:59:49,362 - INFO - EPOCH 83:
2024-10-28 11:59:49,916 - INFO - loss: 0.514998  [   64/ 2576]
2024-10-28 11:59:54,270 - INFO - loss: 0.526277  [  704/ 2576]
2024-10-28 11:59:58,852 - INFO - loss: 0.492064  [ 1344/ 2576]
2024-10-28 12:00:03,120 - INFO - loss: 0.513705  [ 1984/ 2576]
2024-10-28 12:00:07,217 - INFO - loss: 0.479770  [  656/ 2576]
2024-10-28 12:00:13,930 - INFO - EPOCH 84:
2024-10-28 12:00:14,488 - INFO - loss: 0.648181  [   64/ 2576]
2024-10-28 12:00:18,902 - INFO - loss: 0.437124  [  704/ 2576]
2024-10-28 12:00:23,401 - INFO - loss: 0.585020  [ 1344/ 2576]
2024-10-28 12:00:27,784 - INFO - loss: 0.812643  [ 1984/ 2576]
2024-10-28 12:00:31,991 - INFO - loss: 0.998260  [  656/ 2576]
2024-10-28 12:00:38,963 - INFO - EPOCH 85:
2024-10-28 12:00:39,397 - INFO - loss: 0.342539  [   64/ 2576]
2024-10-28 12:00:43,646 - INFO - loss: 0.722193  [  704/ 2576]
2024-10-28 12:00:48,248 - INFO - loss: 0.738058  [ 1344/ 2576]
2024-10-28 12:00:52,541 - INFO - loss: 0.871830  [ 1984/ 2576]
2024-10-28 12:00:56,818 - INFO - loss: 1.008157  [  656/ 2576]
2024-10-28 12:01:03,672 - INFO - EPOCH 86:
2024-10-28 12:01:04,238 - INFO - loss: 0.563306  [   64/ 2576]
2024-10-28 12:01:08,383 - INFO - loss: 0.640037  [  704/ 2576]
2024-10-28 12:01:12,479 - INFO - loss: 0.817758  [ 1344/ 2576]
2024-10-28 12:01:16,815 - INFO - loss: 0.654508  [ 1984/ 2576]
2024-10-28 12:01:20,840 - INFO - loss: 0.622516  [  656/ 2576]
2024-10-28 12:01:27,900 - INFO - EPOCH 87:
2024-10-28 12:01:28,339 - INFO - loss: 0.690380  [   64/ 2576]
2024-10-28 12:01:32,828 - INFO - loss: 0.377381  [  704/ 2576]
2024-10-28 12:01:37,016 - INFO - loss: 1.195608  [ 1344/ 2576]
2024-10-28 12:01:41,541 - INFO - loss: 0.533094  [ 1984/ 2576]
2024-10-28 12:01:45,520 - INFO - loss: 1.297695  [  656/ 2576]
2024-10-28 12:01:52,524 - INFO - EPOCH 88:
2024-10-28 12:01:52,965 - INFO - loss: 0.391039  [   64/ 2576]
2024-10-28 12:01:57,661 - INFO - loss: 0.488347  [  704/ 2576]
2024-10-28 12:02:02,096 - INFO - loss: 0.506565  [ 1344/ 2576]
2024-10-28 12:02:06,476 - INFO - loss: 0.562462  [ 1984/ 2576]
2024-10-28 12:02:10,499 - INFO - loss: 0.947822  [  656/ 2576]
2024-10-28 12:02:17,160 - INFO - EPOCH 89:
2024-10-28 12:02:17,741 - INFO - loss: 0.513519  [   64/ 2576]
2024-10-28 12:02:22,120 - INFO - loss: 0.533424  [  704/ 2576]
2024-10-28 12:02:26,497 - INFO - loss: 0.708978  [ 1344/ 2576]
2024-10-28 12:02:31,005 - INFO - loss: 0.314004  [ 1984/ 2576]
2024-10-28 12:02:35,152 - INFO - loss: 0.815501  [  656/ 2576]
2024-10-28 12:02:41,932 - INFO - EPOCH 90:
2024-10-28 12:02:42,451 - INFO - loss: 0.380109  [   64/ 2576]
2024-10-28 12:02:46,848 - INFO - loss: 0.528730  [  704/ 2576]
2024-10-28 12:02:51,202 - INFO - loss: 0.488268  [ 1344/ 2576]
2024-10-28 12:02:55,572 - INFO - loss: 0.614026  [ 1984/ 2576]
2024-10-28 12:02:59,657 - INFO - loss: 0.869469  [  656/ 2576]
2024-10-28 12:03:06,588 - INFO - EPOCH 91:
2024-10-28 12:03:07,114 - INFO - loss: 0.571797  [   64/ 2576]
2024-10-28 12:03:11,507 - INFO - loss: 0.612043  [  704/ 2576]
2024-10-28 12:03:16,248 - INFO - loss: 0.394396  [ 1344/ 2576]
2024-10-28 12:03:20,609 - INFO - loss: 0.509235  [ 1984/ 2576]
2024-10-28 12:03:24,857 - INFO - loss: 1.047317  [  656/ 2576]
2024-10-28 12:03:31,633 - INFO - EPOCH 92:
2024-10-28 12:03:32,146 - INFO - loss: 0.555186  [   64/ 2576]
2024-10-28 12:03:36,532 - INFO - loss: 0.671084  [  704/ 2576]
2024-10-28 12:03:41,211 - INFO - loss: 0.353765  [ 1344/ 2576]
2024-10-28 12:03:45,492 - INFO - loss: 0.568009  [ 1984/ 2576]
2024-10-28 12:03:49,979 - INFO - loss: 0.814069  [  656/ 2576]
2024-10-28 12:03:57,030 - INFO - EPOCH 93:
2024-10-28 12:03:57,623 - INFO - loss: 0.621539  [   64/ 2576]
2024-10-28 12:04:02,001 - INFO - loss: 0.441810  [  704/ 2576]
2024-10-28 12:04:06,682 - INFO - loss: 0.449619  [ 1344/ 2576]
2024-10-28 12:04:11,131 - INFO - loss: 0.632060  [ 1984/ 2576]
2024-10-28 12:04:15,391 - INFO - loss: 1.393189  [  656/ 2576]
2024-10-28 12:04:22,158 - INFO - EPOCH 94:
2024-10-28 12:04:22,729 - INFO - loss: 0.603989  [   64/ 2576]
2024-10-28 12:04:27,109 - INFO - loss: 0.407201  [  704/ 2576]
2024-10-28 12:04:31,801 - INFO - loss: 0.295679  [ 1344/ 2576]
2024-10-28 12:04:36,063 - INFO - loss: 0.590600  [ 1984/ 2576]
2024-10-28 12:04:40,383 - INFO - loss: 1.344771  [  656/ 2576]
2024-10-28 12:04:47,224 - INFO - EPOCH 95:
2024-10-28 12:04:47,798 - INFO - loss: 0.558455  [   64/ 2576]
2024-10-28 12:04:52,021 - INFO - loss: 0.629990  [  704/ 2576]
2024-10-28 12:04:56,582 - INFO - loss: 0.513188  [ 1344/ 2576]
2024-10-28 12:05:00,869 - INFO - loss: 0.533962  [ 1984/ 2576]
2024-10-28 12:05:05,588 - INFO - loss: 1.188896  [  656/ 2576]
2024-10-28 12:05:12,352 - INFO - EPOCH 96:
2024-10-28 12:05:12,894 - INFO - loss: 0.565478  [   64/ 2576]
2024-10-28 12:05:17,085 - INFO - loss: 0.694980  [  704/ 2576]
2024-10-28 12:05:21,618 - INFO - loss: 0.656627  [ 1344/ 2576]
2024-10-28 12:05:26,020 - INFO - loss: 0.335812  [ 1984/ 2576]
2024-10-28 12:05:30,258 - INFO - loss: 0.888678  [  656/ 2576]
2024-10-28 12:05:37,008 - INFO - EPOCH 97:
2024-10-28 12:05:37,547 - INFO - loss: 0.661497  [   64/ 2576]
2024-10-28 12:05:41,852 - INFO - loss: 0.619867  [  704/ 2576]
2024-10-28 12:05:46,551 - INFO - loss: 0.396594  [ 1344/ 2576]
2024-10-28 12:05:51,022 - INFO - loss: 0.508695  [ 1984/ 2576]
2024-10-28 12:05:55,484 - INFO - loss: 0.889382  [  656/ 2576]
2024-10-28 12:06:02,314 - INFO - EPOCH 98:
2024-10-28 12:06:02,859 - INFO - loss: 0.535489  [   64/ 2576]
2024-10-28 12:06:07,056 - INFO - loss: 0.521015  [  704/ 2576]
2024-10-28 12:06:11,651 - INFO - loss: 0.481806  [ 1344/ 2576]
2024-10-28 12:06:15,919 - INFO - loss: 0.557683  [ 1984/ 2576]
2024-10-28 12:06:20,250 - INFO - loss: 0.866285  [  656/ 2576]
2024-10-28 12:06:27,281 - INFO - EPOCH 99:
2024-10-28 12:06:27,877 - INFO - loss: 0.553282  [   64/ 2576]
2024-10-28 12:06:32,244 - INFO - loss: 0.579653  [  704/ 2576]
2024-10-28 12:06:36,801 - INFO - loss: 0.774376  [ 1344/ 2576]
2024-10-28 12:06:41,015 - INFO - loss: 0.635079  [ 1984/ 2576]
2024-10-28 12:06:45,390 - INFO - loss: 0.872437  [  656/ 2576]
2024-10-28 12:06:51,992 - INFO - EPOCH 100:
2024-10-28 12:06:52,571 - INFO - loss: 0.472996  [   64/ 2576]
2024-10-28 12:06:56,849 - INFO - loss: 0.766512  [  704/ 2576]
2024-10-28 12:07:01,078 - INFO - loss: 0.498885  [ 1344/ 2576]
2024-10-28 12:07:05,341 - INFO - loss: 0.532085  [ 1984/ 2576]
2024-10-28 12:07:09,197 - INFO - loss: 0.735281  [  656/ 2576]
2024-10-28 12:07:15,525 - INFO - Final Evaluation...
2024-10-28 12:07:55,838 - INFO - Accuracy  82.42% [correct: 3024, total: 3669]
2024-10-28 12:07:55,839 - INFO - Precision: 0.830227255821228
2024-10-28 12:07:55,839 - INFO - Recall: 0.8234425783157349
