2024-10-28 12:27:43,883 - INFO - Model Results will be saved to: model_store/trained_20241028/model_122743
2024-10-28 12:27:44,315 - INFO - Training 100 epochs, lr: 1e-05...
2024-10-28 12:27:44,316 - INFO - EPOCH 1:
2024-10-28 12:27:45,084 - INFO - loss: 3.617632  [   64/ 2576]
2024-10-28 12:27:49,791 - INFO - loss: 3.638633  [  704/ 2576]
2024-10-28 12:27:54,490 - INFO - loss: 3.607087  [ 1344/ 2576]
2024-10-28 12:27:59,215 - INFO - loss: 3.641430  [ 1984/ 2576]
2024-10-28 12:28:04,857 - INFO - loss: 3.650383  [  656/ 2576]
2024-10-28 12:28:13,222 - INFO - EPOCH 2:
2024-10-28 12:28:13,910 - INFO - loss: 3.625826  [   64/ 2576]
2024-10-28 12:28:19,662 - INFO - loss: 3.595794  [  704/ 2576]
2024-10-28 12:28:24,933 - INFO - loss: 3.547241  [ 1344/ 2576]
2024-10-28 12:28:29,729 - INFO - loss: 3.577915  [ 1984/ 2576]
2024-10-28 12:28:33,778 - INFO - loss: 3.617779  [  656/ 2576]
2024-10-28 12:28:40,634 - INFO - EPOCH 3:
2024-10-28 12:28:41,232 - INFO - loss: 3.610097  [   64/ 2576]
2024-10-28 12:28:45,913 - INFO - loss: 3.562697  [  704/ 2576]
2024-10-28 12:28:50,445 - INFO - loss: 3.562804  [ 1344/ 2576]
2024-10-28 12:28:55,094 - INFO - loss: 3.600424  [ 1984/ 2576]
2024-10-28 12:28:59,637 - INFO - loss: 3.531542  [  656/ 2576]
2024-10-28 12:29:06,261 - INFO - EPOCH 4:
2024-10-28 12:29:06,741 - INFO - loss: 3.530196  [   64/ 2576]
2024-10-28 12:29:11,206 - INFO - loss: 3.544922  [  704/ 2576]
2024-10-28 12:29:16,152 - INFO - loss: 3.573162  [ 1344/ 2576]
2024-10-28 12:29:20,388 - INFO - loss: 3.571535  [ 1984/ 2576]
2024-10-28 12:29:24,583 - INFO - loss: 3.520912  [  656/ 2576]
2024-10-28 12:29:31,319 - INFO - EPOCH 5:
2024-10-28 12:29:31,765 - INFO - loss: 3.485543  [   64/ 2576]
2024-10-28 12:29:36,047 - INFO - loss: 3.498962  [  704/ 2576]
2024-10-28 12:29:40,641 - INFO - loss: 3.493583  [ 1344/ 2576]
2024-10-28 12:29:45,024 - INFO - loss: 3.429299  [ 1984/ 2576]
2024-10-28 12:29:49,695 - INFO - loss: 3.424169  [  656/ 2576]
2024-10-28 12:29:56,285 - INFO - EPOCH 6:
2024-10-28 12:29:56,793 - INFO - loss: 3.505363  [   64/ 2576]
2024-10-28 12:30:01,295 - INFO - loss: 3.425777  [  704/ 2576]
2024-10-28 12:30:05,801 - INFO - loss: 3.424329  [ 1344/ 2576]
2024-10-28 12:30:10,358 - INFO - loss: 3.408141  [ 1984/ 2576]
2024-10-28 12:30:14,470 - INFO - loss: 3.440243  [  656/ 2576]
2024-10-28 12:30:21,668 - INFO - EPOCH 7:
2024-10-28 12:30:22,249 - INFO - loss: 3.350437  [   64/ 2576]
2024-10-28 12:30:26,775 - INFO - loss: 3.331923  [  704/ 2576]
2024-10-28 12:30:31,178 - INFO - loss: 3.276614  [ 1344/ 2576]
2024-10-28 12:30:35,659 - INFO - loss: 3.278060  [ 1984/ 2576]
2024-10-28 12:30:39,727 - INFO - loss: 3.358837  [  656/ 2576]
2024-10-28 12:30:46,638 - INFO - EPOCH 8:
2024-10-28 12:30:47,275 - INFO - loss: 3.314989  [   64/ 2576]
2024-10-28 12:30:51,899 - INFO - loss: 3.151387  [  704/ 2576]
2024-10-28 12:30:56,667 - INFO - loss: 3.263673  [ 1344/ 2576]
2024-10-28 12:31:01,414 - INFO - loss: 3.145031  [ 1984/ 2576]
2024-10-28 12:31:05,670 - INFO - loss: 3.328782  [  656/ 2576]
2024-10-28 12:31:12,470 - INFO - EPOCH 9:
2024-10-28 12:31:12,964 - INFO - loss: 3.095427  [   64/ 2576]
2024-10-28 12:31:17,477 - INFO - loss: 3.100812  [  704/ 2576]
2024-10-28 12:31:21,829 - INFO - loss: 2.998101  [ 1344/ 2576]
2024-10-28 12:31:25,960 - INFO - loss: 3.093590  [ 1984/ 2576]
2024-10-28 12:31:30,011 - INFO - loss: 2.921255  [  656/ 2576]
2024-10-28 12:31:37,003 - INFO - EPOCH 10:
2024-10-28 12:31:37,645 - INFO - loss: 2.974956  [   64/ 2576]
2024-10-28 12:31:42,846 - INFO - loss: 2.939266  [  704/ 2576]
2024-10-28 12:31:47,858 - INFO - loss: 3.038770  [ 1344/ 2576]
2024-10-28 12:31:52,469 - INFO - loss: 2.829200  [ 1984/ 2576]
2024-10-28 12:31:56,393 - INFO - loss: 2.824897  [  656/ 2576]
2024-10-28 12:32:02,832 - INFO - EPOCH 11:
2024-10-28 12:32:03,369 - INFO - loss: 2.850535  [   64/ 2576]
2024-10-28 12:32:07,738 - INFO - loss: 2.830961  [  704/ 2576]
2024-10-28 12:32:12,085 - INFO - loss: 2.800179  [ 1344/ 2576]
2024-10-28 12:32:16,438 - INFO - loss: 2.736635  [ 1984/ 2576]
2024-10-28 12:32:20,867 - INFO - loss: 2.741060  [  656/ 2576]
2024-10-28 12:32:27,485 - INFO - EPOCH 12:
2024-10-28 12:32:28,062 - INFO - loss: 2.754136  [   64/ 2576]
2024-10-28 12:32:33,123 - INFO - loss: 2.758244  [  704/ 2576]
2024-10-28 12:32:37,619 - INFO - loss: 2.540499  [ 1344/ 2576]
2024-10-28 12:32:41,843 - INFO - loss: 2.510424  [ 1984/ 2576]
2024-10-28 12:32:45,618 - INFO - loss: 3.000590  [  656/ 2576]
2024-10-28 12:32:52,106 - INFO - EPOCH 13:
2024-10-28 12:32:52,581 - INFO - loss: 2.373307  [   64/ 2576]
2024-10-28 12:32:56,848 - INFO - loss: 2.502407  [  704/ 2576]
2024-10-28 12:33:01,011 - INFO - loss: 2.466797  [ 1344/ 2576]
2024-10-28 12:33:05,329 - INFO - loss: 2.274082  [ 1984/ 2576]
2024-10-28 12:33:09,332 - INFO - loss: 2.253804  [  656/ 2576]
2024-10-28 12:33:15,935 - INFO - EPOCH 14:
2024-10-28 12:33:16,465 - INFO - loss: 2.301998  [   64/ 2576]
2024-10-28 12:33:20,622 - INFO - loss: 2.282070  [  704/ 2576]
2024-10-28 12:33:24,881 - INFO - loss: 2.337440  [ 1344/ 2576]
2024-10-28 12:33:29,297 - INFO - loss: 2.364565  [ 1984/ 2576]
2024-10-28 12:33:33,340 - INFO - loss: 2.256600  [  656/ 2576]
2024-10-28 12:33:39,795 - INFO - EPOCH 15:
2024-10-28 12:33:40,320 - INFO - loss: 2.265694  [   64/ 2576]
2024-10-28 12:33:44,540 - INFO - loss: 2.165281  [  704/ 2576]
2024-10-28 12:33:48,776 - INFO - loss: 2.136094  [ 1344/ 2576]
2024-10-28 12:33:52,985 - INFO - loss: 2.074160  [ 1984/ 2576]
2024-10-28 12:33:56,964 - INFO - loss: 2.372681  [  656/ 2576]
2024-10-28 12:34:03,487 - INFO - EPOCH 16:
2024-10-28 12:34:04,036 - INFO - loss: 2.024387  [   64/ 2576]
2024-10-28 12:34:08,448 - INFO - loss: 2.104067  [  704/ 2576]
2024-10-28 12:34:12,874 - INFO - loss: 2.088426  [ 1344/ 2576]
2024-10-28 12:34:17,217 - INFO - loss: 2.040944  [ 1984/ 2576]
2024-10-28 12:34:21,143 - INFO - loss: 2.038486  [  656/ 2576]
2024-10-28 12:34:27,764 - INFO - EPOCH 17:
2024-10-28 12:34:28,342 - INFO - loss: 1.906418  [   64/ 2576]
2024-10-28 12:34:32,595 - INFO - loss: 2.173213  [  704/ 2576]
2024-10-28 12:34:36,870 - INFO - loss: 2.148213  [ 1344/ 2576]
2024-10-28 12:34:41,187 - INFO - loss: 1.890996  [ 1984/ 2576]
2024-10-28 12:34:45,277 - INFO - loss: 1.809102  [  656/ 2576]
2024-10-28 12:34:52,198 - INFO - EPOCH 18:
2024-10-28 12:34:52,775 - INFO - loss: 2.118521  [   64/ 2576]
2024-10-28 12:34:57,007 - INFO - loss: 2.038550  [  704/ 2576]
2024-10-28 12:35:01,205 - INFO - loss: 1.941197  [ 1344/ 2576]
2024-10-28 12:35:05,455 - INFO - loss: 1.962907  [ 1984/ 2576]
2024-10-28 12:35:09,452 - INFO - loss: 1.987778  [  656/ 2576]
2024-10-28 12:35:16,101 - INFO - EPOCH 19:
2024-10-28 12:35:16,678 - INFO - loss: 1.932289  [   64/ 2576]
2024-10-28 12:35:20,883 - INFO - loss: 1.866633  [  704/ 2576]
2024-10-28 12:35:25,261 - INFO - loss: 1.854638  [ 1344/ 2576]
2024-10-28 12:35:29,477 - INFO - loss: 2.026013  [ 1984/ 2576]
2024-10-28 12:35:33,309 - INFO - loss: 2.057593  [  656/ 2576]
2024-10-28 12:35:39,886 - INFO - EPOCH 20:
2024-10-28 12:35:40,418 - INFO - loss: 1.592407  [   64/ 2576]
2024-10-28 12:35:44,552 - INFO - loss: 1.560444  [  704/ 2576]
2024-10-28 12:35:48,732 - INFO - loss: 1.832701  [ 1344/ 2576]
2024-10-28 12:35:52,965 - INFO - loss: 1.774576  [ 1984/ 2576]
2024-10-28 12:35:56,951 - INFO - loss: 2.001352  [  656/ 2576]
2024-10-28 12:36:03,511 - INFO - EPOCH 21:
2024-10-28 12:36:04,107 - INFO - loss: 1.674007  [   64/ 2576]
2024-10-28 12:36:08,422 - INFO - loss: 1.775402  [  704/ 2576]
2024-10-28 12:36:12,572 - INFO - loss: 1.929906  [ 1344/ 2576]
2024-10-28 12:36:16,758 - INFO - loss: 1.786948  [ 1984/ 2576]
2024-10-28 12:36:20,595 - INFO - loss: 1.860133  [  656/ 2576]
2024-10-28 12:36:26,911 - INFO - EPOCH 22:
2024-10-28 12:36:27,512 - INFO - loss: 1.828327  [   64/ 2576]
2024-10-28 12:36:31,748 - INFO - loss: 1.502246  [  704/ 2576]
2024-10-28 12:36:36,072 - INFO - loss: 1.834387  [ 1344/ 2576]
2024-10-28 12:36:40,607 - INFO - loss: 1.853210  [ 1984/ 2576]
2024-10-28 12:36:45,284 - INFO - loss: 1.806791  [  656/ 2576]
2024-10-28 12:36:52,683 - INFO - EPOCH 23:
2024-10-28 12:36:53,269 - INFO - loss: 1.595426  [   64/ 2576]
2024-10-28 12:36:57,915 - INFO - loss: 1.597848  [  704/ 2576]
2024-10-28 12:37:02,442 - INFO - loss: 1.701463  [ 1344/ 2576]
2024-10-28 12:37:07,105 - INFO - loss: 1.665997  [ 1984/ 2576]
2024-10-28 12:37:11,186 - INFO - loss: 1.393293  [  656/ 2576]
2024-10-28 12:37:18,074 - INFO - EPOCH 24:
2024-10-28 12:37:18,662 - INFO - loss: 1.492043  [   64/ 2576]
2024-10-28 12:37:23,603 - INFO - loss: 1.582971  [  704/ 2576]
2024-10-28 12:37:28,459 - INFO - loss: 1.454071  [ 1344/ 2576]
2024-10-28 12:37:32,968 - INFO - loss: 1.919745  [ 1984/ 2576]
2024-10-28 12:37:37,017 - INFO - loss: 1.959165  [  656/ 2576]
2024-10-28 12:37:43,785 - INFO - EPOCH 25:
2024-10-28 12:37:44,276 - INFO - loss: 1.528544  [   64/ 2576]
2024-10-28 12:37:48,679 - INFO - loss: 1.448072  [  704/ 2576]
2024-10-28 12:37:53,314 - INFO - loss: 1.513588  [ 1344/ 2576]
2024-10-28 12:37:57,595 - INFO - loss: 1.557789  [ 1984/ 2576]
2024-10-28 12:38:02,174 - INFO - loss: 1.717912  [  656/ 2576]
2024-10-28 12:38:09,094 - INFO - EPOCH 26:
2024-10-28 12:38:09,677 - INFO - loss: 1.315004  [   64/ 2576]
2024-10-28 12:38:14,222 - INFO - loss: 1.661866  [  704/ 2576]
2024-10-28 12:38:18,652 - INFO - loss: 1.497820  [ 1344/ 2576]
2024-10-28 12:38:23,828 - INFO - loss: 1.434553  [ 1984/ 2576]
2024-10-28 12:38:28,494 - INFO - loss: 1.145118  [  656/ 2576]
2024-10-28 12:38:34,849 - INFO - EPOCH 27:
2024-10-28 12:38:35,343 - INFO - loss: 1.222818  [   64/ 2576]
2024-10-28 12:38:39,469 - INFO - loss: 1.194100  [  704/ 2576]
2024-10-28 12:38:43,627 - INFO - loss: 1.401117  [ 1344/ 2576]
2024-10-28 12:38:47,674 - INFO - loss: 1.487588  [ 1984/ 2576]
2024-10-28 12:38:51,514 - INFO - loss: 1.573962  [  656/ 2576]
2024-10-28 12:38:57,674 - INFO - EPOCH 28:
2024-10-28 12:38:58,198 - INFO - loss: 0.979758  [   64/ 2576]
2024-10-28 12:39:02,366 - INFO - loss: 1.306781  [  704/ 2576]
2024-10-28 12:39:06,533 - INFO - loss: 1.381253  [ 1344/ 2576]
2024-10-28 12:39:10,826 - INFO - loss: 1.577168  [ 1984/ 2576]
2024-10-28 12:39:14,694 - INFO - loss: 1.426900  [  656/ 2576]
2024-10-28 12:39:21,179 - INFO - EPOCH 29:
2024-10-28 12:39:21,734 - INFO - loss: 1.426791  [   64/ 2576]
2024-10-28 12:39:25,944 - INFO - loss: 1.294364  [  704/ 2576]
2024-10-28 12:39:30,078 - INFO - loss: 1.227983  [ 1344/ 2576]
2024-10-28 12:39:35,108 - INFO - loss: 1.385220  [ 1984/ 2576]
2024-10-28 12:39:39,924 - INFO - loss: 1.693069  [  656/ 2576]
2024-10-28 12:39:46,357 - INFO - EPOCH 30:
2024-10-28 12:39:46,890 - INFO - loss: 1.197633  [   64/ 2576]
2024-10-28 12:39:51,994 - INFO - loss: 1.317066  [  704/ 2576]
2024-10-28 12:39:56,869 - INFO - loss: 1.271855  [ 1344/ 2576]
2024-10-28 12:40:01,133 - INFO - loss: 1.293652  [ 1984/ 2576]
2024-10-28 12:40:05,030 - INFO - loss: 1.660076  [  656/ 2576]
2024-10-28 12:40:11,284 - INFO - EPOCH 31:
2024-10-28 12:40:11,862 - INFO - loss: 1.387209  [   64/ 2576]
2024-10-28 12:40:16,274 - INFO - loss: 1.122974  [  704/ 2576]
2024-10-28 12:40:20,686 - INFO - loss: 1.287099  [ 1344/ 2576]
2024-10-28 12:40:25,132 - INFO - loss: 1.457912  [ 1984/ 2576]
2024-10-28 12:40:29,256 - INFO - loss: 1.114564  [  656/ 2576]
2024-10-28 12:40:36,040 - INFO - EPOCH 32:
2024-10-28 12:40:36,656 - INFO - loss: 1.555798  [   64/ 2576]
2024-10-28 12:40:41,014 - INFO - loss: 1.188260  [  704/ 2576]
2024-10-28 12:40:45,389 - INFO - loss: 1.264760  [ 1344/ 2576]
2024-10-28 12:40:49,823 - INFO - loss: 1.271911  [ 1984/ 2576]
2024-10-28 12:40:53,683 - INFO - loss: 1.452657  [  656/ 2576]
2024-10-28 12:41:00,108 - INFO - EPOCH 33:
2024-10-28 12:41:00,546 - INFO - loss: 1.029449  [   64/ 2576]
2024-10-28 12:41:04,748 - INFO - loss: 1.002164  [  704/ 2576]
2024-10-28 12:41:08,901 - INFO - loss: 1.045179  [ 1344/ 2576]
2024-10-28 12:41:13,168 - INFO - loss: 0.970546  [ 1984/ 2576]
2024-10-28 12:41:17,306 - INFO - loss: 1.187016  [  656/ 2576]
2024-10-28 12:41:23,980 - INFO - EPOCH 34:
2024-10-28 12:41:24,604 - INFO - loss: 1.113207  [   64/ 2576]
2024-10-28 12:41:28,949 - INFO - loss: 1.178051  [  704/ 2576]
2024-10-28 12:41:33,270 - INFO - loss: 0.854640  [ 1344/ 2576]
2024-10-28 12:41:37,645 - INFO - loss: 1.407734  [ 1984/ 2576]
2024-10-28 12:41:41,640 - INFO - loss: 1.044377  [  656/ 2576]
2024-10-28 12:41:48,209 - INFO - EPOCH 35:
2024-10-28 12:41:48,758 - INFO - loss: 0.978979  [   64/ 2576]
2024-10-28 12:41:53,058 - INFO - loss: 1.303469  [  704/ 2576]
2024-10-28 12:41:57,433 - INFO - loss: 1.304136  [ 1344/ 2576]
2024-10-28 12:42:01,761 - INFO - loss: 1.074894  [ 1984/ 2576]
2024-10-28 12:42:05,681 - INFO - loss: 1.219866  [  656/ 2576]
2024-10-28 12:42:12,238 - INFO - EPOCH 36:
2024-10-28 12:42:12,823 - INFO - loss: 1.143843  [   64/ 2576]
2024-10-28 12:42:17,318 - INFO - loss: 1.035843  [  704/ 2576]
2024-10-28 12:42:21,716 - INFO - loss: 1.176753  [ 1344/ 2576]
2024-10-28 12:42:26,243 - INFO - loss: 1.398243  [ 1984/ 2576]
2024-10-28 12:42:30,222 - INFO - loss: 1.227963  [  656/ 2576]
2024-10-28 12:42:37,038 - INFO - EPOCH 37:
2024-10-28 12:42:37,598 - INFO - loss: 0.826684  [   64/ 2576]
2024-10-28 12:42:42,028 - INFO - loss: 1.051055  [  704/ 2576]
2024-10-28 12:42:46,431 - INFO - loss: 1.098833  [ 1344/ 2576]
2024-10-28 12:42:51,096 - INFO - loss: 0.919493  [ 1984/ 2576]
2024-10-28 12:42:55,600 - INFO - loss: 1.410460  [  656/ 2576]
2024-10-28 12:43:02,038 - INFO - EPOCH 38:
2024-10-28 12:43:02,446 - INFO - loss: 1.273392  [   64/ 2576]
2024-10-28 12:43:06,990 - INFO - loss: 1.081314  [  704/ 2576]
2024-10-28 12:43:11,515 - INFO - loss: 1.007739  [ 1344/ 2576]
2024-10-28 12:43:16,906 - INFO - loss: 1.125314  [ 1984/ 2576]
2024-10-28 12:43:21,025 - INFO - loss: 1.122613  [  656/ 2576]
2024-10-28 12:43:28,115 - INFO - EPOCH 39:
2024-10-28 12:43:28,651 - INFO - loss: 0.970112  [   64/ 2576]
2024-10-28 12:43:33,291 - INFO - loss: 0.940192  [  704/ 2576]
2024-10-28 12:43:37,575 - INFO - loss: 1.089579  [ 1344/ 2576]
2024-10-28 12:43:42,131 - INFO - loss: 1.099640  [ 1984/ 2576]
2024-10-28 12:43:46,105 - INFO - loss: 1.050229  [  656/ 2576]
2024-10-28 12:43:53,017 - INFO - EPOCH 40:
2024-10-28 12:43:53,606 - INFO - loss: 1.010375  [   64/ 2576]
2024-10-28 12:43:58,215 - INFO - loss: 1.118198  [  704/ 2576]
2024-10-28 12:44:02,637 - INFO - loss: 1.088902  [ 1344/ 2576]
2024-10-28 12:44:06,997 - INFO - loss: 0.991562  [ 1984/ 2576]
2024-10-28 12:44:11,311 - INFO - loss: 1.454731  [  656/ 2576]
2024-10-28 12:44:18,052 - INFO - EPOCH 41:
2024-10-28 12:44:18,680 - INFO - loss: 1.020968  [   64/ 2576]
2024-10-28 12:44:23,170 - INFO - loss: 1.296304  [  704/ 2576]
2024-10-28 12:44:27,667 - INFO - loss: 1.041036  [ 1344/ 2576]
2024-10-28 12:44:31,977 - INFO - loss: 1.237170  [ 1984/ 2576]
2024-10-28 12:44:36,603 - INFO - loss: 1.371183  [  656/ 2576]
2024-10-28 12:44:43,711 - INFO - EPOCH 42:
2024-10-28 12:44:44,259 - INFO - loss: 0.900505  [   64/ 2576]
2024-10-28 12:44:49,436 - INFO - loss: 0.964490  [  704/ 2576]
2024-10-28 12:44:54,690 - INFO - loss: 0.915460  [ 1344/ 2576]
2024-10-28 12:45:00,052 - INFO - loss: 1.083543  [ 1984/ 2576]
2024-10-28 12:45:04,474 - INFO - loss: 1.589033  [  656/ 2576]
2024-10-28 12:45:10,986 - INFO - EPOCH 43:
2024-10-28 12:45:11,719 - INFO - loss: 1.126158  [   64/ 2576]
2024-10-28 12:45:16,311 - INFO - loss: 1.252440  [  704/ 2576]
2024-10-28 12:45:20,670 - INFO - loss: 0.947282  [ 1344/ 2576]
2024-10-28 12:45:24,934 - INFO - loss: 0.845765  [ 1984/ 2576]
2024-10-28 12:45:28,852 - INFO - loss: 0.885157  [  656/ 2576]
2024-10-28 12:45:35,102 - INFO - EPOCH 44:
2024-10-28 12:45:35,658 - INFO - loss: 0.997920  [   64/ 2576]
2024-10-28 12:45:40,860 - INFO - loss: 0.872576  [  704/ 2576]
2024-10-28 12:45:45,511 - INFO - loss: 0.768148  [ 1344/ 2576]
2024-10-28 12:45:49,879 - INFO - loss: 1.002462  [ 1984/ 2576]
2024-10-28 12:45:53,891 - INFO - loss: 0.869464  [  656/ 2576]
2024-10-28 12:46:00,536 - INFO - EPOCH 45:
2024-10-28 12:46:01,099 - INFO - loss: 0.984328  [   64/ 2576]
2024-10-28 12:46:05,635 - INFO - loss: 1.014962  [  704/ 2576]
2024-10-28 12:46:10,121 - INFO - loss: 0.778873  [ 1344/ 2576]
2024-10-28 12:46:14,500 - INFO - loss: 0.728627  [ 1984/ 2576]
2024-10-28 12:46:18,794 - INFO - loss: 1.503018  [  656/ 2576]
2024-10-28 12:46:25,519 - INFO - EPOCH 46:
2024-10-28 12:46:26,178 - INFO - loss: 0.984735  [   64/ 2576]
2024-10-28 12:46:30,560 - INFO - loss: 1.124665  [  704/ 2576]
2024-10-28 12:46:34,994 - INFO - loss: 0.991601  [ 1344/ 2576]
2024-10-28 12:46:39,121 - INFO - loss: 1.160088  [ 1984/ 2576]
2024-10-28 12:46:42,860 - INFO - loss: 1.902531  [  656/ 2576]
2024-10-28 12:46:49,067 - INFO - EPOCH 47:
2024-10-28 12:46:49,573 - INFO - loss: 1.115676  [   64/ 2576]
2024-10-28 12:46:53,858 - INFO - loss: 0.861201  [  704/ 2576]
2024-10-28 12:46:58,318 - INFO - loss: 1.183374  [ 1344/ 2576]
2024-10-28 12:47:02,592 - INFO - loss: 1.212141  [ 1984/ 2576]
2024-10-28 12:47:06,602 - INFO - loss: 1.951394  [  656/ 2576]
2024-10-28 12:47:13,283 - INFO - EPOCH 48:
2024-10-28 12:47:13,844 - INFO - loss: 1.153900  [   64/ 2576]
2024-10-28 12:47:18,272 - INFO - loss: 0.890638  [  704/ 2576]
2024-10-28 12:47:22,617 - INFO - loss: 0.916469  [ 1344/ 2576]
2024-10-28 12:47:27,633 - INFO - loss: 0.768729  [ 1984/ 2576]
2024-10-28 12:47:32,261 - INFO - loss: 1.192304  [  656/ 2576]
2024-10-28 12:47:38,873 - INFO - EPOCH 49:
2024-10-28 12:47:39,398 - INFO - loss: 0.750775  [   64/ 2576]
2024-10-28 12:47:43,540 - INFO - loss: 1.088650  [  704/ 2576]
2024-10-28 12:47:47,731 - INFO - loss: 0.695990  [ 1344/ 2576]
2024-10-28 12:47:51,884 - INFO - loss: 0.982075  [ 1984/ 2576]
2024-10-28 12:47:55,739 - INFO - loss: 1.638417  [  656/ 2576]
2024-10-28 12:48:02,058 - INFO - EPOCH 50:
2024-10-28 12:48:02,556 - INFO - loss: 0.978482  [   64/ 2576]
2024-10-28 12:48:06,947 - INFO - loss: 0.783210  [  704/ 2576]
2024-10-28 12:48:11,809 - INFO - loss: 0.657645  [ 1344/ 2576]
2024-10-28 12:48:16,091 - INFO - loss: 0.986177  [ 1984/ 2576]
2024-10-28 12:48:19,907 - INFO - loss: 1.146053  [  656/ 2576]
2024-10-28 12:48:26,433 - INFO - EPOCH 51:
2024-10-28 12:48:27,046 - INFO - loss: 0.898321  [   64/ 2576]
2024-10-28 12:48:31,424 - INFO - loss: 0.987010  [  704/ 2576]
2024-10-28 12:48:35,642 - INFO - loss: 0.879867  [ 1344/ 2576]
2024-10-28 12:48:40,125 - INFO - loss: 0.800417  [ 1984/ 2576]
2024-10-28 12:48:44,197 - INFO - loss: 1.118385  [  656/ 2576]
2024-10-28 12:48:50,872 - INFO - EPOCH 52:
2024-10-28 12:48:51,417 - INFO - loss: 0.851518  [   64/ 2576]
2024-10-28 12:48:56,725 - INFO - loss: 0.776396  [  704/ 2576]
2024-10-28 12:49:01,944 - INFO - loss: 0.881844  [ 1344/ 2576]
2024-10-28 12:49:06,292 - INFO - loss: 0.760531  [ 1984/ 2576]
2024-10-28 12:49:10,700 - INFO - loss: 1.089823  [  656/ 2576]
2024-10-28 12:49:17,698 - INFO - EPOCH 53:
2024-10-28 12:49:18,227 - INFO - loss: 0.741143  [   64/ 2576]
2024-10-28 12:49:22,469 - INFO - loss: 0.830552  [  704/ 2576]
2024-10-28 12:49:26,901 - INFO - loss: 1.071413  [ 1344/ 2576]
2024-10-28 12:49:31,425 - INFO - loss: 1.031579  [ 1984/ 2576]
2024-10-28 12:49:35,328 - INFO - loss: 1.104617  [  656/ 2576]
2024-10-28 12:49:41,756 - INFO - EPOCH 54:
2024-10-28 12:49:42,368 - INFO - loss: 0.921019  [   64/ 2576]
2024-10-28 12:49:47,593 - INFO - loss: 1.104435  [  704/ 2576]
2024-10-28 12:49:52,796 - INFO - loss: 0.945768  [ 1344/ 2576]
2024-10-28 12:49:57,914 - INFO - loss: 1.044729  [ 1984/ 2576]
2024-10-28 12:50:02,564 - INFO - loss: 1.432032  [  656/ 2576]
2024-10-28 12:50:09,140 - INFO - EPOCH 55:
2024-10-28 12:50:09,693 - INFO - loss: 0.897461  [   64/ 2576]
2024-10-28 12:50:14,765 - INFO - loss: 0.712456  [  704/ 2576]
2024-10-28 12:50:20,025 - INFO - loss: 1.040613  [ 1344/ 2576]
2024-10-28 12:50:25,359 - INFO - loss: 0.705968  [ 1984/ 2576]
2024-10-28 12:50:30,047 - INFO - loss: 1.030387  [  656/ 2576]
2024-10-28 12:50:36,749 - INFO - EPOCH 56:
2024-10-28 12:50:37,324 - INFO - loss: 0.961358  [   64/ 2576]
2024-10-28 12:50:42,272 - INFO - loss: 0.598517  [  704/ 2576]
2024-10-28 12:50:47,532 - INFO - loss: 0.631097  [ 1344/ 2576]
2024-10-28 12:50:52,723 - INFO - loss: 1.055326  [ 1984/ 2576]
2024-10-28 12:50:57,572 - INFO - loss: 1.308196  [  656/ 2576]
2024-10-28 12:51:04,584 - INFO - EPOCH 57:
2024-10-28 12:51:05,140 - INFO - loss: 0.868227  [   64/ 2576]
2024-10-28 12:51:09,261 - INFO - loss: 0.836527  [  704/ 2576]
2024-10-28 12:51:13,555 - INFO - loss: 1.016774  [ 1344/ 2576]
2024-10-28 12:51:17,686 - INFO - loss: 0.843814  [ 1984/ 2576]
2024-10-28 12:51:21,544 - INFO - loss: 0.809595  [  656/ 2576]
2024-10-28 12:51:27,661 - INFO - EPOCH 58:
2024-10-28 12:51:28,277 - INFO - loss: 0.745845  [   64/ 2576]
2024-10-28 12:51:32,412 - INFO - loss: 0.602939  [  704/ 2576]
2024-10-28 12:51:36,658 - INFO - loss: 0.806071  [ 1344/ 2576]
2024-10-28 12:51:40,908 - INFO - loss: 0.958077  [ 1984/ 2576]
2024-10-28 12:51:44,936 - INFO - loss: 0.979277  [  656/ 2576]
2024-10-28 12:51:51,334 - INFO - EPOCH 59:
2024-10-28 12:51:51,871 - INFO - loss: 0.557827  [   64/ 2576]
2024-10-28 12:51:56,297 - INFO - loss: 0.978877  [  704/ 2576]
2024-10-28 12:52:00,662 - INFO - loss: 1.081612  [ 1344/ 2576]
2024-10-28 12:52:05,044 - INFO - loss: 1.000163  [ 1984/ 2576]
2024-10-28 12:52:08,978 - INFO - loss: 1.424495  [  656/ 2576]
2024-10-28 12:52:15,446 - INFO - EPOCH 60:
2024-10-28 12:52:16,033 - INFO - loss: 0.832539  [   64/ 2576]
2024-10-28 12:52:20,421 - INFO - loss: 0.910805  [  704/ 2576]
2024-10-28 12:52:24,759 - INFO - loss: 0.881058  [ 1344/ 2576]
2024-10-28 12:52:28,989 - INFO - loss: 1.017270  [ 1984/ 2576]
2024-10-28 12:52:33,185 - INFO - loss: 1.238760  [  656/ 2576]
2024-10-28 12:52:39,316 - INFO - EPOCH 61:
2024-10-28 12:52:39,859 - INFO - loss: 0.919442  [   64/ 2576]
2024-10-28 12:52:43,905 - INFO - loss: 0.874439  [  704/ 2576]
2024-10-28 12:52:48,039 - INFO - loss: 0.605740  [ 1344/ 2576]
2024-10-28 12:52:52,111 - INFO - loss: 1.141391  [ 1984/ 2576]
2024-10-28 12:52:56,142 - INFO - loss: 1.330849  [  656/ 2576]
2024-10-28 12:53:02,661 - INFO - EPOCH 62:
2024-10-28 12:53:03,219 - INFO - loss: 0.564083  [   64/ 2576]
2024-10-28 12:53:08,313 - INFO - loss: 0.921233  [  704/ 2576]
2024-10-28 12:53:13,490 - INFO - loss: 0.760648  [ 1344/ 2576]
2024-10-28 12:53:18,628 - INFO - loss: 1.021389  [ 1984/ 2576]
2024-10-28 12:53:23,321 - INFO - loss: 1.045409  [  656/ 2576]
2024-10-28 12:53:29,701 - INFO - EPOCH 63:
2024-10-28 12:53:30,217 - INFO - loss: 1.024751  [   64/ 2576]
2024-10-28 12:53:35,343 - INFO - loss: 1.001546  [  704/ 2576]
2024-10-28 12:53:40,431 - INFO - loss: 0.876888  [ 1344/ 2576]
2024-10-28 12:53:45,552 - INFO - loss: 0.776013  [ 1984/ 2576]
2024-10-28 12:53:50,227 - INFO - loss: 1.351041  [  656/ 2576]
2024-10-28 12:53:56,608 - INFO - EPOCH 64:
2024-10-28 12:53:57,144 - INFO - loss: 0.856714  [   64/ 2576]
2024-10-28 12:54:02,216 - INFO - loss: 0.981855  [  704/ 2576]
2024-10-28 12:54:07,218 - INFO - loss: 0.766895  [ 1344/ 2576]
2024-10-28 12:54:12,255 - INFO - loss: 0.798186  [ 1984/ 2576]
2024-10-28 12:54:17,042 - INFO - loss: 1.670219  [  656/ 2576]
2024-10-28 12:54:23,513 - INFO - EPOCH 65:
2024-10-28 12:54:24,030 - INFO - loss: 1.029632  [   64/ 2576]
2024-10-28 12:54:28,999 - INFO - loss: 1.008108  [  704/ 2576]
2024-10-28 12:54:34,053 - INFO - loss: 0.736332  [ 1344/ 2576]
2024-10-28 12:54:39,109 - INFO - loss: 0.715453  [ 1984/ 2576]
2024-10-28 12:54:43,818 - INFO - loss: 0.776296  [  656/ 2576]
2024-10-28 12:54:50,281 - INFO - EPOCH 66:
2024-10-28 12:54:50,814 - INFO - loss: 1.104674  [   64/ 2576]
2024-10-28 12:54:55,900 - INFO - loss: 0.721967  [  704/ 2576]
2024-10-28 12:55:00,886 - INFO - loss: 0.677532  [ 1344/ 2576]
2024-10-28 12:55:06,087 - INFO - loss: 0.942500  [ 1984/ 2576]
2024-10-28 12:55:10,766 - INFO - loss: 1.341308  [  656/ 2576]
2024-10-28 12:55:17,211 - INFO - EPOCH 67:
2024-10-28 12:55:17,764 - INFO - loss: 1.114200  [   64/ 2576]
2024-10-28 12:55:22,796 - INFO - loss: 0.965692  [  704/ 2576]
2024-10-28 12:55:27,875 - INFO - loss: 0.798883  [ 1344/ 2576]
2024-10-28 12:55:33,094 - INFO - loss: 0.706326  [ 1984/ 2576]
2024-10-28 12:55:37,796 - INFO - loss: 1.010345  [  656/ 2576]
2024-10-28 12:55:44,502 - INFO - EPOCH 68:
2024-10-28 12:55:45,089 - INFO - loss: 0.790041  [   64/ 2576]
2024-10-28 12:55:49,330 - INFO - loss: 0.546880  [  704/ 2576]
2024-10-28 12:55:53,489 - INFO - loss: 0.770601  [ 1344/ 2576]
2024-10-28 12:55:57,580 - INFO - loss: 1.002448  [ 1984/ 2576]
2024-10-28 12:56:01,237 - INFO - loss: 1.159449  [  656/ 2576]
2024-10-28 12:56:07,318 - INFO - EPOCH 69:
2024-10-28 12:56:07,842 - INFO - loss: 0.978035  [   64/ 2576]
2024-10-28 12:56:12,172 - INFO - loss: 0.730643  [  704/ 2576]
2024-10-28 12:56:16,276 - INFO - loss: 0.631932  [ 1344/ 2576]
2024-10-28 12:56:20,237 - INFO - loss: 0.716828  [ 1984/ 2576]
2024-10-28 12:56:23,865 - INFO - loss: 1.116482  [  656/ 2576]
2024-10-28 12:56:29,857 - INFO - EPOCH 70:
2024-10-28 12:56:30,373 - INFO - loss: 0.796826  [   64/ 2576]
2024-10-28 12:56:34,546 - INFO - loss: 0.698744  [  704/ 2576]
2024-10-28 12:56:38,484 - INFO - loss: 0.603999  [ 1344/ 2576]
2024-10-28 12:56:42,484 - INFO - loss: 0.950375  [ 1984/ 2576]
2024-10-28 12:56:46,333 - INFO - loss: 1.434133  [  656/ 2576]
2024-10-28 12:56:52,453 - INFO - EPOCH 71:
2024-10-28 12:56:52,974 - INFO - loss: 0.684792  [   64/ 2576]
2024-10-28 12:56:57,040 - INFO - loss: 0.720820  [  704/ 2576]
2024-10-28 12:57:00,994 - INFO - loss: 0.524246  [ 1344/ 2576]
2024-10-28 12:57:05,022 - INFO - loss: 0.944470  [ 1984/ 2576]
2024-10-28 12:57:08,774 - INFO - loss: 0.687056  [  656/ 2576]
2024-10-28 12:57:14,879 - INFO - EPOCH 72:
2024-10-28 12:57:15,398 - INFO - loss: 0.687344  [   64/ 2576]
2024-10-28 12:57:19,439 - INFO - loss: 0.869307  [  704/ 2576]
2024-10-28 12:57:23,498 - INFO - loss: 0.693319  [ 1344/ 2576]
2024-10-28 12:57:27,749 - INFO - loss: 1.015945  [ 1984/ 2576]
2024-10-28 12:57:31,538 - INFO - loss: 1.291127  [  656/ 2576]
2024-10-28 12:57:37,631 - INFO - EPOCH 73:
2024-10-28 12:57:38,150 - INFO - loss: 0.789588  [   64/ 2576]
2024-10-28 12:57:42,239 - INFO - loss: 0.695555  [  704/ 2576]
2024-10-28 12:57:46,251 - INFO - loss: 0.646918  [ 1344/ 2576]
2024-10-28 12:57:50,273 - INFO - loss: 0.632078  [ 1984/ 2576]
2024-10-28 12:57:53,916 - INFO - loss: 1.375616  [  656/ 2576]
2024-10-28 12:57:59,937 - INFO - EPOCH 74:
2024-10-28 12:58:00,495 - INFO - loss: 0.769085  [   64/ 2576]
2024-10-28 12:58:04,636 - INFO - loss: 0.667937  [  704/ 2576]
2024-10-28 12:58:08,809 - INFO - loss: 0.625516  [ 1344/ 2576]
2024-10-28 12:58:12,804 - INFO - loss: 0.791867  [ 1984/ 2576]
2024-10-28 12:58:16,519 - INFO - loss: 0.855526  [  656/ 2576]
2024-10-28 12:58:22,593 - INFO - EPOCH 75:
2024-10-28 12:58:23,125 - INFO - loss: 0.741471  [   64/ 2576]
2024-10-28 12:58:27,235 - INFO - loss: 0.738865  [  704/ 2576]
2024-10-28 12:58:31,287 - INFO - loss: 0.626000  [ 1344/ 2576]
2024-10-28 12:58:35,294 - INFO - loss: 0.880026  [ 1984/ 2576]
2024-10-28 12:58:38,956 - INFO - loss: 1.705511  [  656/ 2576]
2024-10-28 12:58:46,054 - INFO - EPOCH 76:
2024-10-28 12:58:46,650 - INFO - loss: 1.015593  [   64/ 2576]
2024-10-28 12:58:51,106 - INFO - loss: 0.829056  [  704/ 2576]
2024-10-28 12:58:55,347 - INFO - loss: 0.793302  [ 1344/ 2576]
2024-10-28 12:58:59,829 - INFO - loss: 0.646219  [ 1984/ 2576]
2024-10-28 12:59:03,790 - INFO - loss: 0.619271  [  656/ 2576]
2024-10-28 12:59:10,331 - INFO - EPOCH 77:
2024-10-28 12:59:10,911 - INFO - loss: 0.584294  [   64/ 2576]
2024-10-28 12:59:15,243 - INFO - loss: 1.174669  [  704/ 2576]
2024-10-28 12:59:19,759 - INFO - loss: 0.608211  [ 1344/ 2576]
2024-10-28 12:59:24,164 - INFO - loss: 0.945713  [ 1984/ 2576]
2024-10-28 12:59:29,020 - INFO - loss: 0.462519  [  656/ 2576]
2024-10-28 12:59:36,124 - INFO - EPOCH 78:
2024-10-28 12:59:36,656 - INFO - loss: 0.504104  [   64/ 2576]
2024-10-28 12:59:41,814 - INFO - loss: 0.712951  [  704/ 2576]
2024-10-28 12:59:47,190 - INFO - loss: 0.891930  [ 1344/ 2576]
2024-10-28 12:59:52,511 - INFO - loss: 0.902223  [ 1984/ 2576]
2024-10-28 12:59:57,546 - INFO - loss: 1.004612  [  656/ 2576]
2024-10-28 13:00:04,666 - INFO - EPOCH 79:
2024-10-28 13:00:05,279 - INFO - loss: 0.647330  [   64/ 2576]
2024-10-28 13:00:10,670 - INFO - loss: 0.787495  [  704/ 2576]
2024-10-28 13:00:15,968 - INFO - loss: 0.872299  [ 1344/ 2576]
2024-10-28 13:00:21,570 - INFO - loss: 0.698762  [ 1984/ 2576]
2024-10-28 13:00:26,415 - INFO - loss: 1.149596  [  656/ 2576]
2024-10-28 13:00:33,455 - INFO - EPOCH 80:
2024-10-28 13:00:34,068 - INFO - loss: 0.722355  [   64/ 2576]
2024-10-28 13:00:39,395 - INFO - loss: 0.657976  [  704/ 2576]
2024-10-28 13:00:44,986 - INFO - loss: 0.652538  [ 1344/ 2576]
2024-10-28 13:00:50,614 - INFO - loss: 0.731876  [ 1984/ 2576]
2024-10-28 13:00:55,529 - INFO - loss: 1.109850  [  656/ 2576]
2024-10-28 13:01:02,480 - INFO - EPOCH 81:
2024-10-28 13:01:03,044 - INFO - loss: 0.623814  [   64/ 2576]
2024-10-28 13:01:08,454 - INFO - loss: 0.589027  [  704/ 2576]
2024-10-28 13:01:14,013 - INFO - loss: 0.753627  [ 1344/ 2576]
2024-10-28 13:01:19,335 - INFO - loss: 0.624101  [ 1984/ 2576]
2024-10-28 13:01:24,499 - INFO - loss: 1.278684  [  656/ 2576]
2024-10-28 13:01:31,556 - INFO - EPOCH 82:
2024-10-28 13:01:32,094 - INFO - loss: 0.832567  [   64/ 2576]
2024-10-28 13:01:37,543 - INFO - loss: 0.606958  [  704/ 2576]
2024-10-28 13:01:42,885 - INFO - loss: 0.567755  [ 1344/ 2576]
2024-10-28 13:01:48,261 - INFO - loss: 0.837331  [ 1984/ 2576]
2024-10-28 13:01:53,301 - INFO - loss: 0.822638  [  656/ 2576]
2024-10-28 13:02:00,399 - INFO - EPOCH 83:
2024-10-28 13:02:00,965 - INFO - loss: 0.839349  [   64/ 2576]
2024-10-28 13:02:06,738 - INFO - loss: 0.652586  [  704/ 2576]
2024-10-28 13:02:11,942 - INFO - loss: 0.722168  [ 1344/ 2576]
2024-10-28 13:02:17,247 - INFO - loss: 0.905389  [ 1984/ 2576]
2024-10-28 13:02:22,262 - INFO - loss: 0.926991  [  656/ 2576]
2024-10-28 13:02:29,192 - INFO - EPOCH 84:
2024-10-28 13:02:29,709 - INFO - loss: 0.625379  [   64/ 2576]
2024-10-28 13:02:35,130 - INFO - loss: 0.514476  [  704/ 2576]
2024-10-28 13:02:40,502 - INFO - loss: 0.811740  [ 1344/ 2576]
2024-10-28 13:02:46,089 - INFO - loss: 0.819774  [ 1984/ 2576]
2024-10-28 13:02:51,270 - INFO - loss: 0.944597  [  656/ 2576]
2024-10-28 13:02:58,327 - INFO - EPOCH 85:
2024-10-28 13:02:58,849 - INFO - loss: 0.717972  [   64/ 2576]
2024-10-28 13:03:03,960 - INFO - loss: 0.866684  [  704/ 2576]
2024-10-28 13:03:08,903 - INFO - loss: 0.781310  [ 1344/ 2576]
2024-10-28 13:03:13,931 - INFO - loss: 0.661583  [ 1984/ 2576]
2024-10-28 13:03:18,552 - INFO - loss: 0.791847  [  656/ 2576]
2024-10-28 13:03:25,119 - INFO - EPOCH 86:
2024-10-28 13:03:25,656 - INFO - loss: 0.817708  [   64/ 2576]
2024-10-28 13:03:30,658 - INFO - loss: 0.624709  [  704/ 2576]
2024-10-28 13:03:35,708 - INFO - loss: 0.863195  [ 1344/ 2576]
2024-10-28 13:03:40,908 - INFO - loss: 0.828321  [ 1984/ 2576]
2024-10-28 13:03:45,637 - INFO - loss: 1.139363  [  656/ 2576]
2024-10-28 13:03:52,205 - INFO - EPOCH 87:
2024-10-28 13:03:52,755 - INFO - loss: 0.951008  [   64/ 2576]
2024-10-28 13:03:58,023 - INFO - loss: 0.804606  [  704/ 2576]
2024-10-28 13:04:03,200 - INFO - loss: 0.929566  [ 1344/ 2576]
2024-10-28 13:04:08,308 - INFO - loss: 0.753154  [ 1984/ 2576]
2024-10-28 13:04:12,917 - INFO - loss: 0.757012  [  656/ 2576]
2024-10-28 13:04:19,301 - INFO - EPOCH 88:
2024-10-28 13:04:19,832 - INFO - loss: 0.528268  [   64/ 2576]
2024-10-28 13:04:24,866 - INFO - loss: 0.757766  [  704/ 2576]
2024-10-28 13:04:29,983 - INFO - loss: 0.952553  [ 1344/ 2576]
2024-10-28 13:04:34,989 - INFO - loss: 0.827411  [ 1984/ 2576]
2024-10-28 13:04:39,782 - INFO - loss: 0.599785  [  656/ 2576]
2024-10-28 13:04:46,441 - INFO - EPOCH 89:
2024-10-28 13:04:46,982 - INFO - loss: 0.702374  [   64/ 2576]
2024-10-28 13:04:52,093 - INFO - loss: 0.616820  [  704/ 2576]
2024-10-28 13:04:57,092 - INFO - loss: 0.846434  [ 1344/ 2576]
2024-10-28 13:05:02,095 - INFO - loss: 0.699594  [ 1984/ 2576]
2024-10-28 13:05:06,702 - INFO - loss: 0.775251  [  656/ 2576]
2024-10-28 13:05:13,070 - INFO - EPOCH 90:
2024-10-28 13:05:13,599 - INFO - loss: 0.623352  [   64/ 2576]
2024-10-28 13:05:18,686 - INFO - loss: 0.418095  [  704/ 2576]
2024-10-28 13:05:23,672 - INFO - loss: 0.559687  [ 1344/ 2576]
2024-10-28 13:05:28,673 - INFO - loss: 0.552568  [ 1984/ 2576]
2024-10-28 13:05:33,318 - INFO - loss: 0.883119  [  656/ 2576]
2024-10-28 13:05:39,792 - INFO - EPOCH 91:
2024-10-28 13:05:40,338 - INFO - loss: 0.524015  [   64/ 2576]
2024-10-28 13:05:45,364 - INFO - loss: 0.610246  [  704/ 2576]
2024-10-28 13:05:50,477 - INFO - loss: 0.607930  [ 1344/ 2576]
2024-10-28 13:05:55,495 - INFO - loss: 0.689866  [ 1984/ 2576]
2024-10-28 13:06:00,297 - INFO - loss: 0.739281  [  656/ 2576]
2024-10-28 13:06:06,772 - INFO - EPOCH 92:
2024-10-28 13:06:07,331 - INFO - loss: 0.617591  [   64/ 2576]
2024-10-28 13:06:12,369 - INFO - loss: 0.831322  [  704/ 2576]
2024-10-28 13:06:17,347 - INFO - loss: 0.590002  [ 1344/ 2576]
2024-10-28 13:06:22,349 - INFO - loss: 0.712829  [ 1984/ 2576]
2024-10-28 13:06:27,076 - INFO - loss: 0.916370  [  656/ 2576]
2024-10-28 13:06:33,598 - INFO - EPOCH 93:
2024-10-28 13:06:34,145 - INFO - loss: 0.689506  [   64/ 2576]
2024-10-28 13:06:39,161 - INFO - loss: 0.695860  [  704/ 2576]
2024-10-28 13:06:44,249 - INFO - loss: 0.685222  [ 1344/ 2576]
2024-10-28 13:06:49,263 - INFO - loss: 0.899837  [ 1984/ 2576]
2024-10-28 13:06:53,851 - INFO - loss: 0.799164  [  656/ 2576]
2024-10-28 13:07:00,191 - INFO - EPOCH 94:
2024-10-28 13:07:00,744 - INFO - loss: 0.602691  [   64/ 2576]
2024-10-28 13:07:05,872 - INFO - loss: 0.674604  [  704/ 2576]
2024-10-28 13:07:10,952 - INFO - loss: 0.713664  [ 1344/ 2576]
2024-10-28 13:07:16,063 - INFO - loss: 0.748310  [ 1984/ 2576]
2024-10-28 13:07:20,766 - INFO - loss: 0.513215  [  656/ 2576]
2024-10-28 13:07:27,516 - INFO - EPOCH 95:
2024-10-28 13:07:28,046 - INFO - loss: 0.589373  [   64/ 2576]
2024-10-28 13:07:33,187 - INFO - loss: 0.530387  [  704/ 2576]
2024-10-28 13:07:38,236 - INFO - loss: 0.662338  [ 1344/ 2576]
2024-10-28 13:07:43,355 - INFO - loss: 0.539328  [ 1984/ 2576]
2024-10-28 13:07:48,029 - INFO - loss: 0.791877  [  656/ 2576]
2024-10-28 13:07:54,578 - INFO - EPOCH 96:
2024-10-28 13:07:55,146 - INFO - loss: 0.728431  [   64/ 2576]
2024-10-28 13:08:00,227 - INFO - loss: 0.918161  [  704/ 2576]
2024-10-28 13:08:05,315 - INFO - loss: 0.360179  [ 1344/ 2576]
2024-10-28 13:08:10,453 - INFO - loss: 0.811951  [ 1984/ 2576]
2024-10-28 13:08:15,138 - INFO - loss: 0.495008  [  656/ 2576]
2024-10-28 13:08:21,596 - INFO - EPOCH 97:
2024-10-28 13:08:22,170 - INFO - loss: 0.722211  [   64/ 2576]
2024-10-28 13:08:27,130 - INFO - loss: 0.980699  [  704/ 2576]
2024-10-28 13:08:32,198 - INFO - loss: 0.635055  [ 1344/ 2576]
2024-10-28 13:08:37,209 - INFO - loss: 0.653991  [ 1984/ 2576]
2024-10-28 13:08:41,948 - INFO - loss: 1.335645  [  656/ 2576]
2024-10-28 13:08:48,349 - INFO - EPOCH 98:
2024-10-28 13:08:48,909 - INFO - loss: 0.572768  [   64/ 2576]
2024-10-28 13:08:53,921 - INFO - loss: 0.722422  [  704/ 2576]
2024-10-28 13:08:58,990 - INFO - loss: 0.609465  [ 1344/ 2576]
2024-10-28 13:09:04,009 - INFO - loss: 0.786021  [ 1984/ 2576]
2024-10-28 13:09:08,743 - INFO - loss: 0.822949  [  656/ 2576]
2024-10-28 13:09:15,366 - INFO - EPOCH 99:
2024-10-28 13:09:15,907 - INFO - loss: 0.621384  [   64/ 2576]
2024-10-28 13:09:20,986 - INFO - loss: 0.619796  [  704/ 2576]
2024-10-28 13:09:26,001 - INFO - loss: 0.762612  [ 1344/ 2576]
2024-10-28 13:09:31,097 - INFO - loss: 0.570508  [ 1984/ 2576]
2024-10-28 13:09:35,736 - INFO - loss: 1.513410  [  656/ 2576]
2024-10-28 13:09:42,489 - INFO - EPOCH 100:
2024-10-28 13:09:43,044 - INFO - loss: 0.609584  [   64/ 2576]
2024-10-28 13:09:47,826 - INFO - loss: 0.693510  [  704/ 2576]
2024-10-28 13:09:52,036 - INFO - loss: 0.550041  [ 1344/ 2576]
2024-10-28 13:09:56,162 - INFO - loss: 0.823412  [ 1984/ 2576]
2024-10-28 13:09:59,869 - INFO - loss: 0.783472  [  656/ 2576]
2024-10-28 13:10:06,040 - INFO - Final Evaluation...
2024-10-28 13:10:28,419 - INFO - Accuracy  80.70% [correct: 2961, total: 3669]
2024-10-28 13:10:28,419 - INFO - Precision: 0.8120637536048889
2024-10-28 13:10:28,420 - INFO - Recall: 0.8064481616020203
