2024-10-27 20:04:32,513 - INFO - Model Results will be saved to: model_store/trained_20241027/model_200432
2024-10-27 20:04:33,020 - INFO - Training 50 epochs, lr: 0.001...
2024-10-27 20:04:33,021 - INFO - EPOCH 1:
2024-10-27 20:04:34,183 - INFO - loss: 3.656203  [   64/ 2576]
2024-10-27 20:04:39,183 - INFO - loss: 2.336190  [  704/ 2576]
2024-10-27 20:04:44,486 - INFO - loss: 1.870432  [ 1344/ 2576]
2024-10-27 20:04:50,432 - INFO - loss: 2.018915  [ 1984/ 2576]
2024-10-27 20:04:55,008 - INFO - loss: 1.503504  [  656/ 2576]
2024-10-27 20:05:01,344 - INFO - EPOCH 2:
2024-10-27 20:05:01,875 - INFO - loss: 1.383889  [   64/ 2576]
2024-10-27 20:05:07,280 - INFO - loss: 1.332231  [  704/ 2576]
2024-10-27 20:05:12,478 - INFO - loss: 1.083561  [ 1344/ 2576]
2024-10-27 20:05:17,204 - INFO - loss: 1.400590  [ 1984/ 2576]
2024-10-27 20:05:21,668 - INFO - loss: 1.497487  [  656/ 2576]
2024-10-27 20:05:28,129 - INFO - EPOCH 3:
2024-10-27 20:05:28,580 - INFO - loss: 1.054106  [   64/ 2576]
2024-10-27 20:05:33,184 - INFO - loss: 0.798548  [  704/ 2576]
2024-10-27 20:05:38,962 - INFO - loss: 1.040816  [ 1344/ 2576]
2024-10-27 20:05:43,910 - INFO - loss: 0.889723  [ 1984/ 2576]
2024-10-27 20:05:48,255 - INFO - loss: 1.126084  [  656/ 2576]
2024-10-27 20:05:54,543 - INFO - EPOCH 4:
2024-10-27 20:05:54,962 - INFO - loss: 0.891921  [   64/ 2576]
2024-10-27 20:05:59,522 - INFO - loss: 0.840497  [  704/ 2576]
2024-10-27 20:06:03,836 - INFO - loss: 0.781364  [ 1344/ 2576]
2024-10-27 20:06:08,262 - INFO - loss: 0.807144  [ 1984/ 2576]
2024-10-27 20:06:12,538 - INFO - loss: 0.741683  [  656/ 2576]
2024-10-27 20:06:19,166 - INFO - EPOCH 5:
2024-10-27 20:06:19,779 - INFO - loss: 0.582119  [   64/ 2576]
2024-10-27 20:06:24,489 - INFO - loss: 0.771897  [  704/ 2576]
2024-10-27 20:06:30,441 - INFO - loss: 0.699602  [ 1344/ 2576]
2024-10-27 20:06:35,620 - INFO - loss: 0.629337  [ 1984/ 2576]
2024-10-27 20:06:39,918 - INFO - loss: 0.411945  [  656/ 2576]
2024-10-27 20:06:46,291 - INFO - EPOCH 6:
2024-10-27 20:06:46,825 - INFO - loss: 0.529605  [   64/ 2576]
2024-10-27 20:06:51,789 - INFO - loss: 0.569721  [  704/ 2576]
2024-10-27 20:06:56,342 - INFO - loss: 0.549990  [ 1344/ 2576]
2024-10-27 20:07:00,630 - INFO - loss: 0.608824  [ 1984/ 2576]
2024-10-27 20:07:04,907 - INFO - loss: 0.759913  [  656/ 2576]
2024-10-27 20:07:11,262 - INFO - EPOCH 7:
2024-10-27 20:07:11,871 - INFO - loss: 0.604746  [   64/ 2576]
2024-10-27 20:07:17,101 - INFO - loss: 0.644821  [  704/ 2576]
2024-10-27 20:07:22,735 - INFO - loss: 0.543258  [ 1344/ 2576]
2024-10-27 20:07:27,877 - INFO - loss: 0.599493  [ 1984/ 2576]
2024-10-27 20:07:32,141 - INFO - loss: 0.584655  [  656/ 2576]
2024-10-27 20:07:38,686 - INFO - EPOCH 8:
2024-10-27 20:07:39,208 - INFO - loss: 0.433202  [   64/ 2576]
2024-10-27 20:07:43,706 - INFO - loss: 0.459470  [  704/ 2576]
2024-10-27 20:07:48,154 - INFO - loss: 0.460836  [ 1344/ 2576]
2024-10-27 20:07:53,167 - INFO - loss: 0.397743  [ 1984/ 2576]
2024-10-27 20:07:58,115 - INFO - loss: 0.834595  [  656/ 2576]
2024-10-27 20:08:05,284 - INFO - EPOCH 9:
2024-10-27 20:08:05,779 - INFO - loss: 0.333729  [   64/ 2576]
2024-10-27 20:08:09,919 - INFO - loss: 0.532854  [  704/ 2576]
2024-10-27 20:08:13,952 - INFO - loss: 0.440282  [ 1344/ 2576]
2024-10-27 20:08:17,956 - INFO - loss: 0.270643  [ 1984/ 2576]
2024-10-27 20:08:21,614 - INFO - loss: 0.607873  [  656/ 2576]
2024-10-27 20:08:27,403 - INFO - EPOCH 10:
2024-10-27 20:08:27,957 - INFO - loss: 0.322361  [   64/ 2576]
2024-10-27 20:08:31,651 - INFO - loss: 0.226125  [  704/ 2576]
2024-10-27 20:08:35,758 - INFO - loss: 0.387277  [ 1344/ 2576]
2024-10-27 20:08:39,943 - INFO - loss: 0.356966  [ 1984/ 2576]
2024-10-27 20:08:43,735 - INFO - loss: 0.488108  [  656/ 2576]
2024-10-27 20:08:49,483 - INFO - EPOCH 11:
2024-10-27 20:08:50,068 - INFO - loss: 0.353202  [   64/ 2576]
2024-10-27 20:08:54,002 - INFO - loss: 0.367395  [  704/ 2576]
2024-10-27 20:08:57,678 - INFO - loss: 0.227590  [ 1344/ 2576]
2024-10-27 20:09:01,452 - INFO - loss: 0.346854  [ 1984/ 2576]
2024-10-27 20:09:04,932 - INFO - loss: 0.471026  [  656/ 2576]
2024-10-27 20:09:10,627 - INFO - EPOCH 12:
2024-10-27 20:09:11,137 - INFO - loss: 0.202996  [   64/ 2576]
2024-10-27 20:09:15,048 - INFO - loss: 0.212298  [  704/ 2576]
2024-10-27 20:09:18,875 - INFO - loss: 0.351496  [ 1344/ 2576]
2024-10-27 20:09:22,907 - INFO - loss: 0.323374  [ 1984/ 2576]
2024-10-27 20:09:26,618 - INFO - loss: 0.347679  [  656/ 2576]
2024-10-27 20:09:32,372 - INFO - EPOCH 13:
2024-10-27 20:09:32,869 - INFO - loss: 0.182599  [   64/ 2576]
2024-10-27 20:09:36,600 - INFO - loss: 0.094279  [  704/ 2576]
2024-10-27 20:09:40,516 - INFO - loss: 0.185406  [ 1344/ 2576]
2024-10-27 20:09:44,287 - INFO - loss: 0.367170  [ 1984/ 2576]
2024-10-27 20:09:48,211 - INFO - loss: 0.313090  [  656/ 2576]
2024-10-27 20:09:54,555 - INFO - EPOCH 14:
2024-10-27 20:09:54,998 - INFO - loss: 0.146783  [   64/ 2576]
2024-10-27 20:09:59,697 - INFO - loss: 0.249435  [  704/ 2576]
2024-10-27 20:10:04,787 - INFO - loss: 0.141094  [ 1344/ 2576]
2024-10-27 20:10:09,280 - INFO - loss: 0.206271  [ 1984/ 2576]
2024-10-27 20:10:13,842 - INFO - loss: 1.037876  [  656/ 2576]
2024-10-27 20:10:20,320 - INFO - EPOCH 15:
2024-10-27 20:10:20,857 - INFO - loss: 0.220748  [   64/ 2576]
2024-10-27 20:10:25,286 - INFO - loss: 0.183880  [  704/ 2576]
2024-10-27 20:10:29,991 - INFO - loss: 0.211158  [ 1344/ 2576]
2024-10-27 20:10:34,531 - INFO - loss: 0.206614  [ 1984/ 2576]
2024-10-27 20:10:37,994 - INFO - loss: 0.222902  [  656/ 2576]
2024-10-27 20:10:43,566 - INFO - EPOCH 16:
2024-10-27 20:10:44,103 - INFO - loss: 0.120869  [   64/ 2576]
2024-10-27 20:10:48,085 - INFO - loss: 0.204375  [  704/ 2576]
2024-10-27 20:10:52,152 - INFO - loss: 0.303665  [ 1344/ 2576]
2024-10-27 20:10:56,229 - INFO - loss: 0.548958  [ 1984/ 2576]
2024-10-27 20:10:59,958 - INFO - loss: 0.518713  [  656/ 2576]
2024-10-27 20:11:06,467 - INFO - EPOCH 17:
2024-10-27 20:11:06,900 - INFO - loss: 0.141641  [   64/ 2576]
2024-10-27 20:11:11,917 - INFO - loss: 0.201060  [  704/ 2576]
2024-10-27 20:11:16,458 - INFO - loss: 0.091963  [ 1344/ 2576]
2024-10-27 20:11:21,303 - INFO - loss: 0.294064  [ 1984/ 2576]
2024-10-27 20:11:25,707 - INFO - loss: 0.333383  [  656/ 2576]
2024-10-27 20:11:32,301 - INFO - EPOCH 18:
2024-10-27 20:11:33,018 - INFO - loss: 0.160600  [   64/ 2576]
2024-10-27 20:11:37,576 - INFO - loss: 0.240997  [  704/ 2576]
2024-10-27 20:11:42,638 - INFO - loss: 0.148981  [ 1344/ 2576]
2024-10-27 20:11:47,837 - INFO - loss: 0.134513  [ 1984/ 2576]
2024-10-27 20:11:52,398 - INFO - loss: 0.069375  [  656/ 2576]
2024-10-27 20:11:58,726 - INFO - EPOCH 19:
2024-10-27 20:11:59,237 - INFO - loss: 0.127663  [   64/ 2576]
2024-10-27 20:12:03,673 - INFO - loss: 0.095420  [  704/ 2576]
2024-10-27 20:12:08,657 - INFO - loss: 0.140630  [ 1344/ 2576]
2024-10-27 20:12:13,393 - INFO - loss: 0.125121  [ 1984/ 2576]
2024-10-27 20:12:17,511 - INFO - loss: 0.215850  [  656/ 2576]
2024-10-27 20:12:24,055 - INFO - EPOCH 20:
2024-10-27 20:12:24,470 - INFO - loss: 0.184729  [   64/ 2576]
2024-10-27 20:12:28,916 - INFO - loss: 0.187963  [  704/ 2576]
2024-10-27 20:12:33,545 - INFO - loss: 0.223679  [ 1344/ 2576]
2024-10-27 20:12:38,371 - INFO - loss: 0.131130  [ 1984/ 2576]
2024-10-27 20:12:42,879 - INFO - loss: 0.490861  [  656/ 2576]
2024-10-27 20:12:49,259 - INFO - EPOCH 21:
2024-10-27 20:12:49,713 - INFO - loss: 0.087258  [   64/ 2576]
2024-10-27 20:12:54,456 - INFO - loss: 0.297383  [  704/ 2576]
2024-10-27 20:12:58,982 - INFO - loss: 0.132425  [ 1344/ 2576]
2024-10-27 20:13:03,744 - INFO - loss: 0.080575  [ 1984/ 2576]
2024-10-27 20:13:07,945 - INFO - loss: 0.152840  [  656/ 2576]
2024-10-27 20:13:14,371 - INFO - EPOCH 22:
2024-10-27 20:13:14,891 - INFO - loss: 0.033042  [   64/ 2576]
2024-10-27 20:13:19,839 - INFO - loss: 0.109431  [  704/ 2576]
2024-10-27 20:13:24,836 - INFO - loss: 0.225560  [ 1344/ 2576]
2024-10-27 20:13:29,254 - INFO - loss: 0.201026  [ 1984/ 2576]
2024-10-27 20:13:33,713 - INFO - loss: 0.179647  [  656/ 2576]
2024-10-27 20:13:40,100 - INFO - EPOCH 23:
2024-10-27 20:13:40,571 - INFO - loss: 0.097628  [   64/ 2576]
2024-10-27 20:13:45,596 - INFO - loss: 0.095257  [  704/ 2576]
2024-10-27 20:13:50,494 - INFO - loss: 0.072218  [ 1344/ 2576]
2024-10-27 20:13:55,337 - INFO - loss: 0.078058  [ 1984/ 2576]
2024-10-27 20:13:59,789 - INFO - loss: 0.157505  [  656/ 2576]
2024-10-27 20:14:06,150 - INFO - EPOCH 24:
2024-10-27 20:14:06,625 - INFO - loss: 0.108751  [   64/ 2576]
2024-10-27 20:14:11,425 - INFO - loss: 0.117273  [  704/ 2576]
2024-10-27 20:14:16,094 - INFO - loss: 0.040541  [ 1344/ 2576]
2024-10-27 20:14:21,007 - INFO - loss: 0.111250  [ 1984/ 2576]
2024-10-27 20:14:25,519 - INFO - loss: 0.069156  [  656/ 2576]
2024-10-27 20:14:31,945 - INFO - EPOCH 25:
2024-10-27 20:14:32,522 - INFO - loss: 0.149221  [   64/ 2576]
2024-10-27 20:14:37,472 - INFO - loss: 0.167219  [  704/ 2576]
2024-10-27 20:14:42,712 - INFO - loss: 0.119590  [ 1344/ 2576]
2024-10-27 20:14:47,512 - INFO - loss: 0.106219  [ 1984/ 2576]
2024-10-27 20:14:51,902 - INFO - loss: 0.340478  [  656/ 2576]
2024-10-27 20:14:58,402 - INFO - EPOCH 26:
2024-10-27 20:14:58,831 - INFO - loss: 0.065630  [   64/ 2576]
2024-10-27 20:15:03,526 - INFO - loss: 0.101420  [  704/ 2576]
2024-10-27 20:15:08,579 - INFO - loss: 0.129502  [ 1344/ 2576]
2024-10-27 20:15:13,542 - INFO - loss: 0.210321  [ 1984/ 2576]
2024-10-27 20:15:17,961 - INFO - loss: 0.159397  [  656/ 2576]
2024-10-27 20:15:24,488 - INFO - EPOCH 27:
2024-10-27 20:15:24,920 - INFO - loss: 0.102360  [   64/ 2576]
2024-10-27 20:15:29,360 - INFO - loss: 0.132922  [  704/ 2576]
2024-10-27 20:15:34,261 - INFO - loss: 0.148786  [ 1344/ 2576]
2024-10-27 20:15:39,224 - INFO - loss: 0.160692  [ 1984/ 2576]
2024-10-27 20:15:43,826 - INFO - loss: 0.286262  [  656/ 2576]
2024-10-27 20:15:50,620 - INFO - EPOCH 28:
2024-10-27 20:15:51,081 - INFO - loss: 0.068964  [   64/ 2576]
2024-10-27 20:15:56,073 - INFO - loss: 0.117533  [  704/ 2576]
2024-10-27 20:16:00,569 - INFO - loss: 0.113877  [ 1344/ 2576]
2024-10-27 20:16:05,314 - INFO - loss: 0.191347  [ 1984/ 2576]
2024-10-27 20:16:09,708 - INFO - loss: 0.254223  [  656/ 2576]
2024-10-27 20:16:16,487 - INFO - EPOCH 29:
2024-10-27 20:16:16,975 - INFO - loss: 0.134294  [   64/ 2576]
2024-10-27 20:16:22,291 - INFO - loss: 0.128961  [  704/ 2576]
2024-10-27 20:16:27,379 - INFO - loss: 0.049474  [ 1344/ 2576]
2024-10-27 20:16:32,957 - INFO - loss: 0.184210  [ 1984/ 2576]
2024-10-27 20:16:36,894 - INFO - loss: 0.181720  [  656/ 2576]
2024-10-27 20:16:42,807 - INFO - EPOCH 30:
2024-10-27 20:16:43,367 - INFO - loss: 0.079020  [   64/ 2576]
2024-10-27 20:16:47,407 - INFO - loss: 0.063510  [  704/ 2576]
2024-10-27 20:16:51,242 - INFO - loss: 0.087824  [ 1344/ 2576]
2024-10-27 20:16:55,015 - INFO - loss: 0.318898  [ 1984/ 2576]
2024-10-27 20:16:58,623 - INFO - loss: 0.269833  [  656/ 2576]
2024-10-27 20:17:04,365 - INFO - EPOCH 31:
2024-10-27 20:17:04,949 - INFO - loss: 0.047216  [   64/ 2576]
2024-10-27 20:17:08,926 - INFO - loss: 0.073451  [  704/ 2576]
2024-10-27 20:17:12,623 - INFO - loss: 0.216302  [ 1344/ 2576]
2024-10-27 20:17:16,573 - INFO - loss: 0.150943  [ 1984/ 2576]
2024-10-27 20:17:20,006 - INFO - loss: 0.059659  [  656/ 2576]
2024-10-27 20:17:25,856 - INFO - EPOCH 32:
2024-10-27 20:17:26,369 - INFO - loss: 0.075354  [   64/ 2576]
2024-10-27 20:17:30,374 - INFO - loss: 0.066724  [  704/ 2576]
2024-10-27 20:17:34,266 - INFO - loss: 0.060478  [ 1344/ 2576]
2024-10-27 20:17:38,477 - INFO - loss: 0.168190  [ 1984/ 2576]
2024-10-27 20:17:43,012 - INFO - loss: 0.066978  [  656/ 2576]
2024-10-27 20:17:48,926 - INFO - EPOCH 33:
2024-10-27 20:17:49,418 - INFO - loss: 0.030785  [   64/ 2576]
2024-10-27 20:17:54,437 - INFO - loss: 0.124243  [  704/ 2576]
2024-10-27 20:17:58,512 - INFO - loss: 0.102851  [ 1344/ 2576]
2024-10-27 20:18:02,428 - INFO - loss: 0.088287  [ 1984/ 2576]
2024-10-27 20:18:06,781 - INFO - loss: 0.429308  [  656/ 2576]
2024-10-27 20:18:12,982 - INFO - EPOCH 34:
2024-10-27 20:18:13,492 - INFO - loss: 0.051180  [   64/ 2576]
2024-10-27 20:18:18,504 - INFO - loss: 0.069435  [  704/ 2576]
2024-10-27 20:18:23,560 - INFO - loss: 0.123306  [ 1344/ 2576]
2024-10-27 20:18:27,878 - INFO - loss: 0.085189  [ 1984/ 2576]
2024-10-27 20:18:31,565 - INFO - loss: 0.269852  [  656/ 2576]
2024-10-27 20:18:37,817 - INFO - EPOCH 35:
2024-10-27 20:18:38,219 - INFO - loss: 0.022481  [   64/ 2576]
2024-10-27 20:18:42,335 - INFO - loss: 0.135640  [  704/ 2576]
2024-10-27 20:18:46,714 - INFO - loss: 0.158672  [ 1344/ 2576]
2024-10-27 20:18:50,560 - INFO - loss: 0.037403  [ 1984/ 2576]
2024-10-27 20:18:54,366 - INFO - loss: 0.176443  [  656/ 2576]
2024-10-27 20:19:00,324 - INFO - EPOCH 36:
2024-10-27 20:19:00,832 - INFO - loss: 0.031879  [   64/ 2576]
2024-10-27 20:19:04,597 - INFO - loss: 0.017733  [  704/ 2576]
2024-10-27 20:19:08,583 - INFO - loss: 0.077588  [ 1344/ 2576]
2024-10-27 20:19:12,627 - INFO - loss: 0.144279  [ 1984/ 2576]
2024-10-27 20:19:16,455 - INFO - loss: 0.046612  [  656/ 2576]
2024-10-27 20:19:22,130 - INFO - EPOCH 37:
2024-10-27 20:19:22,665 - INFO - loss: 0.122214  [   64/ 2576]
2024-10-27 20:19:26,613 - INFO - loss: 0.038977  [  704/ 2576]
2024-10-27 20:19:30,543 - INFO - loss: 0.041975  [ 1344/ 2576]
2024-10-27 20:19:35,370 - INFO - loss: 0.079416  [ 1984/ 2576]
2024-10-27 20:19:39,620 - INFO - loss: 0.360223  [  656/ 2576]
2024-10-27 20:19:45,448 - INFO - EPOCH 38:
2024-10-27 20:19:46,007 - INFO - loss: 0.013732  [   64/ 2576]
2024-10-27 20:19:50,070 - INFO - loss: 0.189555  [  704/ 2576]
2024-10-27 20:19:53,888 - INFO - loss: 0.092681  [ 1344/ 2576]
2024-10-27 20:19:57,948 - INFO - loss: 0.112149  [ 1984/ 2576]
2024-10-27 20:20:01,579 - INFO - loss: 0.017006  [  656/ 2576]
2024-10-27 20:20:07,289 - INFO - EPOCH 39:
2024-10-27 20:20:07,644 - INFO - loss: 0.058581  [   64/ 2576]
2024-10-27 20:20:11,493 - INFO - loss: 0.063446  [  704/ 2576]
2024-10-27 20:20:15,404 - INFO - loss: 0.067519  [ 1344/ 2576]
2024-10-27 20:20:19,429 - INFO - loss: 0.129115  [ 1984/ 2576]
2024-10-27 20:20:23,109 - INFO - loss: 0.005826  [  656/ 2576]
2024-10-27 20:20:29,119 - INFO - EPOCH 40:
2024-10-27 20:20:29,606 - INFO - loss: 0.033420  [   64/ 2576]
2024-10-27 20:20:34,508 - INFO - loss: 0.050613  [  704/ 2576]
2024-10-27 20:20:38,852 - INFO - loss: 0.136457  [ 1344/ 2576]
2024-10-27 20:20:42,744 - INFO - loss: 0.025157  [ 1984/ 2576]
2024-10-27 20:20:46,411 - INFO - loss: 0.026148  [  656/ 2576]
2024-10-27 20:20:52,143 - INFO - EPOCH 41:
2024-10-27 20:20:52,683 - INFO - loss: 0.046264  [   64/ 2576]
2024-10-27 20:20:56,778 - INFO - loss: 0.065807  [  704/ 2576]
2024-10-27 20:21:00,849 - INFO - loss: 0.175788  [ 1344/ 2576]
2024-10-27 20:21:04,778 - INFO - loss: 0.065413  [ 1984/ 2576]
2024-10-27 20:21:08,425 - INFO - loss: 0.016449  [  656/ 2576]
2024-10-27 20:21:13,787 - INFO - EPOCH 42:
2024-10-27 20:21:14,274 - INFO - loss: 0.040868  [   64/ 2576]
2024-10-27 20:21:18,240 - INFO - loss: 0.032355  [  704/ 2576]
2024-10-27 20:21:22,142 - INFO - loss: 0.039146  [ 1344/ 2576]
2024-10-27 20:21:26,114 - INFO - loss: 0.118158  [ 1984/ 2576]
2024-10-27 20:21:29,710 - INFO - loss: 0.467983  [  656/ 2576]
2024-10-27 20:21:35,291 - INFO - EPOCH 43:
2024-10-27 20:21:35,670 - INFO - loss: 0.073991  [   64/ 2576]
2024-10-27 20:21:39,806 - INFO - loss: 0.014986  [  704/ 2576]
2024-10-27 20:21:43,991 - INFO - loss: 0.109456  [ 1344/ 2576]
2024-10-27 20:21:48,058 - INFO - loss: 0.151326  [ 1984/ 2576]
2024-10-27 20:21:51,590 - INFO - loss: 0.041958  [  656/ 2576]
2024-10-27 20:21:57,025 - INFO - EPOCH 44:
2024-10-27 20:21:57,466 - INFO - loss: 0.066237  [   64/ 2576]
2024-10-27 20:22:01,190 - INFO - loss: 0.073106  [  704/ 2576]
2024-10-27 20:22:04,904 - INFO - loss: 0.021336  [ 1344/ 2576]
2024-10-27 20:22:08,878 - INFO - loss: 0.039553  [ 1984/ 2576]
2024-10-27 20:22:12,530 - INFO - loss: 0.564880  [  656/ 2576]
2024-10-27 20:22:18,107 - INFO - EPOCH 45:
2024-10-27 20:22:18,648 - INFO - loss: 0.066259  [   64/ 2576]
2024-10-27 20:22:22,359 - INFO - loss: 0.204981  [  704/ 2576]
2024-10-27 20:22:26,170 - INFO - loss: 0.108340  [ 1344/ 2576]
2024-10-27 20:22:29,902 - INFO - loss: 0.148873  [ 1984/ 2576]
2024-10-27 20:22:33,599 - INFO - loss: 0.061868  [  656/ 2576]
2024-10-27 20:22:39,639 - INFO - EPOCH 46:
2024-10-27 20:22:40,179 - INFO - loss: 0.144077  [   64/ 2576]
2024-10-27 20:22:44,161 - INFO - loss: 0.198626  [  704/ 2576]
2024-10-27 20:22:48,018 - INFO - loss: 0.076390  [ 1344/ 2576]
2024-10-27 20:22:52,069 - INFO - loss: 0.015237  [ 1984/ 2576]
2024-10-27 20:22:55,560 - INFO - loss: 0.213879  [  656/ 2576]
2024-10-27 20:23:01,215 - INFO - EPOCH 47:
2024-10-27 20:23:01,712 - INFO - loss: 0.060933  [   64/ 2576]
2024-10-27 20:23:05,623 - INFO - loss: 0.149468  [  704/ 2576]
2024-10-27 20:23:09,220 - INFO - loss: 0.099989  [ 1344/ 2576]
2024-10-27 20:23:13,205 - INFO - loss: 0.053943  [ 1984/ 2576]
2024-10-27 20:23:16,634 - INFO - loss: 0.153944  [  656/ 2576]
2024-10-27 20:23:22,230 - INFO - EPOCH 48:
2024-10-27 20:23:22,597 - INFO - loss: 0.151893  [   64/ 2576]
2024-10-27 20:23:26,534 - INFO - loss: 0.065823  [  704/ 2576]
2024-10-27 20:23:30,377 - INFO - loss: 0.122407  [ 1344/ 2576]
2024-10-27 20:23:34,209 - INFO - loss: 0.096246  [ 1984/ 2576]
2024-10-27 20:23:37,929 - INFO - loss: 0.296711  [  656/ 2576]
2024-10-27 20:23:43,570 - INFO - EPOCH 49:
2024-10-27 20:23:44,039 - INFO - loss: 0.071988  [   64/ 2576]
2024-10-27 20:23:47,787 - INFO - loss: 0.157549  [  704/ 2576]
2024-10-27 20:23:51,732 - INFO - loss: 0.086159  [ 1344/ 2576]
2024-10-27 20:23:55,465 - INFO - loss: 0.249217  [ 1984/ 2576]
2024-10-27 20:23:59,201 - INFO - loss: 0.099267  [  656/ 2576]
2024-10-27 20:24:04,356 - INFO - EPOCH 50:
2024-10-27 20:24:04,817 - INFO - loss: 0.074555  [   64/ 2576]
2024-10-27 20:24:08,648 - INFO - loss: 0.051004  [  704/ 2576]
2024-10-27 20:24:12,356 - INFO - loss: 0.107366  [ 1344/ 2576]
2024-10-27 20:24:16,210 - INFO - loss: 0.128410  [ 1984/ 2576]
2024-10-27 20:24:19,658 - INFO - loss: 0.121512  [  656/ 2576]
2024-10-27 20:24:25,116 - INFO - Final Evaluation...
2024-10-27 20:24:46,852 - INFO - Accuracy  63.10% [correct: 2315, total: 3669]
2024-10-27 20:24:46,852 - INFO - Precision: 0.6555857062339783
2024-10-27 20:24:46,852 - INFO - Recall: 0.6308552026748657
