2024-10-27 21:48:27,911 - INFO - Model Results will be saved to: model_store/trained_20241027/model_214827
2024-10-27 21:48:28,323 - INFO - Training 50 epochs, lr: 1e-05...
2024-10-27 21:48:28,324 - INFO - EPOCH 1:
2024-10-27 21:48:29,094 - INFO - loss: 3.610829  [   64/ 2576]
2024-10-27 21:48:33,473 - INFO - loss: 3.632601  [  704/ 2576]
2024-10-27 21:48:37,838 - INFO - loss: 3.563177  [ 1344/ 2576]
2024-10-27 21:48:42,546 - INFO - loss: 3.607868  [ 1984/ 2576]
2024-10-27 21:48:47,527 - INFO - loss: 3.600953  [  656/ 2576]
2024-10-27 21:48:54,657 - INFO - EPOCH 2:
2024-10-27 21:48:55,136 - INFO - loss: 3.585716  [   64/ 2576]
2024-10-27 21:48:59,890 - INFO - loss: 3.560520  [  704/ 2576]
2024-10-27 21:49:04,329 - INFO - loss: 3.618780  [ 1344/ 2576]
2024-10-27 21:49:09,150 - INFO - loss: 3.570992  [ 1984/ 2576]
2024-10-27 21:49:13,117 - INFO - loss: 3.544011  [  656/ 2576]
2024-10-27 21:49:20,266 - INFO - EPOCH 3:
2024-10-27 21:49:20,873 - INFO - loss: 3.592691  [   64/ 2576]
2024-10-27 21:49:25,533 - INFO - loss: 3.570620  [  704/ 2576]
2024-10-27 21:49:30,068 - INFO - loss: 3.590147  [ 1344/ 2576]
2024-10-27 21:49:34,472 - INFO - loss: 3.534734  [ 1984/ 2576]
2024-10-27 21:49:38,677 - INFO - loss: 3.477833  [  656/ 2576]
2024-10-27 21:49:45,751 - INFO - EPOCH 4:
2024-10-27 21:49:46,328 - INFO - loss: 3.527726  [   64/ 2576]
2024-10-27 21:49:50,991 - INFO - loss: 3.552727  [  704/ 2576]
2024-10-27 21:49:55,615 - INFO - loss: 3.506916  [ 1344/ 2576]
2024-10-27 21:50:00,003 - INFO - loss: 3.473607  [ 1984/ 2576]
2024-10-27 21:50:04,416 - INFO - loss: 3.610552  [  656/ 2576]
2024-10-27 21:50:11,010 - INFO - EPOCH 5:
2024-10-27 21:50:11,495 - INFO - loss: 3.504997  [   64/ 2576]
2024-10-27 21:50:15,749 - INFO - loss: 3.406766  [  704/ 2576]
2024-10-27 21:50:20,089 - INFO - loss: 3.417032  [ 1344/ 2576]
2024-10-27 21:50:24,253 - INFO - loss: 3.419542  [ 1984/ 2576]
2024-10-27 21:50:28,210 - INFO - loss: 3.502070  [  656/ 2576]
2024-10-27 21:50:34,484 - INFO - EPOCH 6:
2024-10-27 21:50:35,039 - INFO - loss: 3.386563  [   64/ 2576]
2024-10-27 21:50:39,008 - INFO - loss: 3.333387  [  704/ 2576]
2024-10-27 21:50:43,157 - INFO - loss: 3.411969  [ 1344/ 2576]
2024-10-27 21:50:47,332 - INFO - loss: 3.314492  [ 1984/ 2576]
2024-10-27 21:50:51,321 - INFO - loss: 3.300281  [  656/ 2576]
2024-10-27 21:50:57,190 - INFO - EPOCH 7:
2024-10-27 21:50:57,678 - INFO - loss: 3.200803  [   64/ 2576]
2024-10-27 21:51:01,762 - INFO - loss: 3.327129  [  704/ 2576]
2024-10-27 21:51:05,767 - INFO - loss: 3.234646  [ 1344/ 2576]
2024-10-27 21:51:09,849 - INFO - loss: 3.201908  [ 1984/ 2576]
2024-10-27 21:51:13,599 - INFO - loss: 3.282616  [  656/ 2576]
2024-10-27 21:51:19,759 - INFO - EPOCH 8:
2024-10-27 21:51:20,283 - INFO - loss: 3.122414  [   64/ 2576]
2024-10-27 21:51:24,337 - INFO - loss: 3.173368  [  704/ 2576]
2024-10-27 21:51:28,695 - INFO - loss: 3.031997  [ 1344/ 2576]
2024-10-27 21:51:32,958 - INFO - loss: 2.996902  [ 1984/ 2576]
2024-10-27 21:51:36,750 - INFO - loss: 3.152467  [  656/ 2576]
2024-10-27 21:51:42,941 - INFO - EPOCH 9:
2024-10-27 21:51:43,551 - INFO - loss: 2.977365  [   64/ 2576]
2024-10-27 21:51:47,877 - INFO - loss: 3.034031  [  704/ 2576]
2024-10-27 21:51:51,937 - INFO - loss: 2.888152  [ 1344/ 2576]
2024-10-27 21:51:56,007 - INFO - loss: 2.922985  [ 1984/ 2576]
2024-10-27 21:51:59,862 - INFO - loss: 2.887017  [  656/ 2576]
2024-10-27 21:52:06,133 - INFO - EPOCH 10:
2024-10-27 21:52:06,669 - INFO - loss: 2.871186  [   64/ 2576]
2024-10-27 21:52:10,757 - INFO - loss: 2.869313  [  704/ 2576]
2024-10-27 21:52:14,783 - INFO - loss: 2.719044  [ 1344/ 2576]
2024-10-27 21:52:18,802 - INFO - loss: 2.728345  [ 1984/ 2576]
2024-10-27 21:52:22,527 - INFO - loss: 2.660971  [  656/ 2576]
2024-10-27 21:52:28,579 - INFO - EPOCH 11:
2024-10-27 21:52:29,093 - INFO - loss: 2.653242  [   64/ 2576]
2024-10-27 21:52:33,272 - INFO - loss: 2.645501  [  704/ 2576]
2024-10-27 21:52:37,368 - INFO - loss: 2.580849  [ 1344/ 2576]
2024-10-27 21:52:41,506 - INFO - loss: 2.471545  [ 1984/ 2576]
2024-10-27 21:52:45,203 - INFO - loss: 2.448358  [  656/ 2576]
2024-10-27 21:52:51,287 - INFO - EPOCH 12:
2024-10-27 21:52:51,825 - INFO - loss: 2.473910  [   64/ 2576]
2024-10-27 21:52:55,856 - INFO - loss: 2.443815  [  704/ 2576]
2024-10-27 21:52:59,982 - INFO - loss: 2.413361  [ 1344/ 2576]
2024-10-27 21:53:04,146 - INFO - loss: 2.427571  [ 1984/ 2576]
2024-10-27 21:53:07,810 - INFO - loss: 2.532960  [  656/ 2576]
2024-10-27 21:53:13,942 - INFO - EPOCH 13:
2024-10-27 21:53:14,506 - INFO - loss: 2.460651  [   64/ 2576]
2024-10-27 21:53:18,716 - INFO - loss: 2.380693  [  704/ 2576]
2024-10-27 21:53:22,739 - INFO - loss: 2.311578  [ 1344/ 2576]
2024-10-27 21:53:26,701 - INFO - loss: 2.110711  [ 1984/ 2576]
2024-10-27 21:53:30,458 - INFO - loss: 2.517747  [  656/ 2576]
2024-10-27 21:53:36,607 - INFO - EPOCH 14:
2024-10-27 21:53:37,133 - INFO - loss: 2.019195  [   64/ 2576]
2024-10-27 21:53:41,253 - INFO - loss: 2.018916  [  704/ 2576]
2024-10-27 21:53:45,378 - INFO - loss: 2.046863  [ 1344/ 2576]
2024-10-27 21:53:49,410 - INFO - loss: 1.982996  [ 1984/ 2576]
2024-10-27 21:53:53,252 - INFO - loss: 2.285977  [  656/ 2576]
2024-10-27 21:53:59,302 - INFO - EPOCH 15:
2024-10-27 21:53:59,826 - INFO - loss: 1.998364  [   64/ 2576]
2024-10-27 21:54:03,806 - INFO - loss: 2.023950  [  704/ 2576]
2024-10-27 21:54:07,871 - INFO - loss: 1.876495  [ 1344/ 2576]
2024-10-27 21:54:11,903 - INFO - loss: 1.937042  [ 1984/ 2576]
2024-10-27 21:54:15,629 - INFO - loss: 2.295294  [  656/ 2576]
2024-10-27 21:54:21,638 - INFO - EPOCH 16:
2024-10-27 21:54:22,184 - INFO - loss: 1.963972  [   64/ 2576]
2024-10-27 21:54:26,198 - INFO - loss: 1.964928  [  704/ 2576]
2024-10-27 21:54:30,345 - INFO - loss: 1.993125  [ 1344/ 2576]
2024-10-27 21:54:34,665 - INFO - loss: 1.908254  [ 1984/ 2576]
2024-10-28 08:55:16,211 - INFO - loss: 1.978871  [  656/ 2576]
2024-10-28 08:55:23,656 - INFO - EPOCH 17:
2024-10-28 08:55:24,113 - INFO - loss: 1.882541  [   64/ 2576]
2024-10-28 08:55:28,817 - INFO - loss: 1.776561  [  704/ 2576]
2024-10-28 08:55:33,435 - INFO - loss: 1.817940  [ 1344/ 2576]
2024-10-28 08:55:38,752 - INFO - loss: 1.716601  [ 1984/ 2576]
2024-10-28 08:55:42,933 - INFO - loss: 2.252832  [  656/ 2576]
2024-10-28 08:55:49,065 - INFO - EPOCH 18:
2024-10-28 08:55:49,509 - INFO - loss: 1.817033  [   64/ 2576]
2024-10-28 08:55:53,671 - INFO - loss: 1.812834  [  704/ 2576]
2024-10-28 08:55:57,735 - INFO - loss: 1.840949  [ 1344/ 2576]
2024-10-28 08:56:01,812 - INFO - loss: 1.603212  [ 1984/ 2576]
2024-10-28 08:56:05,849 - INFO - loss: 1.657272  [  656/ 2576]
2024-10-28 08:56:12,282 - INFO - EPOCH 19:
2024-10-28 08:56:12,916 - INFO - loss: 1.594646  [   64/ 2576]
2024-10-28 08:56:17,397 - INFO - loss: 1.600210  [  704/ 2576]
2024-10-28 08:56:21,763 - INFO - loss: 1.608456  [ 1344/ 2576]
2024-10-28 08:56:26,108 - INFO - loss: 1.721909  [ 1984/ 2576]
2024-10-28 08:56:29,964 - INFO - loss: 1.784577  [  656/ 2576]
2024-10-28 08:56:36,467 - INFO - EPOCH 20:
2024-10-28 08:56:37,033 - INFO - loss: 1.565986  [   64/ 2576]
2024-10-28 08:56:41,453 - INFO - loss: 1.681435  [  704/ 2576]
2024-10-28 08:56:45,747 - INFO - loss: 1.483264  [ 1344/ 2576]
2024-10-28 08:56:50,300 - INFO - loss: 1.559892  [ 1984/ 2576]
2024-10-28 08:56:54,319 - INFO - loss: 1.867963  [  656/ 2576]
2024-10-28 08:57:00,960 - INFO - EPOCH 21:
2024-10-28 08:57:01,489 - INFO - loss: 1.381450  [   64/ 2576]
2024-10-28 08:57:05,679 - INFO - loss: 1.785555  [  704/ 2576]
2024-10-28 08:57:10,222 - INFO - loss: 1.465758  [ 1344/ 2576]
2024-10-28 08:57:14,316 - INFO - loss: 1.347287  [ 1984/ 2576]
2024-10-28 08:57:18,313 - INFO - loss: 1.749578  [  656/ 2576]
2024-10-28 08:57:25,005 - INFO - EPOCH 22:
2024-10-28 08:57:25,583 - INFO - loss: 1.571635  [   64/ 2576]
2024-10-28 08:57:30,077 - INFO - loss: 1.431226  [  704/ 2576]
2024-10-28 08:57:34,225 - INFO - loss: 1.436513  [ 1344/ 2576]
2024-10-28 08:57:38,781 - INFO - loss: 1.620179  [ 1984/ 2576]
2024-10-28 08:57:42,804 - INFO - loss: 1.655219  [  656/ 2576]
2024-10-28 08:57:49,928 - INFO - EPOCH 23:
2024-10-28 08:57:50,549 - INFO - loss: 1.283224  [   64/ 2576]
2024-10-28 08:57:55,033 - INFO - loss: 1.419951  [  704/ 2576]
2024-10-28 08:57:59,596 - INFO - loss: 1.091318  [ 1344/ 2576]
2024-10-28 08:58:04,183 - INFO - loss: 1.410163  [ 1984/ 2576]
2024-10-28 08:58:08,549 - INFO - loss: 1.447628  [  656/ 2576]
2024-10-28 08:58:15,242 - INFO - EPOCH 24:
2024-10-28 08:58:15,894 - INFO - loss: 1.247969  [   64/ 2576]
2024-10-28 08:58:20,551 - INFO - loss: 1.214676  [  704/ 2576]
2024-10-28 08:58:24,932 - INFO - loss: 1.243384  [ 1344/ 2576]
2024-10-28 08:58:29,357 - INFO - loss: 1.295988  [ 1984/ 2576]
2024-10-28 08:58:33,201 - INFO - loss: 2.037012  [  656/ 2576]
2024-10-28 08:58:40,084 - INFO - EPOCH 25:
2024-10-28 08:58:40,713 - INFO - loss: 1.220183  [   64/ 2576]
2024-10-28 08:58:45,128 - INFO - loss: 1.479367  [  704/ 2576]
2024-10-28 08:58:49,259 - INFO - loss: 1.023056  [ 1344/ 2576]
2024-10-28 08:58:53,661 - INFO - loss: 1.118535  [ 1984/ 2576]
2024-10-28 08:58:57,694 - INFO - loss: 1.699625  [  656/ 2576]
2024-10-28 08:59:04,413 - INFO - EPOCH 26:
2024-10-28 08:59:04,954 - INFO - loss: 1.179551  [   64/ 2576]
2024-10-28 08:59:09,171 - INFO - loss: 1.474823  [  704/ 2576]
2024-10-28 08:59:13,836 - INFO - loss: 1.534796  [ 1344/ 2576]
2024-10-28 08:59:18,212 - INFO - loss: 1.183797  [ 1984/ 2576]
2024-10-28 08:59:22,360 - INFO - loss: 1.678713  [  656/ 2576]
2024-10-28 08:59:28,724 - INFO - EPOCH 27:
2024-10-28 08:59:29,297 - INFO - loss: 1.134439  [   64/ 2576]
2024-10-28 08:59:33,724 - INFO - loss: 1.412468  [  704/ 2576]
2024-10-28 08:59:37,889 - INFO - loss: 1.438524  [ 1344/ 2576]
2024-10-28 08:59:42,303 - INFO - loss: 0.940958  [ 1984/ 2576]
2024-10-28 08:59:46,202 - INFO - loss: 1.048462  [  656/ 2576]
2024-10-28 08:59:53,066 - INFO - EPOCH 28:
2024-10-28 08:59:53,629 - INFO - loss: 0.977297  [   64/ 2576]
2024-10-28 08:59:58,309 - INFO - loss: 1.225380  [  704/ 2576]
2024-10-28 09:00:02,629 - INFO - loss: 1.036124  [ 1344/ 2576]
2024-10-28 09:00:06,888 - INFO - loss: 1.336814  [ 1984/ 2576]
2024-10-28 09:00:10,975 - INFO - loss: 1.634900  [  656/ 2576]
2024-10-28 09:00:17,637 - INFO - EPOCH 29:
2024-10-28 09:00:18,161 - INFO - loss: 1.206533  [   64/ 2576]
2024-10-28 09:00:22,435 - INFO - loss: 1.073835  [  704/ 2576]
2024-10-28 09:00:26,917 - INFO - loss: 1.490316  [ 1344/ 2576]
2024-10-28 09:00:31,178 - INFO - loss: 1.087460  [ 1984/ 2576]
2024-10-28 09:00:35,360 - INFO - loss: 1.397265  [  656/ 2576]
2024-10-28 09:00:41,865 - INFO - EPOCH 30:
2024-10-28 09:00:42,411 - INFO - loss: 1.038713  [   64/ 2576]
2024-10-28 09:00:46,925 - INFO - loss: 0.957697  [  704/ 2576]
2024-10-28 09:00:51,048 - INFO - loss: 0.983949  [ 1344/ 2576]
2024-10-28 09:00:55,500 - INFO - loss: 1.177923  [ 1984/ 2576]
2024-10-28 09:00:59,501 - INFO - loss: 1.097297  [  656/ 2576]
2024-10-28 09:01:06,317 - INFO - EPOCH 31:
2024-10-28 09:01:06,898 - INFO - loss: 0.873054  [   64/ 2576]
2024-10-28 09:01:11,465 - INFO - loss: 0.889650  [  704/ 2576]
2024-10-28 09:01:15,765 - INFO - loss: 0.981193  [ 1344/ 2576]
2024-10-28 09:01:20,187 - INFO - loss: 1.327186  [ 1984/ 2576]
2024-10-28 09:01:24,448 - INFO - loss: 1.180641  [  656/ 2576]
2024-10-28 09:01:31,243 - INFO - EPOCH 32:
2024-10-28 09:01:31,773 - INFO - loss: 0.926691  [   64/ 2576]
2024-10-28 09:01:36,033 - INFO - loss: 0.926270  [  704/ 2576]
2024-10-28 09:01:40,567 - INFO - loss: 1.106782  [ 1344/ 2576]
2024-10-28 09:01:44,861 - INFO - loss: 1.163740  [ 1984/ 2576]
2024-10-28 09:01:48,998 - INFO - loss: 1.256505  [  656/ 2576]
2024-10-28 09:01:55,548 - INFO - EPOCH 33:
2024-10-28 09:01:56,104 - INFO - loss: 1.075588  [   64/ 2576]
2024-10-28 09:02:00,582 - INFO - loss: 1.018328  [  704/ 2576]
2024-10-28 09:02:04,799 - INFO - loss: 1.206225  [ 1344/ 2576]
2024-10-28 09:02:09,255 - INFO - loss: 1.114171  [ 1984/ 2576]
2024-10-28 09:02:13,169 - INFO - loss: 1.251426  [  656/ 2576]
2024-10-28 09:02:20,118 - INFO - EPOCH 34:
2024-10-28 09:02:20,720 - INFO - loss: 0.895939  [   64/ 2576]
2024-10-28 09:02:24,973 - INFO - loss: 1.158985  [  704/ 2576]
2024-10-28 09:02:29,353 - INFO - loss: 0.924358  [ 1344/ 2576]
2024-10-28 09:02:33,505 - INFO - loss: 0.871127  [ 1984/ 2576]
2024-10-28 09:02:37,723 - INFO - loss: 1.632492  [  656/ 2576]
2024-10-28 09:02:44,407 - INFO - EPOCH 35:
2024-10-28 09:02:44,954 - INFO - loss: 0.948503  [   64/ 2576]
2024-10-28 09:02:49,118 - INFO - loss: 1.387083  [  704/ 2576]
2024-10-28 09:02:53,672 - INFO - loss: 0.804352  [ 1344/ 2576]
2024-10-28 09:02:57,952 - INFO - loss: 1.007678  [ 1984/ 2576]
2024-10-28 09:03:02,114 - INFO - loss: 0.904778  [  656/ 2576]
2024-10-28 09:03:08,609 - INFO - EPOCH 36:
2024-10-28 09:03:09,206 - INFO - loss: 0.906185  [   64/ 2576]
2024-10-28 09:03:13,590 - INFO - loss: 0.849889  [  704/ 2576]
2024-10-28 09:03:17,751 - INFO - loss: 0.950508  [ 1344/ 2576]
2024-10-28 09:03:22,283 - INFO - loss: 0.774019  [ 1984/ 2576]
2024-10-28 09:03:26,218 - INFO - loss: 1.218735  [  656/ 2576]
2024-10-28 09:03:32,975 - INFO - EPOCH 37:
2024-10-28 09:03:33,503 - INFO - loss: 1.113007  [   64/ 2576]
2024-10-28 09:03:37,911 - INFO - loss: 0.915253  [  704/ 2576]
2024-10-28 09:03:42,359 - INFO - loss: 0.938248  [ 1344/ 2576]
2024-10-28 09:03:46,558 - INFO - loss: 0.832436  [ 1984/ 2576]
2024-10-28 09:03:50,715 - INFO - loss: 1.237096  [  656/ 2576]
2024-10-28 09:03:57,292 - INFO - EPOCH 38:
2024-10-28 09:03:57,856 - INFO - loss: 1.097165  [   64/ 2576]
2024-10-28 09:04:02,111 - INFO - loss: 0.978224  [  704/ 2576]
2024-10-28 09:04:06,455 - INFO - loss: 0.867355  [ 1344/ 2576]
2024-10-28 09:04:10,783 - INFO - loss: 1.206436  [ 1984/ 2576]
2024-10-28 09:04:14,949 - INFO - loss: 1.468575  [  656/ 2576]
2024-10-28 09:04:21,561 - INFO - EPOCH 39:
2024-10-28 09:04:22,096 - INFO - loss: 0.774539  [   64/ 2576]
2024-10-28 09:04:26,624 - INFO - loss: 0.992608  [  704/ 2576]
2024-10-28 09:04:30,796 - INFO - loss: 0.863850  [ 1344/ 2576]
2024-10-28 09:04:35,195 - INFO - loss: 0.957106  [ 1984/ 2576]
2024-10-28 09:04:39,097 - INFO - loss: 1.161102  [  656/ 2576]
2024-10-28 09:04:45,817 - INFO - EPOCH 40:
2024-10-28 09:04:46,341 - INFO - loss: 0.857891  [   64/ 2576]
2024-10-28 09:04:50,876 - INFO - loss: 0.902971  [  704/ 2576]
2024-10-28 09:04:55,268 - INFO - loss: 1.007875  [ 1344/ 2576]
2024-10-28 09:04:59,443 - INFO - loss: 0.979414  [ 1984/ 2576]
2024-10-28 09:05:03,584 - INFO - loss: 1.375586  [  656/ 2576]
2024-10-28 09:05:10,069 - INFO - EPOCH 41:
2024-10-28 09:05:10,641 - INFO - loss: 1.076057  [   64/ 2576]
2024-10-28 09:05:14,711 - INFO - loss: 0.751576  [  704/ 2576]
2024-10-28 09:05:18,683 - INFO - loss: 0.907560  [ 1344/ 2576]
2024-10-28 09:05:23,051 - INFO - loss: 1.036344  [ 1984/ 2576]
2024-10-28 09:05:26,874 - INFO - loss: 1.180936  [  656/ 2576]
2024-10-28 09:05:32,829 - INFO - EPOCH 42:
2024-10-28 09:05:33,376 - INFO - loss: 0.808044  [   64/ 2576]
2024-10-28 09:05:37,354 - INFO - loss: 0.658814  [  704/ 2576]
2024-10-28 09:05:41,350 - INFO - loss: 0.929205  [ 1344/ 2576]
2024-10-28 09:05:45,435 - INFO - loss: 0.981414  [ 1984/ 2576]
2024-10-28 09:05:49,236 - INFO - loss: 1.175861  [  656/ 2576]
2024-10-28 09:05:55,288 - INFO - EPOCH 43:
2024-10-28 09:05:55,831 - INFO - loss: 0.766621  [   64/ 2576]
2024-10-28 09:05:59,965 - INFO - loss: 0.900726  [  704/ 2576]
2024-10-28 09:06:04,050 - INFO - loss: 1.065469  [ 1344/ 2576]
2024-10-28 09:06:08,125 - INFO - loss: 1.034460  [ 1984/ 2576]
2024-10-28 09:06:11,831 - INFO - loss: 1.424967  [  656/ 2576]
2024-10-28 09:06:17,846 - INFO - EPOCH 44:
2024-10-28 09:06:18,422 - INFO - loss: 0.929838  [   64/ 2576]
2024-10-28 09:06:22,409 - INFO - loss: 0.899814  [  704/ 2576]
2024-10-28 09:06:26,504 - INFO - loss: 0.836174  [ 1344/ 2576]
2024-10-28 09:06:30,484 - INFO - loss: 0.829637  [ 1984/ 2576]
2024-10-28 09:06:34,172 - INFO - loss: 1.253377  [  656/ 2576]
2024-10-28 09:06:40,360 - INFO - EPOCH 45:
2024-10-28 09:06:40,860 - INFO - loss: 0.813587  [   64/ 2576]
2024-10-28 09:06:44,952 - INFO - loss: 0.944211  [  704/ 2576]
2024-10-28 09:06:48,945 - INFO - loss: 0.889994  [ 1344/ 2576]
2024-10-28 09:06:52,848 - INFO - loss: 0.969705  [ 1984/ 2576]
2024-10-28 09:06:56,576 - INFO - loss: 1.112836  [  656/ 2576]
2024-10-28 09:07:02,677 - INFO - EPOCH 46:
2024-10-28 09:07:03,205 - INFO - loss: 0.882590  [   64/ 2576]
2024-10-28 09:07:07,172 - INFO - loss: 0.797857  [  704/ 2576]
2024-10-28 09:07:11,134 - INFO - loss: 0.665915  [ 1344/ 2576]
2024-10-28 09:07:15,157 - INFO - loss: 0.814576  [ 1984/ 2576]
2024-10-28 09:07:18,998 - INFO - loss: 2.220591  [  656/ 2576]
2024-10-28 09:07:25,045 - INFO - EPOCH 47:
2024-10-28 09:07:25,584 - INFO - loss: 0.835764  [   64/ 2576]
2024-10-28 09:07:29,619 - INFO - loss: 0.638925  [  704/ 2576]
2024-10-28 09:07:33,668 - INFO - loss: 0.654214  [ 1344/ 2576]
2024-10-28 09:07:37,655 - INFO - loss: 0.908500  [ 1984/ 2576]
2024-10-28 09:07:41,299 - INFO - loss: 1.689609  [  656/ 2576]
2024-10-28 09:07:47,483 - INFO - EPOCH 48:
2024-10-28 09:07:48,003 - INFO - loss: 0.898795  [   64/ 2576]
2024-10-28 09:07:52,029 - INFO - loss: 0.741117  [  704/ 2576]
2024-10-28 09:07:56,108 - INFO - loss: 0.622051  [ 1344/ 2576]
2024-10-28 09:08:00,029 - INFO - loss: 0.643876  [ 1984/ 2576]
2024-10-28 09:08:03,705 - INFO - loss: 1.217432  [  656/ 2576]
2024-10-28 09:08:09,764 - INFO - EPOCH 49:
2024-10-28 09:08:10,282 - INFO - loss: 0.871078  [   64/ 2576]
2024-10-28 09:08:14,259 - INFO - loss: 0.648181  [  704/ 2576]
2024-10-28 09:08:18,201 - INFO - loss: 0.639694  [ 1344/ 2576]
2024-10-28 09:08:22,372 - INFO - loss: 0.848949  [ 1984/ 2576]
2024-10-28 09:08:26,219 - INFO - loss: 1.129450  [  656/ 2576]
2024-10-28 09:08:32,266 - INFO - EPOCH 50:
2024-10-28 09:08:32,853 - INFO - loss: 0.716453  [   64/ 2576]
2024-10-28 09:08:36,862 - INFO - loss: 0.717050  [  704/ 2576]
2024-10-28 09:08:40,892 - INFO - loss: 0.611253  [ 1344/ 2576]
2024-10-28 09:08:44,912 - INFO - loss: 0.744898  [ 1984/ 2576]
2024-10-28 09:08:48,621 - INFO - loss: 1.326943  [  656/ 2576]
2024-10-28 09:08:54,664 - INFO - Final Evaluation...
2024-10-28 09:09:17,112 - INFO - Accuracy  81.77% [correct: 3000, total: 3669]
2024-10-28 09:09:17,113 - INFO - Precision: 0.8212101459503174
2024-10-28 09:09:17,114 - INFO - Recall: 0.8170678615570068
