2024-10-27 21:11:45,589 - INFO - Model Results will be saved to: model_store/trained_20241027/model_211145
2024-10-27 21:11:45,965 - INFO - Training 50 epochs, lr: 0.0001...
2024-10-27 21:11:45,965 - INFO - EPOCH 1:
2024-10-27 21:11:46,680 - INFO - loss: 3.610829  [   64/ 2576]
2024-10-27 21:11:51,483 - INFO - loss: 3.581847  [  704/ 2576]
2024-10-27 21:11:56,370 - INFO - loss: 3.405798  [ 1344/ 2576]
2024-10-27 21:12:01,049 - INFO - loss: 3.288869  [ 1984/ 2576]
2024-10-27 21:12:05,580 - INFO - loss: 3.242098  [  656/ 2576]
2024-10-27 21:12:12,833 - INFO - EPOCH 2:
2024-10-27 21:12:13,426 - INFO - loss: 3.048943  [   64/ 2576]
2024-10-27 21:12:18,137 - INFO - loss: 2.602674  [  704/ 2576]
2024-10-27 21:12:22,834 - INFO - loss: 2.391335  [ 1344/ 2576]
2024-10-27 21:12:27,268 - INFO - loss: 2.046667  [ 1984/ 2576]
2024-10-27 21:12:31,525 - INFO - loss: 2.267197  [  656/ 2576]
2024-10-27 21:12:38,394 - INFO - EPOCH 3:
2024-10-27 21:12:38,967 - INFO - loss: 1.750441  [   64/ 2576]
2024-10-27 21:12:43,449 - INFO - loss: 1.564670  [  704/ 2576]
2024-10-27 21:12:48,180 - INFO - loss: 1.646599  [ 1344/ 2576]
2024-10-27 21:12:52,582 - INFO - loss: 1.394756  [ 1984/ 2576]
2024-10-27 21:12:56,974 - INFO - loss: 2.159293  [  656/ 2576]
2024-10-27 21:13:03,645 - INFO - EPOCH 4:
2024-10-27 21:13:04,241 - INFO - loss: 1.282010  [   64/ 2576]
2024-10-27 21:13:08,715 - INFO - loss: 1.171725  [  704/ 2576]
2024-10-27 21:13:13,530 - INFO - loss: 1.377326  [ 1344/ 2576]
2024-10-27 21:13:17,875 - INFO - loss: 0.938876  [ 1984/ 2576]
2024-10-27 21:13:22,064 - INFO - loss: 1.646829  [  656/ 2576]
2024-10-27 21:13:29,125 - INFO - EPOCH 5:
2024-10-27 21:13:29,720 - INFO - loss: 0.908984  [   64/ 2576]
2024-10-27 21:13:34,573 - INFO - loss: 1.157200  [  704/ 2576]
2024-10-27 21:13:39,126 - INFO - loss: 1.232887  [ 1344/ 2576]
2024-10-27 21:13:43,646 - INFO - loss: 0.971588  [ 1984/ 2576]
2024-10-27 21:13:47,707 - INFO - loss: 1.431922  [  656/ 2576]
2024-10-27 21:13:54,655 - INFO - EPOCH 6:
2024-10-27 21:13:55,081 - INFO - loss: 0.912765  [   64/ 2576]
2024-10-27 21:13:59,768 - INFO - loss: 0.711084  [  704/ 2576]
2024-10-27 21:14:04,477 - INFO - loss: 1.178756  [ 1344/ 2576]
2024-10-27 21:14:09,029 - INFO - loss: 0.992239  [ 1984/ 2576]
2024-10-27 21:14:13,286 - INFO - loss: 0.731811  [  656/ 2576]
2024-10-27 21:14:20,283 - INFO - EPOCH 7:
2024-10-27 21:14:20,813 - INFO - loss: 0.819258  [   64/ 2576]
2024-10-27 21:14:25,564 - INFO - loss: 0.820272  [  704/ 2576]
2024-10-27 21:14:30,013 - INFO - loss: 0.660400  [ 1344/ 2576]
2024-10-27 21:14:34,574 - INFO - loss: 0.833713  [ 1984/ 2576]
2024-10-27 21:14:38,739 - INFO - loss: 1.485234  [  656/ 2576]
2024-10-27 21:14:45,700 - INFO - EPOCH 8:
2024-10-27 21:14:46,231 - INFO - loss: 0.770673  [   64/ 2576]
2024-10-27 21:14:50,732 - INFO - loss: 0.717313  [  704/ 2576]
2024-10-27 21:14:55,030 - INFO - loss: 0.778680  [ 1344/ 2576]
2024-10-27 21:14:59,603 - INFO - loss: 0.662706  [ 1984/ 2576]
2024-10-27 21:15:03,641 - INFO - loss: 1.208960  [  656/ 2576]
2024-10-27 21:15:10,529 - INFO - EPOCH 9:
2024-10-27 21:15:11,144 - INFO - loss: 0.805936  [   64/ 2576]
2024-10-27 21:15:15,734 - INFO - loss: 0.831025  [  704/ 2576]
2024-10-27 21:15:20,194 - INFO - loss: 0.862093  [ 1344/ 2576]
2024-10-27 21:15:24,688 - INFO - loss: 0.682643  [ 1984/ 2576]
2024-10-27 21:15:28,878 - INFO - loss: 0.623984  [  656/ 2576]
2024-10-27 21:15:35,557 - INFO - EPOCH 10:
2024-10-27 21:15:36,154 - INFO - loss: 0.794112  [   64/ 2576]
2024-10-27 21:15:40,580 - INFO - loss: 0.734689  [  704/ 2576]
2024-10-27 21:15:45,125 - INFO - loss: 0.667924  [ 1344/ 2576]
2024-10-27 21:15:49,461 - INFO - loss: 0.744636  [ 1984/ 2576]
2024-10-27 21:15:53,761 - INFO - loss: 0.826992  [  656/ 2576]
2024-10-27 21:16:00,405 - INFO - EPOCH 11:
2024-10-27 21:16:00,950 - INFO - loss: 0.560252  [   64/ 2576]
2024-10-27 21:16:05,221 - INFO - loss: 0.692733  [  704/ 2576]
2024-10-27 21:16:09,697 - INFO - loss: 0.483057  [ 1344/ 2576]
2024-10-27 21:16:13,968 - INFO - loss: 0.886787  [ 1984/ 2576]
2024-10-27 21:16:17,999 - INFO - loss: 0.840034  [  656/ 2576]
2024-10-27 21:16:24,963 - INFO - EPOCH 12:
2024-10-27 21:16:25,537 - INFO - loss: 0.634624  [   64/ 2576]
2024-10-27 21:16:30,056 - INFO - loss: 0.882675  [  704/ 2576]
2024-10-27 21:16:34,464 - INFO - loss: 0.532342  [ 1344/ 2576]
2024-10-27 21:16:39,058 - INFO - loss: 0.734814  [ 1984/ 2576]
2024-10-27 21:16:42,935 - INFO - loss: 0.695193  [  656/ 2576]
2024-10-27 21:16:49,777 - INFO - EPOCH 13:
2024-10-27 21:16:50,359 - INFO - loss: 0.531036  [   64/ 2576]
2024-10-27 21:16:55,049 - INFO - loss: 0.455647  [  704/ 2576]
2024-10-27 21:16:59,488 - INFO - loss: 0.598834  [ 1344/ 2576]
2024-10-27 21:17:04,067 - INFO - loss: 0.440690  [ 1984/ 2576]
2024-10-27 21:17:08,150 - INFO - loss: 1.360416  [  656/ 2576]
2024-10-27 21:17:14,800 - INFO - EPOCH 14:
2024-10-27 21:17:15,378 - INFO - loss: 0.372344  [   64/ 2576]
2024-10-27 21:17:19,864 - INFO - loss: 0.411624  [  704/ 2576]
2024-10-27 21:17:24,466 - INFO - loss: 0.695673  [ 1344/ 2576]
2024-10-27 21:17:28,635 - INFO - loss: 0.377452  [ 1984/ 2576]
2024-10-27 21:17:32,855 - INFO - loss: 1.021361  [  656/ 2576]
2024-10-27 21:17:39,913 - INFO - EPOCH 15:
2024-10-27 21:17:40,495 - INFO - loss: 0.667724  [   64/ 2576]
2024-10-27 21:17:44,629 - INFO - loss: 0.546302  [  704/ 2576]
2024-10-27 21:17:49,206 - INFO - loss: 0.439077  [ 1344/ 2576]
2024-10-27 21:17:53,654 - INFO - loss: 0.455090  [ 1984/ 2576]
2024-10-27 21:17:57,839 - INFO - loss: 1.362874  [  656/ 2576]
2024-10-27 21:18:04,603 - INFO - EPOCH 16:
2024-10-27 21:18:05,161 - INFO - loss: 0.515984  [   64/ 2576]
2024-10-27 21:18:09,567 - INFO - loss: 0.535567  [  704/ 2576]
2024-10-27 21:18:13,962 - INFO - loss: 0.651757  [ 1344/ 2576]
2024-10-27 21:18:18,747 - INFO - loss: 0.482660  [ 1984/ 2576]
2024-10-27 21:18:22,675 - INFO - loss: 0.733362  [  656/ 2576]
2024-10-27 21:18:29,664 - INFO - EPOCH 17:
2024-10-27 21:18:30,222 - INFO - loss: 0.666862  [   64/ 2576]
2024-10-27 21:18:34,914 - INFO - loss: 0.508402  [  704/ 2576]
2024-10-27 21:18:39,311 - INFO - loss: 0.572587  [ 1344/ 2576]
2024-10-27 21:18:43,744 - INFO - loss: 0.587340  [ 1984/ 2576]
2024-10-27 21:18:47,782 - INFO - loss: 0.795875  [  656/ 2576]
2024-10-27 21:18:54,699 - INFO - EPOCH 18:
2024-10-27 21:18:55,260 - INFO - loss: 0.371328  [   64/ 2576]
2024-10-27 21:18:59,845 - INFO - loss: 0.633203  [  704/ 2576]
2024-10-27 21:19:04,172 - INFO - loss: 0.448002  [ 1344/ 2576]
2024-10-27 21:19:08,644 - INFO - loss: 0.382834  [ 1984/ 2576]
2024-10-27 21:19:12,761 - INFO - loss: 0.687517  [  656/ 2576]
2024-10-27 21:19:19,856 - INFO - EPOCH 19:
2024-10-27 21:19:20,472 - INFO - loss: 0.267179  [   64/ 2576]
2024-10-27 21:19:24,967 - INFO - loss: 0.459872  [  704/ 2576]
2024-10-27 21:19:29,585 - INFO - loss: 0.576044  [ 1344/ 2576]
2024-10-27 21:19:33,983 - INFO - loss: 0.593538  [ 1984/ 2576]
2024-10-27 21:19:38,155 - INFO - loss: 1.013276  [  656/ 2576]
2024-10-27 21:19:44,880 - INFO - EPOCH 20:
2024-10-27 21:19:45,482 - INFO - loss: 0.624099  [   64/ 2576]
2024-10-27 21:19:49,809 - INFO - loss: 0.605809  [  704/ 2576]
2024-10-27 21:19:54,280 - INFO - loss: 0.469154  [ 1344/ 2576]
2024-10-27 21:19:58,543 - INFO - loss: 0.440164  [ 1984/ 2576]
2024-10-27 21:20:02,940 - INFO - loss: 1.140464  [  656/ 2576]
2024-10-27 21:20:09,974 - INFO - EPOCH 21:
2024-10-27 21:20:10,616 - INFO - loss: 0.424148  [   64/ 2576]
2024-10-27 21:20:14,852 - INFO - loss: 0.757975  [  704/ 2576]
2024-10-27 21:20:19,050 - INFO - loss: 0.564766  [ 1344/ 2576]
2024-10-27 21:20:23,104 - INFO - loss: 0.488920  [ 1984/ 2576]
2024-10-27 21:20:26,918 - INFO - loss: 0.995020  [  656/ 2576]
2024-10-27 21:20:33,172 - INFO - EPOCH 22:
2024-10-27 21:20:33,729 - INFO - loss: 0.349954  [   64/ 2576]
2024-10-27 21:20:37,769 - INFO - loss: 0.642095  [  704/ 2576]
2024-10-27 21:20:41,990 - INFO - loss: 0.509479  [ 1344/ 2576]
2024-10-27 21:20:46,151 - INFO - loss: 0.614765  [ 1984/ 2576]
2024-10-27 21:20:49,959 - INFO - loss: 0.981319  [  656/ 2576]
2024-10-27 21:20:56,280 - INFO - EPOCH 23:
2024-10-27 21:20:56,832 - INFO - loss: 0.378275  [   64/ 2576]
2024-10-27 21:21:00,864 - INFO - loss: 0.294089  [  704/ 2576]
2024-10-27 21:21:04,927 - INFO - loss: 0.354634  [ 1344/ 2576]
2024-10-27 21:21:09,017 - INFO - loss: 0.390124  [ 1984/ 2576]
2024-10-27 21:21:12,845 - INFO - loss: 0.839133  [  656/ 2576]
2024-10-27 21:21:19,166 - INFO - EPOCH 24:
2024-10-27 21:21:19,690 - INFO - loss: 0.573235  [   64/ 2576]
2024-10-27 21:21:23,789 - INFO - loss: 0.401348  [  704/ 2576]
2024-10-27 21:21:27,830 - INFO - loss: 0.461559  [ 1344/ 2576]
2024-10-27 21:21:31,927 - INFO - loss: 0.546718  [ 1984/ 2576]
2024-10-27 21:21:35,665 - INFO - loss: 0.949669  [  656/ 2576]
2024-10-27 21:21:41,709 - INFO - EPOCH 25:
2024-10-27 21:21:42,259 - INFO - loss: 0.251833  [   64/ 2576]
2024-10-27 21:21:46,306 - INFO - loss: 0.342623  [  704/ 2576]
2024-10-27 21:21:50,364 - INFO - loss: 0.275452  [ 1344/ 2576]
2024-10-27 21:21:54,529 - INFO - loss: 0.496123  [ 1984/ 2576]
2024-10-27 21:21:58,311 - INFO - loss: 0.950222  [  656/ 2576]
2024-10-27 21:22:04,336 - INFO - EPOCH 26:
2024-10-27 21:22:04,855 - INFO - loss: 0.320849  [   64/ 2576]
2024-10-27 21:22:08,893 - INFO - loss: 0.449738  [  704/ 2576]
2024-10-27 21:22:13,017 - INFO - loss: 0.885021  [ 1344/ 2576]
2024-10-27 21:22:17,107 - INFO - loss: 0.368072  [ 1984/ 2576]
2024-10-27 21:22:20,809 - INFO - loss: 1.211577  [  656/ 2576]
2024-10-27 21:22:27,165 - INFO - EPOCH 27:
2024-10-27 21:22:27,789 - INFO - loss: 0.484605  [   64/ 2576]
2024-10-27 21:22:31,980 - INFO - loss: 0.600825  [  704/ 2576]
2024-10-27 21:22:36,040 - INFO - loss: 0.427838  [ 1344/ 2576]
2024-10-27 21:22:40,203 - INFO - loss: 0.280249  [ 1984/ 2576]
2024-10-27 21:22:43,972 - INFO - loss: 0.249158  [  656/ 2576]
2024-10-27 21:22:50,148 - INFO - EPOCH 28:
2024-10-27 21:22:50,664 - INFO - loss: 0.263126  [   64/ 2576]
2024-10-27 21:22:54,822 - INFO - loss: 0.475749  [  704/ 2576]
2024-10-27 21:22:58,948 - INFO - loss: 0.514218  [ 1344/ 2576]
2024-10-27 21:23:03,074 - INFO - loss: 0.635233  [ 1984/ 2576]
2024-10-27 21:23:07,009 - INFO - loss: 0.889885  [  656/ 2576]
2024-10-27 21:23:13,153 - INFO - EPOCH 29:
2024-10-27 21:23:13,660 - INFO - loss: 0.344001  [   64/ 2576]
2024-10-27 21:23:17,700 - INFO - loss: 0.457408  [  704/ 2576]
2024-10-27 21:23:21,705 - INFO - loss: 0.766704  [ 1344/ 2576]
2024-10-27 21:23:25,728 - INFO - loss: 0.398019  [ 1984/ 2576]
2024-10-27 21:23:29,495 - INFO - loss: 0.261615  [  656/ 2576]
2024-10-27 21:23:35,694 - INFO - EPOCH 30:
2024-10-27 21:23:36,246 - INFO - loss: 0.267400  [   64/ 2576]
2024-10-27 21:23:40,347 - INFO - loss: 0.405517  [  704/ 2576]
2024-10-27 21:23:44,440 - INFO - loss: 0.328267  [ 1344/ 2576]
2024-10-27 21:23:48,525 - INFO - loss: 0.472737  [ 1984/ 2576]
2024-10-27 21:23:52,342 - INFO - loss: 0.225698  [  656/ 2576]
2024-10-27 21:23:58,525 - INFO - EPOCH 31:
2024-10-27 21:23:59,038 - INFO - loss: 0.255000  [   64/ 2576]
2024-10-27 21:24:03,341 - INFO - loss: 0.214211  [  704/ 2576]
2024-10-27 21:24:07,522 - INFO - loss: 0.388541  [ 1344/ 2576]
2024-10-27 21:24:11,595 - INFO - loss: 0.455826  [ 1984/ 2576]
2024-10-27 21:24:15,569 - INFO - loss: 0.403670  [  656/ 2576]
2024-10-27 21:24:21,765 - INFO - EPOCH 32:
2024-10-27 21:24:22,281 - INFO - loss: 0.250924  [   64/ 2576]
2024-10-27 21:24:26,481 - INFO - loss: 0.367374  [  704/ 2576]
2024-10-27 21:24:30,505 - INFO - loss: 0.410052  [ 1344/ 2576]
2024-10-27 21:24:34,583 - INFO - loss: 0.410138  [ 1984/ 2576]
2024-10-27 21:24:38,367 - INFO - loss: 1.047592  [  656/ 2576]
2024-10-27 21:24:44,409 - INFO - EPOCH 33:
2024-10-27 21:24:44,931 - INFO - loss: 0.460757  [   64/ 2576]
2024-10-27 21:24:49,139 - INFO - loss: 0.285133  [  704/ 2576]
2024-10-27 21:24:53,283 - INFO - loss: 0.475713  [ 1344/ 2576]
2024-10-27 21:24:57,461 - INFO - loss: 0.664150  [ 1984/ 2576]
2024-10-27 21:25:01,304 - INFO - loss: 0.138422  [  656/ 2576]
2024-10-27 21:25:07,508 - INFO - EPOCH 34:
2024-10-27 21:25:08,077 - INFO - loss: 0.360041  [   64/ 2576]
2024-10-27 21:25:12,293 - INFO - loss: 0.419640  [  704/ 2576]
2024-10-27 21:25:16,339 - INFO - loss: 0.421066  [ 1344/ 2576]
2024-10-27 21:25:20,272 - INFO - loss: 0.333744  [ 1984/ 2576]
2024-10-27 21:25:24,199 - INFO - loss: 0.941428  [  656/ 2576]
2024-10-27 21:25:30,419 - INFO - EPOCH 35:
2024-10-27 21:25:30,977 - INFO - loss: 0.375187  [   64/ 2576]
2024-10-27 21:25:35,037 - INFO - loss: 0.501430  [  704/ 2576]
2024-10-27 21:25:39,183 - INFO - loss: 0.388502  [ 1344/ 2576]
2024-10-27 21:25:43,378 - INFO - loss: 0.642022  [ 1984/ 2576]
2024-10-27 21:25:47,184 - INFO - loss: 0.397225  [  656/ 2576]
2024-10-27 21:25:53,396 - INFO - EPOCH 36:
2024-10-27 21:25:53,949 - INFO - loss: 0.277576  [   64/ 2576]
2024-10-27 21:25:57,992 - INFO - loss: 0.310607  [  704/ 2576]
2024-10-27 21:26:02,301 - INFO - loss: 0.344949  [ 1344/ 2576]
2024-10-27 21:26:06,408 - INFO - loss: 0.145057  [ 1984/ 2576]
2024-10-27 21:26:10,344 - INFO - loss: 0.824792  [  656/ 2576]
2024-10-27 21:26:16,654 - INFO - EPOCH 37:
2024-10-27 21:26:17,259 - INFO - loss: 0.518408  [   64/ 2576]
2024-10-27 21:26:21,343 - INFO - loss: 0.238691  [  704/ 2576]
2024-10-27 21:26:25,421 - INFO - loss: 0.417428  [ 1344/ 2576]
2024-10-27 21:26:29,410 - INFO - loss: 0.298080  [ 1984/ 2576]
2024-10-27 21:26:33,259 - INFO - loss: 0.769599  [  656/ 2576]
2024-10-27 21:26:39,583 - INFO - EPOCH 38:
2024-10-27 21:26:40,130 - INFO - loss: 0.485559  [   64/ 2576]
2024-10-27 21:26:44,216 - INFO - loss: 0.502522  [  704/ 2576]
2024-10-27 21:26:48,255 - INFO - loss: 0.305555  [ 1344/ 2576]
2024-10-27 21:26:52,282 - INFO - loss: 0.522430  [ 1984/ 2576]
2024-10-27 21:26:56,001 - INFO - loss: 0.623788  [  656/ 2576]
2024-10-27 21:27:02,253 - INFO - EPOCH 39:
2024-10-27 21:27:02,775 - INFO - loss: 0.210264  [   64/ 2576]
2024-10-27 21:27:06,893 - INFO - loss: 0.324643  [  704/ 2576]
2024-10-27 21:27:11,115 - INFO - loss: 0.376484  [ 1344/ 2576]
2024-10-27 21:27:15,238 - INFO - loss: 0.325888  [ 1984/ 2576]
2024-10-27 21:27:18,992 - INFO - loss: 0.667409  [  656/ 2576]
2024-10-27 21:27:25,084 - INFO - EPOCH 40:
2024-10-27 21:27:25,601 - INFO - loss: 0.270715  [   64/ 2576]
2024-10-27 21:27:29,710 - INFO - loss: 0.284277  [  704/ 2576]
2024-10-27 21:27:33,932 - INFO - loss: 0.391205  [ 1344/ 2576]
2024-10-27 21:27:37,943 - INFO - loss: 0.398089  [ 1984/ 2576]
2024-10-27 21:27:41,692 - INFO - loss: 0.544490  [  656/ 2576]
2024-10-27 21:27:47,935 - INFO - EPOCH 41:
2024-10-27 21:27:48,514 - INFO - loss: 0.356205  [   64/ 2576]
2024-10-27 21:27:52,516 - INFO - loss: 0.338086  [  704/ 2576]
2024-10-27 21:27:56,534 - INFO - loss: 0.245193  [ 1344/ 2576]
2024-10-27 21:28:00,660 - INFO - loss: 0.394152  [ 1984/ 2576]
2024-10-27 21:28:04,343 - INFO - loss: 0.606878  [  656/ 2576]
2024-10-27 21:28:10,430 - INFO - EPOCH 42:
2024-10-27 21:28:10,951 - INFO - loss: 0.381864  [   64/ 2576]
2024-10-27 21:28:15,009 - INFO - loss: 0.211630  [  704/ 2576]
2024-10-27 21:28:18,975 - INFO - loss: 0.374279  [ 1344/ 2576]
2024-10-27 21:28:23,228 - INFO - loss: 0.373362  [ 1984/ 2576]
2024-10-27 21:28:27,391 - INFO - loss: 0.532284  [  656/ 2576]
2024-10-27 21:28:33,598 - INFO - EPOCH 43:
2024-10-27 21:28:34,128 - INFO - loss: 0.237431  [   64/ 2576]
2024-10-27 21:28:38,166 - INFO - loss: 0.393656  [  704/ 2576]
2024-10-27 21:28:42,198 - INFO - loss: 0.455572  [ 1344/ 2576]
2024-10-27 21:28:46,309 - INFO - loss: 0.562425  [ 1984/ 2576]
2024-10-27 21:28:50,087 - INFO - loss: 1.027341  [  656/ 2576]
2024-10-27 21:28:56,255 - INFO - EPOCH 44:
2024-10-27 21:28:56,847 - INFO - loss: 0.520106  [   64/ 2576]
2024-10-27 21:29:00,942 - INFO - loss: 0.537694  [  704/ 2576]
2024-10-27 21:29:05,046 - INFO - loss: 0.190597  [ 1344/ 2576]
2024-10-27 21:29:09,059 - INFO - loss: 0.355922  [ 1984/ 2576]
2024-10-27 21:29:12,725 - INFO - loss: 0.396146  [  656/ 2576]
2024-10-27 21:29:18,867 - INFO - EPOCH 45:
2024-10-27 21:29:19,366 - INFO - loss: 0.365847  [   64/ 2576]
2024-10-27 21:29:23,660 - INFO - loss: 0.365405  [  704/ 2576]
2024-10-27 21:29:27,846 - INFO - loss: 0.369823  [ 1344/ 2576]
2024-10-27 21:29:31,981 - INFO - loss: 0.416930  [ 1984/ 2576]
2024-10-27 21:29:35,893 - INFO - loss: 0.580769  [  656/ 2576]
2024-10-27 21:29:41,937 - INFO - EPOCH 46:
2024-10-27 21:29:42,494 - INFO - loss: 0.471291  [   64/ 2576]
2024-10-27 21:29:46,584 - INFO - loss: 0.218965  [  704/ 2576]
2024-10-27 21:29:50,571 - INFO - loss: 0.184533  [ 1344/ 2576]
2024-10-27 21:29:54,624 - INFO - loss: 0.508971  [ 1984/ 2576]
2024-10-27 21:29:58,554 - INFO - loss: 1.159139  [  656/ 2576]
2024-10-27 21:30:04,702 - INFO - EPOCH 47:
2024-10-27 21:30:05,252 - INFO - loss: 0.292329  [   64/ 2576]
2024-10-27 21:30:09,550 - INFO - loss: 0.244423  [  704/ 2576]
2024-10-27 21:30:13,639 - INFO - loss: 0.217991  [ 1344/ 2576]
2024-10-27 21:30:17,634 - INFO - loss: 0.295978  [ 1984/ 2576]
2024-10-27 21:30:21,308 - INFO - loss: 0.550411  [  656/ 2576]
2024-10-27 21:30:27,399 - INFO - EPOCH 48:
2024-10-27 21:30:27,891 - INFO - loss: 0.207887  [   64/ 2576]
2024-10-27 21:30:31,903 - INFO - loss: 0.300704  [  704/ 2576]
2024-10-27 21:30:36,056 - INFO - loss: 0.217709  [ 1344/ 2576]
2024-10-27 21:30:40,077 - INFO - loss: 0.262330  [ 1984/ 2576]
2024-10-27 21:30:43,948 - INFO - loss: 0.906342  [  656/ 2576]
2024-10-27 21:30:50,087 - INFO - EPOCH 49:
2024-10-27 21:30:50,642 - INFO - loss: 0.267464  [   64/ 2576]
2024-10-27 21:30:54,568 - INFO - loss: 0.215235  [  704/ 2576]
2024-10-27 21:30:58,566 - INFO - loss: 0.281116  [ 1344/ 2576]
2024-10-27 21:31:02,700 - INFO - loss: 0.369639  [ 1984/ 2576]
2024-10-27 21:31:06,437 - INFO - loss: 0.462949  [  656/ 2576]
2024-10-27 21:31:12,644 - INFO - EPOCH 50:
2024-10-27 21:31:13,233 - INFO - loss: 0.265766  [   64/ 2576]
2024-10-27 21:31:17,358 - INFO - loss: 0.251780  [  704/ 2576]
2024-10-27 21:31:21,504 - INFO - loss: 0.230222  [ 1344/ 2576]
2024-10-27 21:31:25,542 - INFO - loss: 0.402149  [ 1984/ 2576]
2024-10-27 21:31:29,396 - INFO - loss: 0.378023  [  656/ 2576]
2024-10-27 21:31:35,523 - INFO - Final Evaluation...
2024-10-27 21:31:56,264 - INFO - Accuracy  79.12% [correct: 2903, total: 3669]
2024-10-27 21:31:56,264 - INFO - Precision: 0.7991762161254883
2024-10-27 21:31:56,265 - INFO - Recall: 0.7908710241317749
