2024-10-27 19:58:05,079 - INFO - Model Results will be saved to: model_store/trained_20241027/model_195805
2024-10-27 19:58:05,461 - INFO - Training 25 epochs, lr: 0.001...
2024-10-27 19:58:05,462 - INFO - EPOCH 1:
2024-10-27 19:58:06,243 - INFO - loss: 3.656203  [   64/ 2576]
2024-10-27 19:58:09,937 - INFO - loss: 2.336190  [  704/ 2576]
2024-10-27 19:58:13,808 - INFO - loss: 1.870432  [ 1344/ 2576]
2024-10-27 19:58:17,631 - INFO - loss: 2.018915  [ 1984/ 2576]
2024-10-27 19:58:21,264 - INFO - loss: 1.503504  [  656/ 2576]
2024-10-27 19:58:27,181 - INFO - EPOCH 2:
2024-10-27 19:58:27,768 - INFO - loss: 1.383889  [   64/ 2576]
2024-10-27 19:58:31,689 - INFO - loss: 1.332231  [  704/ 2576]
2024-10-27 19:58:35,538 - INFO - loss: 1.083561  [ 1344/ 2576]
2024-10-27 19:58:39,349 - INFO - loss: 1.400590  [ 1984/ 2576]
2024-10-27 19:58:43,033 - INFO - loss: 1.497487  [  656/ 2576]
2024-10-27 19:58:48,614 - INFO - EPOCH 3:
2024-10-27 19:58:49,145 - INFO - loss: 1.054106  [   64/ 2576]
2024-10-27 19:58:52,948 - INFO - loss: 0.798548  [  704/ 2576]
2024-10-27 19:58:56,825 - INFO - loss: 1.040816  [ 1344/ 2576]
2024-10-27 19:59:00,738 - INFO - loss: 0.889723  [ 1984/ 2576]
2024-10-27 19:59:04,299 - INFO - loss: 1.126084  [  656/ 2576]
2024-10-27 19:59:10,040 - INFO - EPOCH 4:
2024-10-27 19:59:10,540 - INFO - loss: 0.891921  [   64/ 2576]
2024-10-27 19:59:14,509 - INFO - loss: 0.840497  [  704/ 2576]
2024-10-27 19:59:18,525 - INFO - loss: 0.781364  [ 1344/ 2576]
2024-10-27 19:59:22,430 - INFO - loss: 0.807144  [ 1984/ 2576]
2024-10-27 19:59:26,053 - INFO - loss: 0.741683  [  656/ 2576]
2024-10-27 19:59:31,680 - INFO - EPOCH 5:
2024-10-27 19:59:32,239 - INFO - loss: 0.582119  [   64/ 2576]
2024-10-27 19:59:36,053 - INFO - loss: 0.771897  [  704/ 2576]
2024-10-27 19:59:39,971 - INFO - loss: 0.699602  [ 1344/ 2576]
2024-10-27 19:59:43,861 - INFO - loss: 0.629337  [ 1984/ 2576]
2024-10-27 19:59:47,508 - INFO - loss: 0.411945  [  656/ 2576]
2024-10-27 19:59:53,203 - INFO - EPOCH 6:
2024-10-27 19:59:53,683 - INFO - loss: 0.529605  [   64/ 2576]
2024-10-27 19:59:57,279 - INFO - loss: 0.569721  [  704/ 2576]
2024-10-27 20:00:01,131 - INFO - loss: 0.549990  [ 1344/ 2576]
2024-10-27 20:00:04,951 - INFO - loss: 0.608824  [ 1984/ 2576]
2024-10-27 20:00:08,617 - INFO - loss: 0.759913  [  656/ 2576]
2024-10-27 20:00:14,114 - INFO - EPOCH 7:
2024-10-27 20:00:14,647 - INFO - loss: 0.604746  [   64/ 2576]
2024-10-27 20:00:18,418 - INFO - loss: 0.644821  [  704/ 2576]
2024-10-27 20:00:22,231 - INFO - loss: 0.543258  [ 1344/ 2576]
2024-10-27 20:00:26,128 - INFO - loss: 0.599493  [ 1984/ 2576]
2024-10-27 20:00:29,794 - INFO - loss: 0.584655  [  656/ 2576]
2024-10-27 20:00:35,504 - INFO - EPOCH 8:
2024-10-27 20:00:36,046 - INFO - loss: 0.433202  [   64/ 2576]
2024-10-27 20:00:39,992 - INFO - loss: 0.459470  [  704/ 2576]
2024-10-27 20:00:43,909 - INFO - loss: 0.460836  [ 1344/ 2576]
2024-10-27 20:00:47,654 - INFO - loss: 0.397743  [ 1984/ 2576]
2024-10-27 20:00:51,133 - INFO - loss: 0.834595  [  656/ 2576]
2024-10-27 20:00:56,840 - INFO - EPOCH 9:
2024-10-27 20:00:57,309 - INFO - loss: 0.333729  [   64/ 2576]
2024-10-27 20:01:01,403 - INFO - loss: 0.532854  [  704/ 2576]
2024-10-27 20:01:05,196 - INFO - loss: 0.440282  [ 1344/ 2576]
2024-10-27 20:01:09,198 - INFO - loss: 0.270643  [ 1984/ 2576]
2024-10-27 20:01:12,682 - INFO - loss: 0.607873  [  656/ 2576]
2024-10-27 20:01:18,517 - INFO - EPOCH 10:
2024-10-27 20:01:18,983 - INFO - loss: 0.322361  [   64/ 2576]
2024-10-27 20:01:22,805 - INFO - loss: 0.226125  [  704/ 2576]
2024-10-27 20:01:26,624 - INFO - loss: 0.387277  [ 1344/ 2576]
2024-10-27 20:01:30,364 - INFO - loss: 0.356966  [ 1984/ 2576]
2024-10-27 20:01:33,817 - INFO - loss: 0.488108  [  656/ 2576]
2024-10-27 20:01:39,347 - INFO - EPOCH 11:
2024-10-27 20:01:39,877 - INFO - loss: 0.353202  [   64/ 2576]
2024-10-27 20:01:43,568 - INFO - loss: 0.367395  [  704/ 2576]
2024-10-27 20:01:47,460 - INFO - loss: 0.227590  [ 1344/ 2576]
2024-10-27 20:01:51,142 - INFO - loss: 0.346854  [ 1984/ 2576]
2024-10-27 20:01:54,734 - INFO - loss: 0.471026  [  656/ 2576]
2024-10-27 20:02:00,340 - INFO - EPOCH 12:
2024-10-27 20:02:00,865 - INFO - loss: 0.202996  [   64/ 2576]
2024-10-27 20:02:04,689 - INFO - loss: 0.212298  [  704/ 2576]
2024-10-27 20:02:08,416 - INFO - loss: 0.351496  [ 1344/ 2576]
2024-10-27 20:02:12,301 - INFO - loss: 0.323374  [ 1984/ 2576]
2024-10-27 20:02:15,933 - INFO - loss: 0.347679  [  656/ 2576]
2024-10-27 20:02:21,859 - INFO - EPOCH 13:
2024-10-27 20:02:22,327 - INFO - loss: 0.182599  [   64/ 2576]
2024-10-27 20:02:26,300 - INFO - loss: 0.094279  [  704/ 2576]
2024-10-27 20:02:30,123 - INFO - loss: 0.185406  [ 1344/ 2576]
2024-10-27 20:02:34,010 - INFO - loss: 0.367170  [ 1984/ 2576]
2024-10-27 20:02:37,654 - INFO - loss: 0.313090  [  656/ 2576]
2024-10-27 20:02:43,281 - INFO - EPOCH 14:
2024-10-27 20:02:43,761 - INFO - loss: 0.146783  [   64/ 2576]
2024-10-27 20:02:47,785 - INFO - loss: 0.249435  [  704/ 2576]
2024-10-27 20:02:51,712 - INFO - loss: 0.141094  [ 1344/ 2576]
2024-10-27 20:02:55,614 - INFO - loss: 0.206271  [ 1984/ 2576]
2024-10-27 20:02:59,105 - INFO - loss: 1.037876  [  656/ 2576]
2024-10-27 20:03:04,705 - INFO - EPOCH 15:
2024-10-27 20:03:05,186 - INFO - loss: 0.220748  [   64/ 2576]
2024-10-27 20:03:08,942 - INFO - loss: 0.183880  [  704/ 2576]
2024-10-27 20:03:12,877 - INFO - loss: 0.211158  [ 1344/ 2576]
2024-10-27 20:03:16,628 - INFO - loss: 0.206614  [ 1984/ 2576]
2024-10-27 20:03:20,282 - INFO - loss: 0.222902  [  656/ 2576]
2024-10-27 20:03:26,116 - INFO - EPOCH 16:
2024-10-27 20:03:26,628 - INFO - loss: 0.120869  [   64/ 2576]
2024-10-27 20:03:30,396 - INFO - loss: 0.204375  [  704/ 2576]
2024-10-27 20:03:34,326 - INFO - loss: 0.303665  [ 1344/ 2576]
2024-10-27 20:03:38,032 - INFO - loss: 0.548958  [ 1984/ 2576]
2024-10-27 20:03:41,611 - INFO - loss: 0.518713  [  656/ 2576]
2024-10-27 20:03:47,461 - INFO - EPOCH 17:
2024-10-27 20:03:47,997 - INFO - loss: 0.141641  [   64/ 2576]
2024-10-27 20:03:51,774 - INFO - loss: 0.201060  [  704/ 2576]
2024-10-27 20:03:55,576 - INFO - loss: 0.091963  [ 1344/ 2576]
2024-10-27 20:03:59,391 - INFO - loss: 0.294064  [ 1984/ 2576]
2024-10-27 20:04:02,971 - INFO - loss: 0.333383  [  656/ 2576]
2024-10-27 20:04:08,648 - INFO - EPOCH 18:
2024-10-27 20:04:09,185 - INFO - loss: 0.160600  [   64/ 2576]
2024-10-27 20:04:13,009 - INFO - loss: 0.240997  [  704/ 2576]
2024-10-27 20:04:17,097 - INFO - loss: 0.148981  [ 1344/ 2576]
2024-10-27 20:04:21,206 - INFO - loss: 0.134513  [ 1984/ 2576]
2024-10-27 20:04:24,759 - INFO - loss: 0.069375  [  656/ 2576]
2024-10-27 20:04:30,585 - INFO - EPOCH 19:
2024-10-27 20:04:31,088 - INFO - loss: 0.127663  [   64/ 2576]
2024-10-27 20:04:35,877 - INFO - loss: 0.095420  [  704/ 2576]
2024-10-27 20:04:40,630 - INFO - loss: 0.140630  [ 1344/ 2576]
2024-10-27 20:04:46,153 - INFO - loss: 0.125121  [ 1984/ 2576]
2024-10-27 20:04:51,490 - INFO - loss: 0.215850  [  656/ 2576]
2024-10-27 20:04:57,757 - INFO - EPOCH 20:
2024-10-27 20:04:58,217 - INFO - loss: 0.184729  [   64/ 2576]
2024-10-27 20:05:03,094 - INFO - loss: 0.187963  [  704/ 2576]
2024-10-27 20:05:08,409 - INFO - loss: 0.223679  [ 1344/ 2576]
2024-10-27 20:05:13,424 - INFO - loss: 0.131130  [ 1984/ 2576]
2024-10-27 20:05:17,925 - INFO - loss: 0.490861  [  656/ 2576]
2024-10-27 20:05:24,356 - INFO - EPOCH 21:
2024-10-27 20:05:24,855 - INFO - loss: 0.087258  [   64/ 2576]
2024-10-27 20:05:29,455 - INFO - loss: 0.297383  [  704/ 2576]
2024-10-27 20:05:34,191 - INFO - loss: 0.132425  [ 1344/ 2576]
2024-10-27 20:05:40,243 - INFO - loss: 0.080575  [ 1984/ 2576]
2024-10-27 20:05:44,339 - INFO - loss: 0.152840  [  656/ 2576]
2024-10-27 20:05:50,672 - INFO - EPOCH 22:
2024-10-27 20:05:51,078 - INFO - loss: 0.033042  [   64/ 2576]
2024-10-27 20:05:55,622 - INFO - loss: 0.109431  [  704/ 2576]
2024-10-27 20:06:00,044 - INFO - loss: 0.225560  [ 1344/ 2576]
2024-10-27 20:06:04,447 - INFO - loss: 0.201026  [ 1984/ 2576]
2024-10-27 20:06:08,523 - INFO - loss: 0.179647  [  656/ 2576]
2024-10-27 20:06:14,659 - INFO - EPOCH 23:
2024-10-27 20:06:15,245 - INFO - loss: 0.097628  [   64/ 2576]
2024-10-27 20:06:19,840 - INFO - loss: 0.095257  [  704/ 2576]
2024-10-27 20:06:24,584 - INFO - loss: 0.072218  [ 1344/ 2576]
2024-10-27 20:06:30,385 - INFO - loss: 0.078058  [ 1984/ 2576]
2024-10-27 20:06:35,378 - INFO - loss: 0.157505  [  656/ 2576]
2024-10-27 20:06:41,819 - INFO - EPOCH 24:
2024-10-27 20:06:42,245 - INFO - loss: 0.108751  [   64/ 2576]
2024-10-27 20:06:46,772 - INFO - loss: 0.117273  [  704/ 2576]
2024-10-27 20:06:51,645 - INFO - loss: 0.040541  [ 1344/ 2576]
2024-10-27 20:06:56,080 - INFO - loss: 0.111250  [ 1984/ 2576]
2024-10-27 20:07:00,097 - INFO - loss: 0.069156  [  656/ 2576]
2024-10-27 20:07:06,422 - INFO - EPOCH 25:
2024-10-27 20:07:06,878 - INFO - loss: 0.149221  [   64/ 2576]
2024-10-27 20:07:11,268 - INFO - loss: 0.167219  [  704/ 2576]
2024-10-27 20:07:16,478 - INFO - loss: 0.119590  [ 1344/ 2576]
2024-10-27 20:07:22,127 - INFO - loss: 0.106219  [ 1984/ 2576]
2024-10-27 20:07:26,976 - INFO - loss: 0.340478  [  656/ 2576]
2024-10-27 20:07:33,342 - INFO - Final Evaluation...
2024-10-27 20:08:01,052 - INFO - Accuracy  69.61% [correct: 2554, total: 3669]
2024-10-27 20:08:01,052 - INFO - Precision: 0.7139124274253845
2024-10-27 20:08:01,053 - INFO - Recall: 0.6957886219024658
