2024-10-25 18:32:43,141 - INFO - Model Results will be saved to: model_store/trained_20241025/model_183243
2024-10-25 18:32:43,530 - INFO - Training 50 epochs, lr: 0.001...
2024-10-25 18:32:43,530 - INFO - EPOCH 1:
2024-10-25 18:32:44,283 - INFO - loss: 3.604810  [   64/ 3680]
2024-10-25 18:32:48,987 - INFO - loss: 3.175638  [  704/ 3680]
2024-10-25 18:32:53,640 - INFO - loss: 2.460485  [ 1344/ 3680]
2024-10-25 18:32:58,135 - INFO - loss: 2.257084  [ 1984/ 3680]
2024-10-25 18:33:02,604 - INFO - loss: 2.042691  [ 2624/ 3680]
2024-10-25 18:33:07,200 - INFO - loss: 2.476997  [ 3264/ 3680]
2024-10-25 18:33:27,571 - INFO - EPOCH 2:
2024-10-25 18:33:28,114 - INFO - loss: 2.087457  [   64/ 3680]
2024-10-25 18:33:32,346 - INFO - loss: 1.767910  [  704/ 3680]
2024-10-25 18:33:36,618 - INFO - loss: 1.703944  [ 1344/ 3680]
2024-10-25 18:33:40,743 - INFO - loss: 2.199022  [ 1984/ 3680]
2024-10-25 18:33:45,079 - INFO - loss: 2.222243  [ 2624/ 3680]
2024-10-25 18:33:49,385 - INFO - loss: 1.955654  [ 3264/ 3680]
2024-10-25 18:34:09,494 - INFO - EPOCH 3:
2024-10-25 18:34:10,071 - INFO - loss: 1.635072  [   64/ 3680]
2024-10-25 18:34:14,406 - INFO - loss: 1.687656  [  704/ 3680]
2024-10-25 18:34:18,867 - INFO - loss: 1.290621  [ 1344/ 3680]
2024-10-25 18:34:23,314 - INFO - loss: 1.719636  [ 1984/ 3680]
2024-10-25 18:34:27,864 - INFO - loss: 1.367166  [ 2624/ 3680]
2024-10-25 18:34:32,349 - INFO - loss: 1.652558  [ 3264/ 3680]
2024-10-25 18:34:53,371 - INFO - EPOCH 4:
2024-10-25 18:34:53,935 - INFO - loss: 1.360256  [   64/ 3680]
2024-10-25 18:34:58,402 - INFO - loss: 1.405669  [  704/ 3680]
2024-10-25 18:35:02,844 - INFO - loss: 1.621106  [ 1344/ 3680]
2024-10-25 18:35:07,334 - INFO - loss: 1.447730  [ 1984/ 3680]
2024-10-25 18:35:11,969 - INFO - loss: 1.291965  [ 2624/ 3680]
2024-10-25 18:35:16,338 - INFO - loss: 1.308003  [ 3264/ 3680]
2024-10-25 18:35:36,638 - INFO - EPOCH 5:
2024-10-25 18:35:37,197 - INFO - loss: 1.414129  [   64/ 3680]
2024-10-25 18:35:41,457 - INFO - loss: 1.249688  [  704/ 3680]
2024-10-25 18:35:45,755 - INFO - loss: 1.716567  [ 1344/ 3680]
2024-10-25 18:35:49,928 - INFO - loss: 1.026435  [ 1984/ 3680]
2024-10-25 18:35:54,175 - INFO - loss: 1.752241  [ 2624/ 3680]
2024-10-25 18:35:58,416 - INFO - loss: 1.426291  [ 3264/ 3680]
2024-10-25 18:36:18,237 - INFO - EPOCH 6:
2024-10-25 18:36:18,803 - INFO - loss: 1.336164  [   64/ 3680]
2024-10-25 18:36:23,009 - INFO - loss: 1.388801  [  704/ 3680]
2024-10-25 18:36:27,297 - INFO - loss: 1.218965  [ 1344/ 3680]
2024-10-25 18:36:31,478 - INFO - loss: 1.292200  [ 1984/ 3680]
2024-10-25 18:36:35,682 - INFO - loss: 1.240908  [ 2624/ 3680]
2024-10-25 18:36:39,861 - INFO - loss: 1.257514  [ 3264/ 3680]
2024-10-25 18:36:59,946 - INFO - EPOCH 7:
2024-10-25 18:37:00,499 - INFO - loss: 1.362463  [   64/ 3680]
2024-10-25 18:37:04,812 - INFO - loss: 1.292547  [  704/ 3680]
2024-10-25 18:37:09,028 - INFO - loss: 1.330118  [ 1344/ 3680]
2024-10-25 18:37:13,322 - INFO - loss: 1.012990  [ 1984/ 3680]
2024-10-25 18:37:17,498 - INFO - loss: 1.267054  [ 2624/ 3680]
2024-10-25 18:37:21,714 - INFO - loss: 1.122809  [ 3264/ 3680]
2024-10-25 18:37:41,562 - INFO - EPOCH 8:
2024-10-25 18:37:42,076 - INFO - loss: 1.198941  [   64/ 3680]
2024-10-25 18:37:46,447 - INFO - loss: 1.118757  [  704/ 3680]
2024-10-25 18:37:50,739 - INFO - loss: 1.245033  [ 1344/ 3680]
2024-10-25 18:37:54,867 - INFO - loss: 1.327649  [ 1984/ 3680]
2024-10-25 18:37:59,152 - INFO - loss: 1.174515  [ 2624/ 3680]
2024-10-25 18:38:03,483 - INFO - loss: 0.949419  [ 3264/ 3680]
2024-10-25 18:38:23,340 - INFO - EPOCH 9:
2024-10-25 18:38:23,857 - INFO - loss: 0.937622  [   64/ 3680]
2024-10-25 18:38:28,071 - INFO - loss: 1.161775  [  704/ 3680]
2024-10-25 18:38:32,252 - INFO - loss: 1.360162  [ 1344/ 3680]
2024-10-25 18:38:36,614 - INFO - loss: 1.351932  [ 1984/ 3680]
2024-10-25 18:38:40,844 - INFO - loss: 1.402935  [ 2624/ 3680]
2024-10-25 18:38:45,090 - INFO - loss: 1.358829  [ 3264/ 3680]
2024-10-25 18:39:04,763 - INFO - EPOCH 10:
2024-10-25 18:39:05,317 - INFO - loss: 1.217247  [   64/ 3680]
2024-10-25 18:39:09,526 - INFO - loss: 1.131812  [  704/ 3680]
2024-10-25 18:39:13,892 - INFO - loss: 1.000485  [ 1344/ 3680]
2024-10-25 18:39:18,108 - INFO - loss: 1.080083  [ 1984/ 3680]
2024-10-25 18:39:22,304 - INFO - loss: 1.482021  [ 2624/ 3680]
2024-10-25 18:39:26,602 - INFO - loss: 1.433912  [ 3264/ 3680]
2024-10-25 18:39:46,501 - INFO - EPOCH 11:
2024-10-25 18:39:47,056 - INFO - loss: 1.055926  [   64/ 3680]
2024-10-25 18:39:51,388 - INFO - loss: 1.278718  [  704/ 3680]
2024-10-25 18:39:55,552 - INFO - loss: 1.199932  [ 1344/ 3680]
2024-10-25 18:39:59,849 - INFO - loss: 0.892847  [ 1984/ 3680]
2024-10-25 18:40:03,972 - INFO - loss: 1.016307  [ 2624/ 3680]
2024-10-25 18:40:08,157 - INFO - loss: 1.153616  [ 3264/ 3680]
2024-10-25 18:40:28,053 - INFO - EPOCH 12:
2024-10-25 18:40:28,577 - INFO - loss: 1.055166  [   64/ 3680]
2024-10-25 18:40:32,775 - INFO - loss: 0.948392  [  704/ 3680]
2024-10-25 18:40:37,126 - INFO - loss: 0.845660  [ 1344/ 3680]
2024-10-25 18:40:41,242 - INFO - loss: 1.044773  [ 1984/ 3680]
2024-10-25 18:40:45,433 - INFO - loss: 1.062719  [ 2624/ 3680]
2024-10-25 18:40:49,684 - INFO - loss: 0.963745  [ 3264/ 3680]
2024-10-25 18:41:09,514 - INFO - EPOCH 13:
2024-10-25 18:41:10,057 - INFO - loss: 0.757856  [   64/ 3680]
2024-10-25 18:41:14,295 - INFO - loss: 1.085558  [  704/ 3680]
2024-10-25 18:41:18,517 - INFO - loss: 1.418867  [ 1344/ 3680]
2024-10-25 18:41:22,726 - INFO - loss: 1.053607  [ 1984/ 3680]
2024-10-25 18:41:27,083 - INFO - loss: 0.790684  [ 2624/ 3680]
2024-10-25 18:41:31,347 - INFO - loss: 1.353014  [ 3264/ 3680]
2024-10-25 18:41:51,334 - INFO - EPOCH 14:
2024-10-25 18:41:51,906 - INFO - loss: 1.004803  [   64/ 3680]
2024-10-25 18:41:56,039 - INFO - loss: 1.147661  [  704/ 3680]
2024-10-25 18:42:00,287 - INFO - loss: 1.110623  [ 1344/ 3680]
2024-10-25 18:42:04,809 - INFO - loss: 1.116860  [ 1984/ 3680]
2024-10-25 18:42:09,613 - INFO - loss: 0.761302  [ 2624/ 3680]
2024-10-25 18:42:14,049 - INFO - loss: 1.240647  [ 3264/ 3680]
2024-10-25 18:42:34,600 - INFO - EPOCH 15:
2024-10-25 18:42:35,127 - INFO - loss: 1.020059  [   64/ 3680]
2024-10-25 18:42:39,504 - INFO - loss: 0.898085  [  704/ 3680]
2024-10-25 18:42:43,704 - INFO - loss: 0.968693  [ 1344/ 3680]
2024-10-25 18:42:47,996 - INFO - loss: 0.993875  [ 1984/ 3680]
2024-10-25 18:42:52,204 - INFO - loss: 1.344384  [ 2624/ 3680]
2024-10-25 18:42:56,451 - INFO - loss: 0.955505  [ 3264/ 3680]
2024-10-25 18:43:16,292 - INFO - EPOCH 16:
2024-10-25 18:43:16,885 - INFO - loss: 1.203407  [   64/ 3680]
2024-10-25 18:43:21,050 - INFO - loss: 0.829052  [  704/ 3680]
2024-10-25 18:43:25,320 - INFO - loss: 1.277321  [ 1344/ 3680]
2024-10-25 18:43:29,584 - INFO - loss: 0.712527  [ 1984/ 3680]
2024-10-25 18:43:33,720 - INFO - loss: 1.058901  [ 2624/ 3680]
2024-10-25 18:43:37,921 - INFO - loss: 0.963150  [ 3264/ 3680]
2024-10-25 18:43:57,745 - INFO - EPOCH 17:
2024-10-25 18:43:58,293 - INFO - loss: 0.838133  [   64/ 3680]
2024-10-25 18:44:02,445 - INFO - loss: 1.176198  [  704/ 3680]
2024-10-25 18:44:06,689 - INFO - loss: 1.142688  [ 1344/ 3680]
2024-10-25 18:44:10,860 - INFO - loss: 0.833055  [ 1984/ 3680]
2024-10-25 18:44:15,118 - INFO - loss: 1.105581  [ 2624/ 3680]
2024-10-25 18:44:19,389 - INFO - loss: 0.788562  [ 3264/ 3680]
2024-10-25 18:44:39,271 - INFO - EPOCH 18:
2024-10-25 18:44:39,848 - INFO - loss: 0.919099  [   64/ 3680]
2024-10-25 18:44:44,052 - INFO - loss: 1.129300  [  704/ 3680]
2024-10-25 18:44:48,200 - INFO - loss: 0.981331  [ 1344/ 3680]
2024-10-25 18:44:52,408 - INFO - loss: 1.001839  [ 1984/ 3680]
2024-10-25 18:44:56,591 - INFO - loss: 1.091534  [ 2624/ 3680]
2024-10-25 18:45:00,821 - INFO - loss: 0.973589  [ 3264/ 3680]
2024-10-25 18:45:20,683 - INFO - EPOCH 19:
2024-10-25 18:45:21,272 - INFO - loss: 0.704639  [   64/ 3680]
2024-10-25 18:45:25,366 - INFO - loss: 0.769448  [  704/ 3680]
2024-10-25 18:45:29,586 - INFO - loss: 0.917539  [ 1344/ 3680]
2024-10-25 18:45:33,917 - INFO - loss: 0.958212  [ 1984/ 3680]
2024-10-25 18:45:38,086 - INFO - loss: 1.329394  [ 2624/ 3680]
2024-10-25 18:45:42,321 - INFO - loss: 1.161546  [ 3264/ 3680]
2024-10-25 18:46:02,067 - INFO - EPOCH 20:
2024-10-25 18:46:02,626 - INFO - loss: 1.193132  [   64/ 3680]
2024-10-25 18:46:07,040 - INFO - loss: 0.819916  [  704/ 3680]
2024-10-25 18:46:11,263 - INFO - loss: 1.130478  [ 1344/ 3680]
2024-10-25 18:46:15,431 - INFO - loss: 0.803080  [ 1984/ 3680]
2024-10-25 18:46:19,621 - INFO - loss: 0.906393  [ 2624/ 3680]
2024-10-25 18:46:23,794 - INFO - loss: 0.847704  [ 3264/ 3680]
2024-10-25 18:46:43,725 - INFO - EPOCH 21:
2024-10-25 18:46:44,255 - INFO - loss: 0.926618  [   64/ 3680]
2024-10-25 18:46:48,468 - INFO - loss: 1.010224  [  704/ 3680]
2024-10-25 18:46:52,706 - INFO - loss: 0.718009  [ 1344/ 3680]
2024-10-25 18:46:56,932 - INFO - loss: 1.146231  [ 1984/ 3680]
2024-10-25 18:47:01,082 - INFO - loss: 0.835095  [ 2624/ 3680]
2024-10-25 18:47:05,284 - INFO - loss: 1.096518  [ 3264/ 3680]
2024-10-25 18:47:25,313 - INFO - EPOCH 22:
2024-10-25 18:47:25,836 - INFO - loss: 0.809005  [   64/ 3680]
2024-10-25 18:47:29,988 - INFO - loss: 0.926552  [  704/ 3680]
2024-10-25 18:47:34,179 - INFO - loss: 1.256597  [ 1344/ 3680]
2024-10-25 18:47:38,336 - INFO - loss: 0.939176  [ 1984/ 3680]
2024-10-25 18:47:42,555 - INFO - loss: 0.716840  [ 2624/ 3680]
2024-10-25 18:47:46,820 - INFO - loss: 0.911511  [ 3264/ 3680]
2024-10-25 18:48:06,631 - INFO - EPOCH 23:
2024-10-25 18:48:07,221 - INFO - loss: 0.950919  [   64/ 3680]
2024-10-25 18:48:11,438 - INFO - loss: 0.870314  [  704/ 3680]
2024-10-25 18:48:15,686 - INFO - loss: 0.904634  [ 1344/ 3680]
2024-10-25 18:48:19,906 - INFO - loss: 0.719084  [ 1984/ 3680]
2024-10-25 18:48:24,202 - INFO - loss: 0.881780  [ 2624/ 3680]
2024-10-25 18:48:28,390 - INFO - loss: 0.738916  [ 3264/ 3680]
2024-10-25 18:48:48,259 - INFO - EPOCH 24:
2024-10-25 18:48:48,804 - INFO - loss: 1.017001  [   64/ 3680]
2024-10-25 18:48:52,934 - INFO - loss: 0.833650  [  704/ 3680]
2024-10-25 18:48:57,173 - INFO - loss: 0.932744  [ 1344/ 3680]
2024-10-25 18:49:01,445 - INFO - loss: 0.803871  [ 1984/ 3680]
2024-10-25 18:49:05,618 - INFO - loss: 0.927315  [ 2624/ 3680]
2024-10-25 18:49:09,933 - INFO - loss: 1.025973  [ 3264/ 3680]
2024-10-25 18:49:29,648 - INFO - EPOCH 25:
2024-10-25 18:49:30,187 - INFO - loss: 0.871005  [   64/ 3680]
2024-10-25 18:49:34,550 - INFO - loss: 1.324078  [  704/ 3680]
2024-10-25 18:49:38,737 - INFO - loss: 0.761583  [ 1344/ 3680]
2024-10-25 18:49:42,926 - INFO - loss: 0.629918  [ 1984/ 3680]
2024-10-25 18:49:47,198 - INFO - loss: 0.801934  [ 2624/ 3680]
2024-10-25 18:49:51,384 - INFO - loss: 0.862930  [ 3264/ 3680]
2024-10-25 18:50:11,853 - INFO - EPOCH 26:
2024-10-25 18:50:12,378 - INFO - loss: 0.803737  [   64/ 3680]
2024-10-25 18:50:16,731 - INFO - loss: 0.699887  [  704/ 3680]
2024-10-25 18:50:21,086 - INFO - loss: 0.855765  [ 1344/ 3680]
2024-10-25 18:50:25,447 - INFO - loss: 0.715614  [ 1984/ 3680]
2024-10-25 18:50:30,155 - INFO - loss: 0.946612  [ 2624/ 3680]
2024-10-25 18:50:34,767 - INFO - loss: 0.995245  [ 3264/ 3680]
2024-10-25 18:50:57,252 - INFO - EPOCH 27:
2024-10-25 18:50:57,843 - INFO - loss: 0.971027  [   64/ 3680]
2024-10-25 18:51:02,425 - INFO - loss: 0.696489  [  704/ 3680]
2024-10-25 18:51:06,916 - INFO - loss: 0.462451  [ 1344/ 3680]
2024-10-25 18:51:11,257 - INFO - loss: 0.628356  [ 1984/ 3680]
2024-10-25 18:51:15,897 - INFO - loss: 1.053713  [ 2624/ 3680]
2024-10-25 18:51:20,485 - INFO - loss: 0.676490  [ 3264/ 3680]
2024-10-25 18:51:41,110 - INFO - EPOCH 28:
2024-10-25 18:51:41,691 - INFO - loss: 0.726381  [   64/ 3680]
2024-10-25 18:51:46,097 - INFO - loss: 1.081184  [  704/ 3680]
2024-10-25 18:51:50,428 - INFO - loss: 0.820184  [ 1344/ 3680]
2024-10-25 18:51:54,757 - INFO - loss: 0.957872  [ 1984/ 3680]
2024-10-25 18:51:59,121 - INFO - loss: 1.062224  [ 2624/ 3680]
2024-10-25 18:52:03,473 - INFO - loss: 0.775173  [ 3264/ 3680]
2024-10-25 18:52:23,730 - INFO - EPOCH 29:
2024-10-25 18:52:24,305 - INFO - loss: 0.905743  [   64/ 3680]
2024-10-25 18:52:28,829 - INFO - loss: 1.021994  [  704/ 3680]
2024-10-25 18:52:33,166 - INFO - loss: 0.814973  [ 1344/ 3680]
2024-10-25 18:52:37,575 - INFO - loss: 0.711316  [ 1984/ 3680]
2024-10-25 18:52:41,972 - INFO - loss: 0.848548  [ 2624/ 3680]
2024-10-25 18:52:46,497 - INFO - loss: 0.887225  [ 3264/ 3680]
2024-10-25 18:53:07,559 - INFO - EPOCH 30:
2024-10-25 18:53:08,100 - INFO - loss: 0.547256  [   64/ 3680]
2024-10-25 18:53:12,625 - INFO - loss: 0.724795  [  704/ 3680]
2024-10-25 18:53:17,055 - INFO - loss: 0.805036  [ 1344/ 3680]
2024-10-25 18:53:21,502 - INFO - loss: 0.810353  [ 1984/ 3680]
2024-10-25 18:53:25,942 - INFO - loss: 0.658926  [ 2624/ 3680]
2024-10-25 18:53:30,351 - INFO - loss: 0.694552  [ 3264/ 3680]
2024-10-25 18:53:50,502 - INFO - EPOCH 31:
2024-10-25 18:53:51,101 - INFO - loss: 0.574478  [   64/ 3680]
2024-10-25 18:53:55,742 - INFO - loss: 0.705897  [  704/ 3680]
2024-10-25 18:54:00,673 - INFO - loss: 0.937716  [ 1344/ 3680]
2024-10-25 18:54:05,688 - INFO - loss: 0.547888  [ 1984/ 3680]
2024-10-25 18:54:10,769 - INFO - loss: 0.493493  [ 2624/ 3680]
2024-10-25 18:54:15,643 - INFO - loss: 0.493251  [ 3264/ 3680]
2024-10-25 18:54:37,056 - INFO - EPOCH 32:
2024-10-25 18:54:37,632 - INFO - loss: 0.684719  [   64/ 3680]
2024-10-25 18:54:41,987 - INFO - loss: 0.588133  [  704/ 3680]
2024-10-25 18:54:46,279 - INFO - loss: 1.131697  [ 1344/ 3680]
2024-10-25 18:54:50,663 - INFO - loss: 0.621300  [ 1984/ 3680]
2024-10-25 18:54:54,839 - INFO - loss: 0.837748  [ 2624/ 3680]
2024-10-25 18:54:59,091 - INFO - loss: 1.070853  [ 3264/ 3680]
2024-10-25 18:55:18,693 - INFO - EPOCH 33:
2024-10-25 18:55:19,244 - INFO - loss: 0.822176  [   64/ 3680]
2024-10-25 18:55:23,466 - INFO - loss: 0.932688  [  704/ 3680]
2024-10-25 18:55:27,765 - INFO - loss: 0.710460  [ 1344/ 3680]
2024-10-25 18:55:32,050 - INFO - loss: 1.092321  [ 1984/ 3680]
2024-10-25 18:55:36,315 - INFO - loss: 0.641168  [ 2624/ 3680]
2024-10-25 18:55:40,489 - INFO - loss: 0.925552  [ 3264/ 3680]
2024-10-25 18:56:00,457 - INFO - EPOCH 34:
2024-10-25 18:56:01,004 - INFO - loss: 0.610529  [   64/ 3680]
2024-10-25 18:56:05,178 - INFO - loss: 0.781860  [  704/ 3680]
2024-10-25 18:56:09,315 - INFO - loss: 0.798808  [ 1344/ 3680]
2024-10-25 18:56:13,757 - INFO - loss: 0.861169  [ 1984/ 3680]
2024-10-25 18:56:18,062 - INFO - loss: 0.423108  [ 2624/ 3680]
2024-10-25 18:56:22,534 - INFO - loss: 0.779366  [ 3264/ 3680]
2024-10-25 18:56:43,273 - INFO - EPOCH 35:
2024-10-25 18:56:43,820 - INFO - loss: 1.076499  [   64/ 3680]
2024-10-25 18:56:47,931 - INFO - loss: 0.606652  [  704/ 3680]
2024-10-25 18:56:52,118 - INFO - loss: 0.758264  [ 1344/ 3680]
2024-10-25 18:56:56,291 - INFO - loss: 0.972102  [ 1984/ 3680]
2024-10-25 18:57:00,419 - INFO - loss: 0.568009  [ 2624/ 3680]
2024-10-25 18:57:04,634 - INFO - loss: 0.745225  [ 3264/ 3680]
2024-10-25 18:57:24,480 - INFO - EPOCH 36:
2024-10-25 18:57:25,023 - INFO - loss: 0.816842  [   64/ 3680]
2024-10-25 18:57:29,273 - INFO - loss: 0.668855  [  704/ 3680]
2024-10-25 18:57:33,359 - INFO - loss: 0.815094  [ 1344/ 3680]
2024-10-25 18:57:37,505 - INFO - loss: 0.753622  [ 1984/ 3680]
2024-10-25 18:57:41,684 - INFO - loss: 0.799285  [ 2624/ 3680]
2024-10-25 18:57:45,888 - INFO - loss: 0.930653  [ 3264/ 3680]
2024-10-25 18:58:05,338 - INFO - EPOCH 37:
2024-10-25 18:58:06,017 - INFO - loss: 0.663641  [   64/ 3680]
2024-10-25 18:58:10,048 - INFO - loss: 0.600617  [  704/ 3680]
2024-10-25 18:58:14,231 - INFO - loss: 0.542750  [ 1344/ 3680]
2024-10-25 18:58:18,526 - INFO - loss: 0.911623  [ 1984/ 3680]
2024-10-25 18:58:22,729 - INFO - loss: 0.506499  [ 2624/ 3680]
2024-10-25 18:58:26,836 - INFO - loss: 0.388944  [ 3264/ 3680]
2024-10-25 18:58:46,348 - INFO - EPOCH 38:
2024-10-25 18:58:46,876 - INFO - loss: 0.554027  [   64/ 3680]
2024-10-25 18:58:51,238 - INFO - loss: 0.684023  [  704/ 3680]
2024-10-25 18:58:55,479 - INFO - loss: 0.678705  [ 1344/ 3680]
2024-10-25 18:58:59,573 - INFO - loss: 0.499785  [ 1984/ 3680]
2024-10-25 18:59:03,763 - INFO - loss: 0.769754  [ 2624/ 3680]
2024-10-25 18:59:07,824 - INFO - loss: 0.904002  [ 3264/ 3680]
2024-10-25 18:59:27,578 - INFO - EPOCH 39:
2024-10-25 18:59:28,189 - INFO - loss: 0.567195  [   64/ 3680]
2024-10-25 18:59:32,369 - INFO - loss: 0.658678  [  704/ 3680]
2024-10-25 18:59:36,482 - INFO - loss: 0.943033  [ 1344/ 3680]
2024-10-25 18:59:40,662 - INFO - loss: 0.725132  [ 1984/ 3680]
2024-10-25 18:59:44,800 - INFO - loss: 0.893255  [ 2624/ 3680]
2024-10-25 18:59:48,916 - INFO - loss: 0.648374  [ 3264/ 3680]
2024-10-25 19:00:08,795 - INFO - EPOCH 40:
2024-10-25 19:00:09,347 - INFO - loss: 0.664894  [   64/ 3680]
2024-10-25 19:00:13,476 - INFO - loss: 0.713164  [  704/ 3680]
2024-10-25 19:00:17,526 - INFO - loss: 0.774744  [ 1344/ 3680]
2024-10-25 19:00:21,734 - INFO - loss: 0.694743  [ 1984/ 3680]
2024-10-25 19:00:25,806 - INFO - loss: 0.379130  [ 2624/ 3680]
2024-10-25 19:00:29,932 - INFO - loss: 0.738758  [ 3264/ 3680]
2024-10-25 19:00:49,762 - INFO - EPOCH 41:
2024-10-25 19:00:50,321 - INFO - loss: 0.887533  [   64/ 3680]
2024-10-25 19:00:54,550 - INFO - loss: 0.651243  [  704/ 3680]
2024-10-25 19:00:58,691 - INFO - loss: 0.655604  [ 1344/ 3680]
2024-10-25 19:01:02,750 - INFO - loss: 0.562882  [ 1984/ 3680]
2024-10-25 19:01:07,008 - INFO - loss: 0.907951  [ 2624/ 3680]
2024-10-25 19:01:11,269 - INFO - loss: 0.696662  [ 3264/ 3680]
2024-10-25 19:01:30,748 - INFO - EPOCH 42:
2024-10-25 19:01:31,308 - INFO - loss: 0.636436  [   64/ 3680]
2024-10-25 19:01:35,439 - INFO - loss: 0.465135  [  704/ 3680]
2024-10-25 19:01:39,546 - INFO - loss: 0.606963  [ 1344/ 3680]
2024-10-25 19:01:43,789 - INFO - loss: 0.619915  [ 1984/ 3680]
2024-10-25 19:01:48,173 - INFO - loss: 0.516471  [ 2624/ 3680]
2024-10-25 19:01:52,267 - INFO - loss: 0.616179  [ 3264/ 3680]
2024-10-25 19:02:11,990 - INFO - EPOCH 43:
2024-10-25 19:02:12,527 - INFO - loss: 0.688731  [   64/ 3680]
2024-10-25 19:02:16,692 - INFO - loss: 0.730063  [  704/ 3680]
2024-10-25 19:02:20,868 - INFO - loss: 0.671729  [ 1344/ 3680]
2024-10-25 19:02:25,125 - INFO - loss: 0.762740  [ 1984/ 3680]
2024-10-25 19:02:29,280 - INFO - loss: 0.637956  [ 2624/ 3680]
2024-10-25 19:02:33,352 - INFO - loss: 0.578140  [ 3264/ 3680]
2024-10-25 19:02:53,170 - INFO - EPOCH 44:
2024-10-25 19:02:53,706 - INFO - loss: 0.599027  [   64/ 3680]
2024-10-25 19:02:57,877 - INFO - loss: 0.787774  [  704/ 3680]
2024-10-25 19:03:02,146 - INFO - loss: 0.948556  [ 1344/ 3680]
2024-10-25 19:03:06,302 - INFO - loss: 0.684626  [ 1984/ 3680]
2024-10-25 19:03:10,455 - INFO - loss: 0.617705  [ 2624/ 3680]
2024-10-25 19:03:14,569 - INFO - loss: 0.409885  [ 3264/ 3680]
2024-10-25 19:03:34,184 - INFO - EPOCH 45:
2024-10-25 19:03:34,705 - INFO - loss: 0.609723  [   64/ 3680]
2024-10-25 19:03:38,896 - INFO - loss: 0.451539  [  704/ 3680]
2024-10-25 19:03:43,098 - INFO - loss: 0.597829  [ 1344/ 3680]
2024-10-25 19:03:47,336 - INFO - loss: 0.567293  [ 1984/ 3680]
2024-10-25 19:03:51,415 - INFO - loss: 0.705875  [ 2624/ 3680]
2024-10-25 19:03:55,546 - INFO - loss: 0.609765  [ 3264/ 3680]
2024-10-25 19:04:15,145 - INFO - EPOCH 46:
2024-10-25 19:04:15,676 - INFO - loss: 0.518472  [   64/ 3680]
2024-10-25 19:04:19,763 - INFO - loss: 0.646708  [  704/ 3680]
2024-10-25 19:04:23,894 - INFO - loss: 0.392626  [ 1344/ 3680]
2024-10-25 19:04:27,978 - INFO - loss: 0.822284  [ 1984/ 3680]
2024-10-25 19:04:32,165 - INFO - loss: 0.887387  [ 2624/ 3680]
2024-10-25 19:04:36,411 - INFO - loss: 0.526971  [ 3264/ 3680]
2024-10-25 19:04:55,987 - INFO - EPOCH 47:
2024-10-25 19:04:56,526 - INFO - loss: 0.511837  [   64/ 3680]
2024-10-25 19:05:00,771 - INFO - loss: 0.537831  [  704/ 3680]
2024-10-25 19:05:05,009 - INFO - loss: 0.452371  [ 1344/ 3680]
2024-10-25 19:05:09,252 - INFO - loss: 0.865853  [ 1984/ 3680]
2024-10-25 19:05:13,457 - INFO - loss: 0.839132  [ 2624/ 3680]
2024-10-25 19:05:17,609 - INFO - loss: 0.592198  [ 3264/ 3680]
2024-10-25 19:05:37,063 - INFO - EPOCH 48:
2024-10-25 19:05:37,635 - INFO - loss: 0.456415  [   64/ 3680]
2024-10-25 19:05:41,801 - INFO - loss: 0.751703  [  704/ 3680]
2024-10-25 19:05:46,061 - INFO - loss: 0.711906  [ 1344/ 3680]
2024-10-25 19:05:50,190 - INFO - loss: 0.693166  [ 1984/ 3680]
2024-10-25 19:05:54,348 - INFO - loss: 0.622082  [ 2624/ 3680]
2024-10-25 19:05:58,426 - INFO - loss: 0.732580  [ 3264/ 3680]
2024-10-25 19:06:18,056 - INFO - EPOCH 49:
2024-10-25 19:06:18,624 - INFO - loss: 0.571601  [   64/ 3680]
2024-10-25 19:06:22,792 - INFO - loss: 0.421354  [  704/ 3680]
2024-10-25 19:06:26,895 - INFO - loss: 0.684321  [ 1344/ 3680]
2024-10-25 19:06:31,027 - INFO - loss: 0.471110  [ 1984/ 3680]
2024-10-25 19:06:35,153 - INFO - loss: 0.610570  [ 2624/ 3680]
2024-10-25 19:06:39,356 - INFO - loss: 0.629544  [ 3264/ 3680]
2024-10-25 19:06:59,015 - INFO - EPOCH 50:
2024-10-25 19:06:59,569 - INFO - loss: 0.350341  [   64/ 3680]
2024-10-25 19:07:03,761 - INFO - loss: 0.726683  [  704/ 3680]
2024-10-25 19:07:07,906 - INFO - loss: 0.750279  [ 1344/ 3680]
2024-10-25 19:07:12,013 - INFO - loss: 0.698870  [ 1984/ 3680]
2024-10-25 19:07:16,167 - INFO - loss: 0.434073  [ 2624/ 3680]
2024-10-25 19:07:20,331 - INFO - loss: 0.467054  [ 3264/ 3680]
2024-10-25 19:07:40,011 - INFO - Final Evaluation...
2024-10-25 19:07:57,604 - INFO - Accuracy  65.49% [correct: 2403, total: 3669]
2024-10-25 19:07:57,605 - INFO - Precision: 0.6750261187553406
2024-10-25 19:07:57,605 - INFO - Recall: 0.6543113589286804
2024-10-25 19:07:58,281 - INFO - Model Results will be saved to: model_store/trained_20241025/model_190758
2024-10-25 19:07:58,576 - INFO - Training 75 epochs, lr: 0.001...
2024-10-25 19:07:58,576 - INFO - EPOCH 1:
2024-10-25 19:07:59,178 - INFO - loss: 3.637115  [   64/ 3680]
2024-10-25 19:08:03,793 - INFO - loss: 3.002541  [  704/ 3680]
2024-10-25 19:08:08,373 - INFO - loss: 2.452153  [ 1344/ 3680]
2024-10-25 19:08:12,687 - INFO - loss: 2.310330  [ 1984/ 3680]
2024-10-25 19:08:17,191 - INFO - loss: 2.411692  [ 2624/ 3680]
2024-10-25 19:08:21,702 - INFO - loss: 2.307576  [ 3264/ 3680]
2024-10-25 19:08:42,826 - INFO - EPOCH 2:
2024-10-25 19:08:43,391 - INFO - loss: 2.137578  [   64/ 3680]
2024-10-25 19:08:47,616 - INFO - loss: 1.931478  [  704/ 3680]
2024-10-25 19:08:51,734 - INFO - loss: 1.734968  [ 1344/ 3680]
2024-10-25 19:08:55,921 - INFO - loss: 2.206937  [ 1984/ 3680]
2024-10-25 19:09:00,234 - INFO - loss: 1.889530  [ 2624/ 3680]
2024-10-25 19:09:04,441 - INFO - loss: 1.724750  [ 3264/ 3680]
2024-10-25 19:09:24,409 - INFO - EPOCH 3:
2024-10-25 19:09:24,957 - INFO - loss: 1.888654  [   64/ 3680]
2024-10-25 19:09:29,177 - INFO - loss: 2.098935  [  704/ 3680]
2024-10-25 19:09:33,395 - INFO - loss: 1.872074  [ 1344/ 3680]
2024-10-25 19:09:37,584 - INFO - loss: 1.855704  [ 1984/ 3680]
2024-10-25 19:09:41,689 - INFO - loss: 1.664551  [ 2624/ 3680]
2024-10-25 19:09:45,912 - INFO - loss: 1.862394  [ 3264/ 3680]
2024-10-25 19:10:05,724 - INFO - EPOCH 4:
2024-10-25 19:10:06,252 - INFO - loss: 1.508349  [   64/ 3680]
2024-10-25 19:10:10,560 - INFO - loss: 1.575282  [  704/ 3680]
2024-10-25 19:10:14,872 - INFO - loss: 1.714959  [ 1344/ 3680]
2024-10-25 19:10:19,009 - INFO - loss: 1.638654  [ 1984/ 3680]
2024-10-25 19:10:23,156 - INFO - loss: 1.575765  [ 2624/ 3680]
2024-10-25 19:10:27,365 - INFO - loss: 1.192169  [ 3264/ 3680]
2024-10-25 19:10:47,115 - INFO - EPOCH 5:
2024-10-25 19:10:47,677 - INFO - loss: 1.328127  [   64/ 3680]
2024-10-25 19:10:51,822 - INFO - loss: 1.642101  [  704/ 3680]
2024-10-25 19:10:56,024 - INFO - loss: 1.526936  [ 1344/ 3680]
2024-10-25 19:11:00,418 - INFO - loss: 1.336980  [ 1984/ 3680]
2024-10-25 19:11:04,527 - INFO - loss: 1.230286  [ 2624/ 3680]
2024-10-25 19:11:08,712 - INFO - loss: 1.434609  [ 3264/ 3680]
2024-10-25 19:11:28,433 - INFO - EPOCH 6:
2024-10-25 19:11:29,001 - INFO - loss: 1.556004  [   64/ 3680]
2024-10-25 19:11:33,383 - INFO - loss: 1.542359  [  704/ 3680]
2024-10-25 19:11:37,491 - INFO - loss: 1.341448  [ 1344/ 3680]
2024-10-25 19:11:41,695 - INFO - loss: 1.607370  [ 1984/ 3680]
2024-10-25 19:11:45,958 - INFO - loss: 1.874887  [ 2624/ 3680]
2024-10-25 19:11:50,131 - INFO - loss: 1.221472  [ 3264/ 3680]
2024-10-25 19:12:10,133 - INFO - EPOCH 7:
2024-10-25 19:12:10,701 - INFO - loss: 1.186056  [   64/ 3680]
2024-10-25 19:12:14,875 - INFO - loss: 1.372138  [  704/ 3680]
2024-10-25 19:12:19,048 - INFO - loss: 1.229977  [ 1344/ 3680]
2024-10-25 19:12:23,238 - INFO - loss: 1.243126  [ 1984/ 3680]
2024-10-25 19:12:27,400 - INFO - loss: 1.111630  [ 2624/ 3680]
2024-10-25 19:12:31,604 - INFO - loss: 1.507611  [ 3264/ 3680]
2024-10-25 19:12:51,444 - INFO - EPOCH 8:
2024-10-25 19:12:51,967 - INFO - loss: 1.046829  [   64/ 3680]
2024-10-25 19:12:56,338 - INFO - loss: 1.259169  [  704/ 3680]
2024-10-25 19:13:00,559 - INFO - loss: 1.160790  [ 1344/ 3680]
2024-10-25 19:13:04,757 - INFO - loss: 1.498151  [ 1984/ 3680]
2024-10-25 19:13:08,867 - INFO - loss: 1.262979  [ 2624/ 3680]
2024-10-25 19:13:13,020 - INFO - loss: 1.026797  [ 3264/ 3680]
2024-10-25 19:13:32,793 - INFO - EPOCH 9:
2024-10-25 19:13:33,305 - INFO - loss: 0.913374  [   64/ 3680]
2024-10-25 19:13:37,488 - INFO - loss: 1.121422  [  704/ 3680]
2024-10-25 19:13:41,727 - INFO - loss: 1.012848  [ 1344/ 3680]
2024-10-25 19:13:45,861 - INFO - loss: 1.130658  [ 1984/ 3680]
2024-10-25 19:13:50,211 - INFO - loss: 1.162430  [ 2624/ 3680]
2024-10-25 19:13:54,499 - INFO - loss: 1.335379  [ 3264/ 3680]
2024-10-25 19:14:14,297 - INFO - EPOCH 10:
2024-10-25 19:14:14,866 - INFO - loss: 1.065658  [   64/ 3680]
2024-10-25 19:14:19,001 - INFO - loss: 1.528184  [  704/ 3680]
2024-10-25 19:14:23,261 - INFO - loss: 1.411015  [ 1344/ 3680]
2024-10-25 19:14:27,477 - INFO - loss: 1.306491  [ 1984/ 3680]
2024-10-25 19:14:31,713 - INFO - loss: 1.161407  [ 2624/ 3680]
2024-10-25 19:14:35,903 - INFO - loss: 1.071517  [ 3264/ 3680]
2024-10-25 19:14:55,662 - INFO - EPOCH 11:
2024-10-25 19:14:56,234 - INFO - loss: 1.267251  [   64/ 3680]
2024-10-25 19:15:00,395 - INFO - loss: 1.096063  [  704/ 3680]
2024-10-25 19:15:04,774 - INFO - loss: 0.959998  [ 1344/ 3680]
2024-10-25 19:15:08,912 - INFO - loss: 1.433198  [ 1984/ 3680]
2024-10-25 19:15:13,161 - INFO - loss: 1.080233  [ 2624/ 3680]
2024-10-25 19:15:17,398 - INFO - loss: 1.366219  [ 3264/ 3680]
2024-10-25 22:05:52,450 - INFO - EPOCH 12:
2024-10-25 22:05:52,933 - INFO - loss: 1.178601  [   64/ 3680]
2024-10-25 22:05:58,157 - INFO - loss: 1.132830  [  704/ 3680]
2024-10-25 22:06:02,991 - INFO - loss: 0.992156  [ 1344/ 3680]
2024-10-25 22:06:07,801 - INFO - loss: 1.229207  [ 1984/ 3680]
2024-10-25 22:06:12,275 - INFO - loss: 1.275226  [ 2624/ 3680]
2024-10-25 22:06:16,750 - INFO - loss: 1.189212  [ 3264/ 3680]
2024-10-25 22:06:36,853 - INFO - EPOCH 13:
2024-10-25 22:06:37,412 - INFO - loss: 1.202808  [   64/ 3680]
2024-10-25 22:06:41,611 - INFO - loss: 1.293219  [  704/ 3680]
2024-10-25 22:06:45,852 - INFO - loss: 1.371681  [ 1344/ 3680]
2024-10-25 22:06:50,224 - INFO - loss: 0.906099  [ 1984/ 3680]
2024-10-25 22:06:54,604 - INFO - loss: 0.899437  [ 2624/ 3680]
2024-10-25 22:06:58,860 - INFO - loss: 1.400871  [ 3264/ 3680]
