2024-10-25 17:33:38,540 - INFO - Model Results will be saved to: model_store/trained_20241025/model_173338
2024-10-25 17:33:38,926 - INFO - Training 10 epochs...
2024-10-25 17:33:38,927 - INFO - EPOCH 1:
2024-10-25 17:33:40,338 - INFO - loss: 3.626829  [  128/ 3680]
2024-10-25 17:33:50,296 - INFO - loss: 2.631432  [ 1408/ 3680]
2024-10-25 17:34:00,446 - INFO - loss: 1.896895  [ 2688/ 3680]
2024-10-25 17:34:26,442 - INFO - EPOCH 2:
2024-10-25 17:34:27,537 - INFO - loss: 1.788210  [  128/ 3680]
2024-10-25 17:34:37,184 - INFO - loss: 1.585870  [ 1408/ 3680]
2024-10-25 17:34:46,622 - INFO - loss: 1.739696  [ 2688/ 3680]
2024-10-25 17:35:10,948 - INFO - EPOCH 3:
2024-10-25 17:35:11,813 - INFO - loss: 1.522889  [  128/ 3680]
2024-10-25 17:35:20,675 - INFO - loss: 1.212227  [ 1408/ 3680]
2024-10-25 17:35:29,591 - INFO - loss: 1.537903  [ 2688/ 3680]
2024-10-25 17:35:53,148 - INFO - EPOCH 4:
2024-10-25 17:35:54,035 - INFO - loss: 1.407259  [  128/ 3680]
2024-10-25 17:36:02,982 - INFO - loss: 1.269360  [ 1408/ 3680]
2024-10-25 17:36:12,588 - INFO - loss: 1.261776  [ 2688/ 3680]
2024-10-25 17:36:36,903 - INFO - EPOCH 5:
2024-10-25 17:36:37,942 - INFO - loss: 1.411334  [  128/ 3680]
2024-10-25 17:36:47,382 - INFO - loss: 1.227297  [ 1408/ 3680]
2024-10-25 17:36:56,975 - INFO - loss: 1.211335  [ 2688/ 3680]
2024-10-25 17:37:21,378 - INFO - EPOCH 6:
2024-10-25 17:37:22,275 - INFO - loss: 1.129416  [  128/ 3680]
2024-10-25 17:37:31,703 - INFO - loss: 1.136803  [ 1408/ 3680]
2024-10-25 17:37:40,880 - INFO - loss: 0.972753  [ 2688/ 3680]
2024-10-25 17:38:05,136 - INFO - EPOCH 7:
2024-10-25 17:38:06,055 - INFO - loss: 1.176156  [  128/ 3680]
2024-10-25 17:38:15,341 - INFO - loss: 1.202477  [ 1408/ 3680]
2024-10-25 17:38:24,634 - INFO - loss: 1.262028  [ 2688/ 3680]
2024-10-25 17:38:49,802 - INFO - EPOCH 8:
2024-10-25 17:38:50,833 - INFO - loss: 1.089832  [  128/ 3680]
2024-10-25 17:39:00,244 - INFO - loss: 1.152683  [ 1408/ 3680]
2024-10-25 17:39:09,353 - INFO - loss: 1.121535  [ 2688/ 3680]
2024-10-25 17:39:34,733 - INFO - EPOCH 9:
2024-10-25 17:39:35,762 - INFO - loss: 0.857035  [  128/ 3680]
2024-10-25 17:39:45,397 - INFO - loss: 1.215567  [ 1408/ 3680]
2024-10-25 17:39:54,782 - INFO - loss: 1.256060  [ 2688/ 3680]
2024-10-25 17:40:20,126 - INFO - EPOCH 10:
2024-10-25 17:40:21,071 - INFO - loss: 1.014626  [  128/ 3680]
2024-10-25 17:40:30,430 - INFO - loss: 1.102002  [ 1408/ 3680]
2024-10-25 17:40:39,417 - INFO - loss: 1.204047  [ 2688/ 3680]
2024-10-25 17:41:04,751 - INFO - Final Evaluation...
2024-10-25 17:41:23,157 - INFO - Accuracy  66.67% [correct: 2446, total: 3669]
2024-10-25 17:41:23,158 - INFO - Precision: 0.6864830255508423
2024-10-25 17:41:23,158 - INFO - Recall: 0.6660069227218628
