2024-10-27 20:42:14,972 - INFO - Model Results will be saved to: model_store/trained_20241027/model_204214
2024-10-27 20:42:15,354 - INFO - Training 50 epochs, lr: 0.001...
2024-10-27 20:42:15,355 - INFO - EPOCH 1:
2024-10-27 20:42:16,062 - INFO - loss: 3.610829  [   64/ 2576]
2024-10-27 20:42:20,451 - INFO - loss: 3.124420  [  704/ 2576]
2024-10-27 20:42:25,014 - INFO - loss: 2.424771  [ 1344/ 2576]
2024-10-27 20:42:29,736 - INFO - loss: 2.294663  [ 1984/ 2576]
2024-10-27 20:42:33,996 - INFO - loss: 1.858042  [  656/ 2576]
2024-10-27 20:42:40,771 - INFO - EPOCH 2:
2024-10-27 20:42:41,350 - INFO - loss: 2.450563  [   64/ 2576]
2024-10-27 20:42:46,074 - INFO - loss: 1.932957  [  704/ 2576]
2024-10-27 20:42:50,438 - INFO - loss: 1.838470  [ 1344/ 2576]
2024-10-27 20:42:55,607 - INFO - loss: 1.481002  [ 1984/ 2576]
2024-10-27 20:42:59,662 - INFO - loss: 2.940535  [  656/ 2576]
2024-10-27 20:43:06,747 - INFO - EPOCH 3:
2024-10-27 20:43:07,333 - INFO - loss: 1.748418  [   64/ 2576]
2024-10-27 20:43:12,183 - INFO - loss: 1.805538  [  704/ 2576]
2024-10-27 20:43:17,164 - INFO - loss: 1.772180  [ 1344/ 2576]
2024-10-27 20:43:22,085 - INFO - loss: 1.644217  [ 1984/ 2576]
2024-10-27 20:43:26,604 - INFO - loss: 2.503095  [  656/ 2576]
2024-10-27 20:43:33,359 - INFO - EPOCH 4:
2024-10-27 20:43:33,982 - INFO - loss: 1.620763  [   64/ 2576]
2024-10-27 20:43:38,791 - INFO - loss: 1.702166  [  704/ 2576]
2024-10-27 20:43:43,599 - INFO - loss: 1.724095  [ 1344/ 2576]
2024-10-27 20:43:48,085 - INFO - loss: 1.321810  [ 1984/ 2576]
2024-10-27 20:43:52,401 - INFO - loss: 1.952224  [  656/ 2576]
2024-10-27 20:43:59,757 - INFO - EPOCH 5:
2024-10-27 20:44:00,417 - INFO - loss: 1.275458  [   64/ 2576]
2024-10-27 20:44:04,886 - INFO - loss: 1.548297  [  704/ 2576]
2024-10-27 20:44:09,193 - INFO - loss: 1.435371  [ 1344/ 2576]
2024-10-27 20:44:13,826 - INFO - loss: 1.323069  [ 1984/ 2576]
2024-10-27 20:44:18,272 - INFO - loss: 1.490985  [  656/ 2576]
2024-10-27 20:44:25,855 - INFO - EPOCH 6:
2024-10-27 20:44:26,325 - INFO - loss: 1.494333  [   64/ 2576]
2024-10-27 20:44:30,773 - INFO - loss: 1.396547  [  704/ 2576]
2024-10-27 20:44:35,471 - INFO - loss: 1.956335  [ 1344/ 2576]
2024-10-27 20:44:39,958 - INFO - loss: 1.646671  [ 1984/ 2576]
2024-10-27 20:44:44,250 - INFO - loss: 1.597054  [  656/ 2576]
2024-10-27 20:44:51,619 - INFO - EPOCH 7:
2024-10-27 20:44:52,189 - INFO - loss: 1.426181  [   64/ 2576]
2024-10-27 20:44:56,768 - INFO - loss: 1.382363  [  704/ 2576]
2024-10-27 20:45:01,200 - INFO - loss: 1.254281  [ 1344/ 2576]
2024-10-27 20:45:05,749 - INFO - loss: 1.164356  [ 1984/ 2576]
2024-10-27 20:45:09,867 - INFO - loss: 2.172195  [  656/ 2576]
2024-10-27 20:45:17,142 - INFO - EPOCH 8:
2024-10-27 20:45:17,794 - INFO - loss: 1.252453  [   64/ 2576]
2024-10-27 20:45:22,654 - INFO - loss: 1.089154  [  704/ 2576]
2024-10-27 20:45:27,316 - INFO - loss: 1.168665  [ 1344/ 2576]
2024-10-27 20:45:31,953 - INFO - loss: 1.165465  [ 1984/ 2576]
2024-10-27 20:45:36,045 - INFO - loss: 1.507936  [  656/ 2576]
2024-10-27 20:45:42,931 - INFO - EPOCH 9:
2024-10-27 20:45:43,585 - INFO - loss: 1.423668  [   64/ 2576]
2024-10-27 20:45:48,097 - INFO - loss: 1.443299  [  704/ 2576]
2024-10-27 20:45:52,614 - INFO - loss: 1.248204  [ 1344/ 2576]
2024-10-27 20:45:57,014 - INFO - loss: 1.066634  [ 1984/ 2576]
2024-10-27 20:46:01,510 - INFO - loss: 1.006257  [  656/ 2576]
2024-10-27 20:46:08,200 - INFO - EPOCH 10:
2024-10-27 20:46:08,779 - INFO - loss: 1.269278  [   64/ 2576]
2024-10-27 20:46:13,083 - INFO - loss: 0.947831  [  704/ 2576]
2024-10-27 20:46:17,175 - INFO - loss: 1.145432  [ 1344/ 2576]
2024-10-27 20:46:21,319 - INFO - loss: 1.178129  [ 1984/ 2576]
2024-10-27 20:46:25,120 - INFO - loss: 1.536426  [  656/ 2576]
2024-10-27 20:46:31,063 - INFO - EPOCH 11:
2024-10-27 20:46:31,462 - INFO - loss: 0.776055  [   64/ 2576]
2024-10-27 20:46:35,839 - INFO - loss: 1.241054  [  704/ 2576]
2024-10-27 20:46:40,051 - INFO - loss: 1.194253  [ 1344/ 2576]
2024-10-27 20:46:44,255 - INFO - loss: 1.204772  [ 1984/ 2576]
2024-10-27 20:46:48,218 - INFO - loss: 1.255289  [  656/ 2576]
2024-10-27 20:46:54,168 - INFO - EPOCH 12:
2024-10-27 20:46:54,695 - INFO - loss: 0.951998  [   64/ 2576]
2024-10-27 20:46:58,853 - INFO - loss: 1.205864  [  704/ 2576]
2024-10-27 20:47:02,955 - INFO - loss: 0.988894  [ 1344/ 2576]
2024-10-27 20:47:07,152 - INFO - loss: 1.393021  [ 1984/ 2576]
2024-10-27 20:47:11,106 - INFO - loss: 1.006768  [  656/ 2576]
2024-10-27 20:47:17,394 - INFO - EPOCH 13:
2024-10-27 20:47:17,951 - INFO - loss: 0.954607  [   64/ 2576]
2024-10-27 20:47:22,148 - INFO - loss: 1.169400  [  704/ 2576]
2024-10-27 20:47:26,299 - INFO - loss: 1.147098  [ 1344/ 2576]
2024-10-27 20:47:30,275 - INFO - loss: 1.009444  [ 1984/ 2576]
2024-10-27 20:47:34,061 - INFO - loss: 1.758254  [  656/ 2576]
2024-10-27 20:47:40,125 - INFO - EPOCH 14:
2024-10-27 20:47:40,649 - INFO - loss: 0.955616  [   64/ 2576]
2024-10-27 20:47:44,878 - INFO - loss: 0.807683  [  704/ 2576]
2024-10-27 20:47:49,172 - INFO - loss: 1.184950  [ 1344/ 2576]
2024-10-27 20:47:53,251 - INFO - loss: 0.768716  [ 1984/ 2576]
2024-10-27 20:47:57,042 - INFO - loss: 1.050748  [  656/ 2576]
2024-10-27 20:48:03,201 - INFO - EPOCH 15:
2024-10-27 20:48:03,748 - INFO - loss: 1.099100  [   64/ 2576]
2024-10-27 20:48:07,738 - INFO - loss: 0.898231  [  704/ 2576]
2024-10-27 20:48:11,969 - INFO - loss: 0.910437  [ 1344/ 2576]
2024-10-27 20:48:16,100 - INFO - loss: 0.918622  [ 1984/ 2576]
2024-10-27 20:48:20,005 - INFO - loss: 1.640695  [  656/ 2576]
2024-10-27 20:48:26,222 - INFO - EPOCH 16:
2024-10-27 20:48:26,756 - INFO - loss: 0.717192  [   64/ 2576]
2024-10-27 20:48:30,804 - INFO - loss: 0.930197  [  704/ 2576]
2024-10-27 20:48:34,849 - INFO - loss: 1.112963  [ 1344/ 2576]
2024-10-27 20:48:38,978 - INFO - loss: 0.903263  [ 1984/ 2576]
2024-10-27 20:48:42,951 - INFO - loss: 0.670318  [  656/ 2576]
2024-10-27 20:48:49,664 - INFO - EPOCH 17:
2024-10-27 20:48:50,232 - INFO - loss: 1.043684  [   64/ 2576]
2024-10-27 20:48:54,917 - INFO - loss: 1.194339  [  704/ 2576]
2024-10-27 20:48:59,063 - INFO - loss: 1.045520  [ 1344/ 2576]
2024-10-27 20:49:03,062 - INFO - loss: 0.945897  [ 1984/ 2576]
2024-10-27 20:49:06,897 - INFO - loss: 1.602198  [  656/ 2576]
2024-10-27 20:49:13,091 - INFO - EPOCH 18:
2024-10-27 20:49:13,621 - INFO - loss: 0.910330  [   64/ 2576]
2024-10-27 20:49:17,735 - INFO - loss: 1.170203  [  704/ 2576]
2024-10-27 20:49:21,784 - INFO - loss: 0.787184  [ 1344/ 2576]
2024-10-27 20:49:25,960 - INFO - loss: 0.860271  [ 1984/ 2576]
2024-10-27 20:49:29,926 - INFO - loss: 1.204575  [  656/ 2576]
2024-10-27 20:49:36,014 - INFO - EPOCH 19:
2024-10-27 20:49:36,531 - INFO - loss: 0.660097  [   64/ 2576]
2024-10-27 20:49:40,578 - INFO - loss: 0.790671  [  704/ 2576]
2024-10-27 20:49:44,640 - INFO - loss: 0.995824  [ 1344/ 2576]
2024-10-27 20:49:48,791 - INFO - loss: 1.018530  [ 1984/ 2576]
2024-10-27 20:49:52,527 - INFO - loss: 0.985129  [  656/ 2576]
2024-10-27 20:49:58,639 - INFO - EPOCH 20:
2024-10-27 20:49:59,167 - INFO - loss: 0.708080  [   64/ 2576]
2024-10-27 20:50:03,396 - INFO - loss: 1.086217  [  704/ 2576]
2024-10-27 20:50:07,598 - INFO - loss: 0.994074  [ 1344/ 2576]
2024-10-27 20:50:11,718 - INFO - loss: 0.658885  [ 1984/ 2576]
2024-10-27 20:50:15,690 - INFO - loss: 1.276422  [  656/ 2576]
2024-10-27 20:50:21,629 - INFO - EPOCH 21:
2024-10-27 20:50:22,147 - INFO - loss: 0.862122  [   64/ 2576]
2024-10-27 20:50:26,324 - INFO - loss: 1.311584  [  704/ 2576]
2024-10-27 20:50:30,415 - INFO - loss: 0.966294  [ 1344/ 2576]
2024-10-27 20:50:34,463 - INFO - loss: 0.850849  [ 1984/ 2576]
2024-10-27 20:50:38,320 - INFO - loss: 1.592029  [  656/ 2576]
2024-10-27 20:50:44,361 - INFO - EPOCH 22:
2024-10-27 20:50:44,893 - INFO - loss: 0.616330  [   64/ 2576]
2024-10-27 20:50:48,956 - INFO - loss: 1.261396  [  704/ 2576]
2024-10-27 20:50:53,042 - INFO - loss: 0.816381  [ 1344/ 2576]
2024-10-27 20:50:57,080 - INFO - loss: 1.147046  [ 1984/ 2576]
2024-10-27 20:51:00,861 - INFO - loss: 1.018847  [  656/ 2576]
2024-10-27 20:51:06,976 - INFO - EPOCH 23:
2024-10-27 20:51:07,495 - INFO - loss: 0.607382  [   64/ 2576]
2024-10-27 20:51:11,632 - INFO - loss: 0.741700  [  704/ 2576]
2024-10-27 20:51:15,672 - INFO - loss: 0.648857  [ 1344/ 2576]
2024-10-27 20:51:19,674 - INFO - loss: 0.724347  [ 1984/ 2576]
2024-10-27 20:51:23,423 - INFO - loss: 1.044076  [  656/ 2576]
2024-10-27 20:51:29,548 - INFO - EPOCH 24:
2024-10-27 20:51:30,101 - INFO - loss: 0.751840  [   64/ 2576]
2024-10-27 20:51:34,187 - INFO - loss: 0.947381  [  704/ 2576]
2024-10-27 20:51:38,170 - INFO - loss: 0.930273  [ 1344/ 2576]
2024-10-27 20:51:42,217 - INFO - loss: 0.782524  [ 1984/ 2576]
2024-10-27 20:51:46,042 - INFO - loss: 1.198614  [  656/ 2576]
2024-10-27 20:51:52,109 - INFO - EPOCH 25:
2024-10-27 20:51:52,661 - INFO - loss: 0.706997  [   64/ 2576]
2024-10-27 20:51:56,655 - INFO - loss: 0.748069  [  704/ 2576]
2024-10-27 20:52:00,666 - INFO - loss: 0.603801  [ 1344/ 2576]
2024-10-27 20:52:04,746 - INFO - loss: 0.573811  [ 1984/ 2576]
2024-10-27 20:52:08,501 - INFO - loss: 1.067255  [  656/ 2576]
2024-10-27 20:52:14,590 - INFO - EPOCH 26:
2024-10-27 20:52:15,080 - INFO - loss: 0.548137  [   64/ 2576]
2024-10-27 20:52:19,139 - INFO - loss: 0.887662  [  704/ 2576]
2024-10-27 20:52:23,296 - INFO - loss: 1.225021  [ 1344/ 2576]
2024-10-27 20:52:27,349 - INFO - loss: 0.927546  [ 1984/ 2576]
2024-10-27 20:52:31,027 - INFO - loss: 1.418338  [  656/ 2576]
2024-10-27 20:52:37,179 - INFO - EPOCH 27:
2024-10-27 20:52:37,682 - INFO - loss: 0.658251  [   64/ 2576]
2024-10-27 20:52:41,733 - INFO - loss: 1.006108  [  704/ 2576]
2024-10-27 20:52:45,780 - INFO - loss: 0.897504  [ 1344/ 2576]
2024-10-27 20:52:49,796 - INFO - loss: 0.500406  [ 1984/ 2576]
2024-10-27 20:52:53,722 - INFO - loss: 1.398866  [  656/ 2576]
2024-10-27 20:52:59,927 - INFO - EPOCH 28:
2024-10-27 20:53:00,453 - INFO - loss: 0.518196  [   64/ 2576]
2024-10-27 20:53:04,525 - INFO - loss: 0.809054  [  704/ 2576]
2024-10-27 20:53:08,576 - INFO - loss: 0.732759  [ 1344/ 2576]
2024-10-27 20:53:12,583 - INFO - loss: 0.879291  [ 1984/ 2576]
2024-10-27 20:53:16,347 - INFO - loss: 1.271649  [  656/ 2576]
2024-10-27 20:53:22,461 - INFO - EPOCH 29:
2024-10-27 20:53:23,021 - INFO - loss: 0.976970  [   64/ 2576]
2024-10-27 20:53:27,115 - INFO - loss: 0.721004  [  704/ 2576]
2024-10-27 20:53:31,228 - INFO - loss: 1.371184  [ 1344/ 2576]
2024-10-27 20:53:35,287 - INFO - loss: 0.889759  [ 1984/ 2576]
2024-10-27 20:53:39,139 - INFO - loss: 0.732806  [  656/ 2576]
2024-10-27 20:53:45,474 - INFO - EPOCH 30:
2024-10-27 20:53:46,022 - INFO - loss: 0.632093  [   64/ 2576]
2024-10-27 20:53:50,011 - INFO - loss: 0.882413  [  704/ 2576]
2024-10-27 20:53:54,102 - INFO - loss: 0.652217  [ 1344/ 2576]
2024-10-27 20:53:58,130 - INFO - loss: 0.734016  [ 1984/ 2576]
2024-10-27 20:54:02,048 - INFO - loss: 1.059558  [  656/ 2576]
2024-10-27 20:54:08,199 - INFO - EPOCH 31:
2024-10-27 20:54:08,729 - INFO - loss: 0.609847  [   64/ 2576]
2024-10-27 20:54:12,980 - INFO - loss: 0.608455  [  704/ 2576]
2024-10-27 20:54:16,927 - INFO - loss: 0.582542  [ 1344/ 2576]
2024-10-27 20:54:20,938 - INFO - loss: 0.790557  [ 1984/ 2576]
2024-10-27 20:54:24,704 - INFO - loss: 0.640914  [  656/ 2576]
2024-10-27 20:54:30,763 - INFO - EPOCH 32:
2024-10-27 20:54:31,293 - INFO - loss: 0.654721  [   64/ 2576]
2024-10-27 20:54:35,708 - INFO - loss: 0.619837  [  704/ 2576]
2024-10-27 20:54:40,047 - INFO - loss: 0.553530  [ 1344/ 2576]
2024-10-27 20:54:44,234 - INFO - loss: 0.782052  [ 1984/ 2576]
2024-10-27 20:54:48,190 - INFO - loss: 0.900809  [  656/ 2576]
2024-10-27 20:54:54,615 - INFO - EPOCH 33:
2024-10-27 20:54:55,163 - INFO - loss: 0.868690  [   64/ 2576]
2024-10-27 20:54:59,217 - INFO - loss: 0.564172  [  704/ 2576]
2024-10-27 20:55:03,306 - INFO - loss: 1.095654  [ 1344/ 2576]
2024-10-27 20:55:07,322 - INFO - loss: 0.839661  [ 1984/ 2576]
2024-10-27 20:55:11,144 - INFO - loss: 0.453016  [  656/ 2576]
2024-10-27 20:55:17,392 - INFO - EPOCH 34:
2024-10-27 20:55:17,977 - INFO - loss: 0.448062  [   64/ 2576]
2024-10-27 20:55:22,055 - INFO - loss: 0.698488  [  704/ 2576]
2024-10-27 20:55:26,194 - INFO - loss: 0.705435  [ 1344/ 2576]
2024-10-27 20:55:30,301 - INFO - loss: 0.450582  [ 1984/ 2576]
2024-10-27 20:55:34,174 - INFO - loss: 0.989385  [  656/ 2576]
2024-10-27 20:55:40,362 - INFO - EPOCH 35:
2024-10-27 20:55:40,881 - INFO - loss: 0.604792  [   64/ 2576]
2024-10-27 20:55:45,009 - INFO - loss: 1.064090  [  704/ 2576]
2024-10-27 20:55:49,129 - INFO - loss: 0.633533  [ 1344/ 2576]
2024-10-27 20:55:53,132 - INFO - loss: 0.795008  [ 1984/ 2576]
2024-10-27 20:55:56,982 - INFO - loss: 0.532255  [  656/ 2576]
2024-10-27 20:56:03,078 - INFO - EPOCH 36:
2024-10-27 20:56:03,655 - INFO - loss: 0.545378  [   64/ 2576]
2024-10-27 20:56:07,709 - INFO - loss: 0.609437  [  704/ 2576]
2024-10-27 20:56:11,744 - INFO - loss: 0.610829  [ 1344/ 2576]
2024-10-27 20:56:15,856 - INFO - loss: 0.439510  [ 1984/ 2576]
2024-10-27 20:56:19,671 - INFO - loss: 1.175921  [  656/ 2576]
2024-10-27 20:56:25,872 - INFO - EPOCH 37:
2024-10-27 20:56:26,388 - INFO - loss: 0.978696  [   64/ 2576]
2024-10-27 20:56:30,431 - INFO - loss: 0.613236  [  704/ 2576]
2024-10-27 20:56:34,529 - INFO - loss: 0.650417  [ 1344/ 2576]
2024-10-27 20:56:38,567 - INFO - loss: 0.518177  [ 1984/ 2576]
2024-10-27 20:56:42,392 - INFO - loss: 1.489388  [  656/ 2576]
2024-10-27 20:56:48,520 - INFO - EPOCH 38:
2024-10-27 20:56:49,022 - INFO - loss: 0.703298  [   64/ 2576]
2024-10-27 20:56:53,237 - INFO - loss: 1.020298  [  704/ 2576]
2024-10-27 20:56:57,372 - INFO - loss: 0.688292  [ 1344/ 2576]
2024-10-27 20:57:01,371 - INFO - loss: 0.786245  [ 1984/ 2576]
2024-10-27 20:57:05,183 - INFO - loss: 1.068735  [  656/ 2576]
2024-10-27 20:57:11,240 - INFO - EPOCH 39:
2024-10-27 20:57:11,767 - INFO - loss: 0.722404  [   64/ 2576]
2024-10-27 20:57:15,876 - INFO - loss: 0.657557  [  704/ 2576]
2024-10-27 20:57:19,932 - INFO - loss: 0.463317  [ 1344/ 2576]
2024-10-27 20:57:23,951 - INFO - loss: 0.615910  [ 1984/ 2576]
2024-10-27 20:57:27,732 - INFO - loss: 0.891941  [  656/ 2576]
2024-10-27 20:57:33,905 - INFO - EPOCH 40:
2024-10-27 20:57:34,414 - INFO - loss: 0.454736  [   64/ 2576]
2024-10-27 20:57:38,534 - INFO - loss: 0.641135  [  704/ 2576]
2024-10-27 20:57:42,622 - INFO - loss: 0.831862  [ 1344/ 2576]
2024-10-27 20:57:46,659 - INFO - loss: 0.661268  [ 1984/ 2576]
2024-10-27 20:57:50,390 - INFO - loss: 0.932910  [  656/ 2576]
2024-10-27 20:57:56,456 - INFO - EPOCH 41:
2024-10-27 20:57:56,968 - INFO - loss: 0.586242  [   64/ 2576]
2024-10-27 20:58:00,971 - INFO - loss: 0.570317  [  704/ 2576]
2024-10-27 20:58:05,097 - INFO - loss: 0.439868  [ 1344/ 2576]
2024-10-27 20:58:09,277 - INFO - loss: 0.700390  [ 1984/ 2576]
2024-10-27 20:58:13,047 - INFO - loss: 0.737848  [  656/ 2576]
2024-10-27 20:58:19,175 - INFO - EPOCH 42:
2024-10-27 20:58:19,719 - INFO - loss: 0.660399  [   64/ 2576]
2024-10-27 20:58:23,766 - INFO - loss: 0.375472  [  704/ 2576]
2024-10-27 20:58:27,835 - INFO - loss: 0.557225  [ 1344/ 2576]
2024-10-27 20:58:31,886 - INFO - loss: 0.806060  [ 1984/ 2576]
2024-10-27 20:58:35,683 - INFO - loss: 1.239834  [  656/ 2576]
2024-10-27 20:58:42,032 - INFO - EPOCH 43:
2024-10-27 20:58:42,549 - INFO - loss: 0.495635  [   64/ 2576]
2024-10-27 20:58:46,594 - INFO - loss: 0.552544  [  704/ 2576]
2024-10-27 20:58:50,648 - INFO - loss: 0.563027  [ 1344/ 2576]
2024-10-27 20:58:54,714 - INFO - loss: 0.868201  [ 1984/ 2576]
2024-10-27 20:58:58,466 - INFO - loss: 1.007609  [  656/ 2576]
2024-10-27 20:59:04,572 - INFO - EPOCH 44:
2024-10-27 20:59:05,145 - INFO - loss: 0.681549  [   64/ 2576]
2024-10-27 20:59:09,214 - INFO - loss: 0.828172  [  704/ 2576]
2024-10-27 20:59:13,324 - INFO - loss: 0.726746  [ 1344/ 2576]
2024-10-27 20:59:17,436 - INFO - loss: 0.917097  [ 1984/ 2576]
2024-10-27 20:59:21,170 - INFO - loss: 0.502708  [  656/ 2576]
2024-10-27 20:59:27,199 - INFO - EPOCH 45:
2024-10-27 20:59:27,721 - INFO - loss: 0.703256  [   64/ 2576]
2024-10-27 20:59:31,863 - INFO - loss: 0.457595  [  704/ 2576]
2024-10-27 20:59:36,030 - INFO - loss: 0.670029  [ 1344/ 2576]
2024-10-27 20:59:39,993 - INFO - loss: 0.792971  [ 1984/ 2576]
2024-10-27 20:59:43,727 - INFO - loss: 0.638435  [  656/ 2576]
2024-10-27 20:59:49,948 - INFO - EPOCH 46:
2024-10-27 20:59:50,499 - INFO - loss: 0.507573  [   64/ 2576]
2024-10-27 20:59:54,505 - INFO - loss: 0.545098  [  704/ 2576]
2024-10-27 20:59:58,456 - INFO - loss: 0.416304  [ 1344/ 2576]
2024-10-27 21:00:02,436 - INFO - loss: 0.861794  [ 1984/ 2576]
2024-10-27 21:00:06,299 - INFO - loss: 1.321740  [  656/ 2576]
2024-10-27 21:00:12,314 - INFO - EPOCH 47:
2024-10-27 21:00:12,845 - INFO - loss: 0.838490  [   64/ 2576]
2024-10-27 21:00:16,940 - INFO - loss: 0.477894  [  704/ 2576]
2024-10-27 21:00:21,092 - INFO - loss: 0.506104  [ 1344/ 2576]
2024-10-27 21:00:25,198 - INFO - loss: 0.826060  [ 1984/ 2576]
2024-10-27 21:00:28,915 - INFO - loss: 0.810124  [  656/ 2576]
2024-10-27 21:00:35,093 - INFO - EPOCH 48:
2024-10-27 21:00:35,658 - INFO - loss: 0.379041  [   64/ 2576]
2024-10-27 21:00:39,832 - INFO - loss: 0.582322  [  704/ 2576]
2024-10-27 21:00:44,032 - INFO - loss: 0.489084  [ 1344/ 2576]
2024-10-27 21:00:48,050 - INFO - loss: 0.683331  [ 1984/ 2576]
2024-10-27 21:00:51,788 - INFO - loss: 0.913737  [  656/ 2576]
2024-10-27 21:00:58,029 - INFO - EPOCH 49:
2024-10-27 21:00:58,547 - INFO - loss: 0.387083  [   64/ 2576]
2024-10-27 21:01:02,605 - INFO - loss: 0.593665  [  704/ 2576]
2024-10-27 21:01:06,545 - INFO - loss: 0.510300  [ 1344/ 2576]
2024-10-27 21:01:10,669 - INFO - loss: 0.751184  [ 1984/ 2576]
2024-10-27 21:01:14,478 - INFO - loss: 0.805046  [  656/ 2576]
2024-10-27 21:01:20,552 - INFO - EPOCH 50:
2024-10-27 21:01:21,147 - INFO - loss: 0.479073  [   64/ 2576]
2024-10-27 21:01:25,180 - INFO - loss: 0.435364  [  704/ 2576]
2024-10-27 21:01:29,217 - INFO - loss: 0.511372  [ 1344/ 2576]
2024-10-27 21:01:33,375 - INFO - loss: 0.626853  [ 1984/ 2576]
2024-10-27 21:01:37,119 - INFO - loss: 0.328719  [  656/ 2576]
2024-10-27 21:01:43,144 - INFO - Final Evaluation...
2024-10-27 21:02:01,179 - INFO - Accuracy  61.57% [correct: 2259, total: 3669]
2024-10-27 21:02:01,180 - INFO - Precision: 0.6463457345962524
2024-10-27 21:02:01,180 - INFO - Recall: 0.6149848103523254
