2024-10-25 16:27:39,042 - INFO - Model Results will be saved to: model_store/trained_20241025/model_162739
2024-10-25 16:27:39,400 - INFO - Training 5 epochs...
2024-10-25 16:27:39,401 - INFO - EPOCH 1:
2024-10-25 16:27:40,220 - INFO - loss: 3.545259  [   64/ 3680]
2024-10-25 16:27:44,992 - INFO - loss: 3.053574  [  704/ 3680]
2024-10-25 16:27:49,673 - INFO - loss: 2.615174  [ 1344/ 3680]
2024-10-25 16:27:53,966 - INFO - loss: 2.122383  [ 1984/ 3680]
2024-10-25 16:27:58,599 - INFO - loss: 2.101729  [ 2624/ 3680]
2024-10-25 16:28:03,275 - INFO - loss: 2.217469  [ 3264/ 3680]
2024-10-25 16:28:26,104 - INFO - EPOCH 2:
2024-10-25 16:28:26,627 - INFO - loss: 2.279660  [   64/ 3680]
2024-10-25 16:28:30,826 - INFO - loss: 1.815010  [  704/ 3680]
2024-10-25 16:28:35,079 - INFO - loss: 1.831733  [ 1344/ 3680]
2024-10-25 16:28:39,456 - INFO - loss: 1.949855  [ 1984/ 3680]
2024-10-25 16:28:43,726 - INFO - loss: 1.830337  [ 2624/ 3680]
2024-10-25 16:28:48,069 - INFO - loss: 1.453525  [ 3264/ 3680]
2024-10-25 16:29:09,280 - INFO - EPOCH 3:
2024-10-25 16:29:09,837 - INFO - loss: 1.902358  [   64/ 3680]
2024-10-25 16:29:14,048 - INFO - loss: 1.652974  [  704/ 3680]
2024-10-25 16:29:18,147 - INFO - loss: 1.704128  [ 1344/ 3680]
2024-10-25 16:29:22,390 - INFO - loss: 1.332205  [ 1984/ 3680]
2024-10-25 16:29:26,523 - INFO - loss: 1.919620  [ 2624/ 3680]
2024-10-25 16:29:30,714 - INFO - loss: 1.565056  [ 3264/ 3680]
2024-10-25 16:29:50,876 - INFO - EPOCH 4:
2024-10-25 16:29:51,404 - INFO - loss: 1.385333  [   64/ 3680]
2024-10-25 16:29:55,586 - INFO - loss: 1.535754  [  704/ 3680]
2024-10-25 16:29:59,587 - INFO - loss: 1.603374  [ 1344/ 3680]
2024-10-25 16:30:03,869 - INFO - loss: 1.632586  [ 1984/ 3680]
2024-10-25 16:30:07,976 - INFO - loss: 1.470353  [ 2624/ 3680]
2024-10-25 16:30:11,972 - INFO - loss: 1.420871  [ 3264/ 3680]
2024-10-25 16:30:32,122 - INFO - EPOCH 5:
2024-10-25 16:30:32,678 - INFO - loss: 1.446088  [   64/ 3680]
2024-10-25 16:30:36,851 - INFO - loss: 1.708151  [  704/ 3680]
2024-10-25 16:30:40,926 - INFO - loss: 1.415853  [ 1344/ 3680]
2024-10-25 16:30:45,074 - INFO - loss: 1.335952  [ 1984/ 3680]
2024-10-25 16:30:49,172 - INFO - loss: 1.559772  [ 2624/ 3680]
2024-10-25 16:30:53,428 - INFO - loss: 1.659520  [ 3264/ 3680]
2024-10-25 16:31:13,699 - INFO - Final Evaluation...
2024-10-25 16:31:32,031 - INFO - Accuracy  58.38% [correct: 2142, total: 3669]
2024-10-25 16:31:32,031 - INFO - Precision: 0.6131173372268677
2024-10-25 16:31:32,032 - INFO - Recall: 0.5838181972503662
