2024-10-25 18:05:44,426 - INFO - Model Results will be saved to: model_store/trained_20241025/model_180544
2024-10-25 18:05:44,829 - INFO - Training 5 epochs, lr: 0.001...
2024-10-25 18:05:44,829 - INFO - EPOCH 1:
2024-10-25 18:05:45,512 - INFO - loss: 3.584024  [   64/ 3680]
2024-10-25 18:05:49,534 - INFO - loss: 2.530115  [  704/ 3680]
2024-10-25 18:05:53,177 - INFO - loss: 1.980319  [ 1344/ 3680]
2024-10-25 18:05:56,844 - INFO - loss: 1.843502  [ 1984/ 3680]
2024-10-25 18:06:00,511 - INFO - loss: 1.359737  [ 2624/ 3680]
2024-10-25 18:06:04,290 - INFO - loss: 1.530208  [ 3264/ 3680]
2024-10-25 18:06:25,081 - INFO - EPOCH 2:
2024-10-25 18:06:25,649 - INFO - loss: 1.432108  [   64/ 3680]
2024-10-25 18:06:29,135 - INFO - loss: 0.911490  [  704/ 3680]
2024-10-25 18:06:32,614 - INFO - loss: 1.179885  [ 1344/ 3680]
2024-10-25 18:06:36,068 - INFO - loss: 1.517672  [ 1984/ 3680]
2024-10-25 18:06:39,469 - INFO - loss: 1.240555  [ 2624/ 3680]
2024-10-25 18:06:42,926 - INFO - loss: 1.309429  [ 3264/ 3680]
2024-10-25 18:07:02,879 - INFO - EPOCH 3:
2024-10-25 18:07:03,387 - INFO - loss: 0.939632  [   64/ 3680]
2024-10-25 18:07:06,771 - INFO - loss: 0.992317  [  704/ 3680]
2024-10-25 18:07:10,120 - INFO - loss: 1.225370  [ 1344/ 3680]
2024-10-25 18:07:13,656 - INFO - loss: 1.062577  [ 1984/ 3680]
2024-10-25 18:07:17,088 - INFO - loss: 0.943101  [ 2624/ 3680]
2024-10-25 18:07:20,620 - INFO - loss: 0.937953  [ 3264/ 3680]
2024-10-25 18:07:40,636 - INFO - EPOCH 4:
2024-10-25 18:07:41,115 - INFO - loss: 0.636009  [   64/ 3680]
2024-10-25 18:07:44,566 - INFO - loss: 0.758297  [  704/ 3680]
2024-10-25 18:07:47,947 - INFO - loss: 0.630849  [ 1344/ 3680]
2024-10-25 18:07:51,452 - INFO - loss: 0.880856  [ 1984/ 3680]
2024-10-25 18:07:54,893 - INFO - loss: 0.988178  [ 2624/ 3680]
2024-10-25 18:07:58,345 - INFO - loss: 0.650084  [ 3264/ 3680]
2024-10-25 18:08:18,239 - INFO - EPOCH 5:
2024-10-25 18:08:18,727 - INFO - loss: 0.772133  [   64/ 3680]
2024-10-25 18:08:22,208 - INFO - loss: 0.596412  [  704/ 3680]
2024-10-25 18:08:25,652 - INFO - loss: 0.459468  [ 1344/ 3680]
2024-10-25 18:08:29,066 - INFO - loss: 0.651055  [ 1984/ 3680]
2024-10-25 18:08:32,443 - INFO - loss: 0.559436  [ 2624/ 3680]
2024-10-25 18:08:35,973 - INFO - loss: 0.984227  [ 3264/ 3680]
2024-10-25 18:08:55,816 - INFO - Final Evaluation...
2024-10-25 18:09:14,169 - INFO - Accuracy  68.19% [correct: 2502, total: 3669]
2024-10-25 18:09:14,169 - INFO - Precision: 0.7098773717880249
2024-10-25 18:09:14,170 - INFO - Recall: 0.6823796629905701
