2024-10-25 16:45:38,868 - INFO - Model Results will be saved to: model_store/trained_20241025/model_164538
2024-10-25 16:45:39,249 - INFO - Training 50 epochs...
2024-10-25 16:45:39,249 - INFO - EPOCH 1:
2024-10-25 16:45:39,961 - INFO - loss: 3.545259  [   64/ 3680]
2024-10-25 16:45:44,409 - INFO - loss: 3.053574  [  704/ 3680]
2024-10-25 16:45:49,026 - INFO - loss: 2.615174  [ 1344/ 3680]
2024-10-25 16:45:53,428 - INFO - loss: 2.122383  [ 1984/ 3680]
2024-10-25 16:45:57,755 - INFO - loss: 2.101729  [ 2624/ 3680]
2024-10-25 16:46:02,265 - INFO - loss: 2.217469  [ 3264/ 3680]
2024-10-25 16:46:23,091 - INFO - EPOCH 2:
2024-10-25 16:46:23,640 - INFO - loss: 2.279660  [   64/ 3680]
2024-10-25 16:46:27,647 - INFO - loss: 1.815010  [  704/ 3680]
2024-10-25 16:46:31,710 - INFO - loss: 1.831733  [ 1344/ 3680]
2024-10-25 16:46:35,870 - INFO - loss: 1.949855  [ 1984/ 3680]
2024-10-25 16:46:39,984 - INFO - loss: 1.830337  [ 2624/ 3680]
2024-10-25 16:46:43,978 - INFO - loss: 1.453525  [ 3264/ 3680]
2024-10-25 16:47:04,003 - INFO - EPOCH 3:
2024-10-25 16:47:04,529 - INFO - loss: 1.902358  [   64/ 3680]
2024-10-25 16:47:08,625 - INFO - loss: 1.652974  [  704/ 3680]
2024-10-25 16:47:12,657 - INFO - loss: 1.704128  [ 1344/ 3680]
2024-10-25 16:47:16,929 - INFO - loss: 1.332205  [ 1984/ 3680]
2024-10-25 16:47:20,943 - INFO - loss: 1.919620  [ 2624/ 3680]
2024-10-25 16:47:25,215 - INFO - loss: 1.565056  [ 3264/ 3680]
2024-10-25 16:47:45,749 - INFO - EPOCH 4:
2024-10-25 16:47:46,253 - INFO - loss: 1.385333  [   64/ 3680]
2024-10-25 16:47:50,512 - INFO - loss: 1.535754  [  704/ 3680]
2024-10-25 16:47:54,526 - INFO - loss: 1.603374  [ 1344/ 3680]
2024-10-25 16:47:58,660 - INFO - loss: 1.632586  [ 1984/ 3680]
2024-10-25 16:48:02,753 - INFO - loss: 1.470353  [ 2624/ 3680]
2024-10-25 16:48:06,858 - INFO - loss: 1.420871  [ 3264/ 3680]
2024-10-25 16:48:26,967 - INFO - EPOCH 5:
2024-10-25 16:48:27,489 - INFO - loss: 1.446088  [   64/ 3680]
2024-10-25 16:48:31,498 - INFO - loss: 1.708151  [  704/ 3680]
2024-10-25 16:48:35,441 - INFO - loss: 1.415853  [ 1344/ 3680]
2024-10-25 16:48:39,636 - INFO - loss: 1.335952  [ 1984/ 3680]
2024-10-25 16:48:43,936 - INFO - loss: 1.559772  [ 2624/ 3680]
2024-10-25 16:48:48,055 - INFO - loss: 1.659520  [ 3264/ 3680]
2024-10-25 16:49:08,184 - INFO - EPOCH 6:
2024-10-25 16:49:08,718 - INFO - loss: 1.207628  [   64/ 3680]
2024-10-25 16:49:12,969 - INFO - loss: 1.412060  [  704/ 3680]
2024-10-25 16:49:17,117 - INFO - loss: 1.321205  [ 1344/ 3680]
2024-10-25 16:49:21,171 - INFO - loss: 1.321962  [ 1984/ 3680]
2024-10-25 16:49:25,379 - INFO - loss: 1.193917  [ 2624/ 3680]
2024-10-25 16:49:29,387 - INFO - loss: 1.514154  [ 3264/ 3680]
2024-10-25 16:49:49,722 - INFO - EPOCH 7:
2024-10-25 16:49:50,323 - INFO - loss: 1.310443  [   64/ 3680]
2024-10-25 16:49:54,280 - INFO - loss: 1.413132  [  704/ 3680]
2024-10-25 16:49:58,237 - INFO - loss: 1.090140  [ 1344/ 3680]
2024-10-25 16:50:02,373 - INFO - loss: 1.326122  [ 1984/ 3680]
2024-10-25 16:50:06,469 - INFO - loss: 1.338493  [ 2624/ 3680]
2024-10-25 16:50:10,661 - INFO - loss: 1.210029  [ 3264/ 3680]
2024-10-25 16:50:31,103 - INFO - EPOCH 8:
2024-10-25 16:50:31,648 - INFO - loss: 1.186147  [   64/ 3680]
2024-10-25 16:50:35,818 - INFO - loss: 1.111462  [  704/ 3680]
2024-10-25 16:50:39,913 - INFO - loss: 1.167656  [ 1344/ 3680]
2024-10-25 16:50:44,060 - INFO - loss: 1.270936  [ 1984/ 3680]
2024-10-25 16:50:48,125 - INFO - loss: 1.349595  [ 2624/ 3680]
2024-10-25 16:50:52,164 - INFO - loss: 1.390375  [ 3264/ 3680]
2024-10-25 16:51:12,627 - INFO - EPOCH 9:
2024-10-25 16:51:13,165 - INFO - loss: 0.915803  [   64/ 3680]
2024-10-25 16:51:17,321 - INFO - loss: 1.184339  [  704/ 3680]
2024-10-25 16:51:21,366 - INFO - loss: 1.592031  [ 1344/ 3680]
2024-10-25 16:51:25,419 - INFO - loss: 1.217368  [ 1984/ 3680]
2024-10-25 16:51:29,653 - INFO - loss: 1.371586  [ 2624/ 3680]
2024-10-25 16:51:33,801 - INFO - loss: 1.186021  [ 3264/ 3680]
2024-10-25 16:51:53,988 - INFO - EPOCH 10:
2024-10-25 16:51:54,561 - INFO - loss: 0.982877  [   64/ 3680]
2024-10-25 16:51:58,680 - INFO - loss: 1.367922  [  704/ 3680]
2024-10-25 16:52:02,738 - INFO - loss: 1.269360  [ 1344/ 3680]
2024-10-25 16:52:07,092 - INFO - loss: 1.263218  [ 1984/ 3680]
2024-10-25 16:52:11,133 - INFO - loss: 1.162139  [ 2624/ 3680]
2024-10-25 16:52:15,130 - INFO - loss: 0.979105  [ 3264/ 3680]
2024-10-25 16:52:35,275 - INFO - EPOCH 11:
2024-10-25 16:52:35,812 - INFO - loss: 1.068603  [   64/ 3680]
2024-10-25 16:52:40,094 - INFO - loss: 1.191258  [  704/ 3680]
2024-10-25 16:52:44,140 - INFO - loss: 0.881361  [ 1344/ 3680]
2024-10-25 16:52:48,284 - INFO - loss: 1.017258  [ 1984/ 3680]
2024-10-25 16:52:52,482 - INFO - loss: 0.969367  [ 2624/ 3680]
2024-10-25 16:52:56,618 - INFO - loss: 1.278158  [ 3264/ 3680]
2024-10-25 16:53:16,838 - INFO - EPOCH 12:
2024-10-25 16:53:17,390 - INFO - loss: 0.697343  [   64/ 3680]
2024-10-25 16:53:21,535 - INFO - loss: 0.884845  [  704/ 3680]
2024-10-25 16:53:25,642 - INFO - loss: 1.032871  [ 1344/ 3680]
2024-10-25 16:53:29,696 - INFO - loss: 1.125267  [ 1984/ 3680]
2024-10-25 16:53:33,921 - INFO - loss: 1.081210  [ 2624/ 3680]
2024-10-25 16:53:37,925 - INFO - loss: 1.066476  [ 3264/ 3680]
2024-10-25 16:53:58,180 - INFO - EPOCH 13:
2024-10-25 16:53:58,727 - INFO - loss: 0.644588  [   64/ 3680]
2024-10-25 16:54:02,949 - INFO - loss: 0.818853  [  704/ 3680]
2024-10-25 16:54:07,090 - INFO - loss: 0.836486  [ 1344/ 3680]
2024-10-25 16:54:11,190 - INFO - loss: 0.778803  [ 1984/ 3680]
2024-10-25 16:54:15,227 - INFO - loss: 1.250000  [ 2624/ 3680]
2024-10-25 16:54:19,174 - INFO - loss: 1.260801  [ 3264/ 3680]
2024-10-25 16:54:39,414 - INFO - EPOCH 14:
2024-10-25 16:54:39,917 - INFO - loss: 1.198668  [   64/ 3680]
2024-10-25 16:54:43,951 - INFO - loss: 1.271506  [  704/ 3680]
2024-10-25 16:54:48,006 - INFO - loss: 0.925641  [ 1344/ 3680]
2024-10-25 16:54:52,191 - INFO - loss: 1.025121  [ 1984/ 3680]
2024-10-25 16:54:56,313 - INFO - loss: 0.918466  [ 2624/ 3680]
2024-10-25 16:55:00,499 - INFO - loss: 0.926968  [ 3264/ 3680]
2024-10-25 16:55:20,800 - INFO - EPOCH 15:
2024-10-25 16:55:21,291 - INFO - loss: 1.011393  [   64/ 3680]
2024-10-25 16:55:25,267 - INFO - loss: 0.680654  [  704/ 3680]
2024-10-25 16:55:29,302 - INFO - loss: 0.845487  [ 1344/ 3680]
2024-10-25 16:55:33,529 - INFO - loss: 0.974222  [ 1984/ 3680]
2024-10-25 16:55:37,542 - INFO - loss: 0.916607  [ 2624/ 3680]
2024-10-25 16:55:41,681 - INFO - loss: 0.949852  [ 3264/ 3680]
2024-10-25 16:56:01,938 - INFO - EPOCH 16:
2024-10-25 16:56:02,467 - INFO - loss: 0.919421  [   64/ 3680]
2024-10-25 16:56:06,586 - INFO - loss: 1.068157  [  704/ 3680]
2024-10-25 16:56:10,771 - INFO - loss: 1.184834  [ 1344/ 3680]
2024-10-25 16:56:14,810 - INFO - loss: 0.829860  [ 1984/ 3680]
2024-10-25 16:56:18,889 - INFO - loss: 0.988700  [ 2624/ 3680]
2024-10-25 16:56:22,934 - INFO - loss: 0.904317  [ 3264/ 3680]
2024-10-25 16:56:43,214 - INFO - EPOCH 17:
2024-10-25 16:56:43,710 - INFO - loss: 0.939198  [   64/ 3680]
2024-10-25 16:56:47,766 - INFO - loss: 1.008804  [  704/ 3680]
2024-10-25 16:56:51,835 - INFO - loss: 0.976144  [ 1344/ 3680]
2024-10-25 16:56:55,996 - INFO - loss: 0.904350  [ 1984/ 3680]
2024-10-25 16:57:00,104 - INFO - loss: 1.513233  [ 2624/ 3680]
2024-10-25 16:57:04,065 - INFO - loss: 1.145419  [ 3264/ 3680]
2024-10-25 16:57:24,189 - INFO - EPOCH 18:
2024-10-25 16:57:24,686 - INFO - loss: 0.795975  [   64/ 3680]
2024-10-25 16:57:28,823 - INFO - loss: 1.173608  [  704/ 3680]
2024-10-25 16:57:32,881 - INFO - loss: 0.587292  [ 1344/ 3680]
2024-10-25 16:57:36,913 - INFO - loss: 0.847443  [ 1984/ 3680]
2024-10-25 16:57:40,854 - INFO - loss: 0.678061  [ 2624/ 3680]
2024-10-25 16:57:44,806 - INFO - loss: 0.737127  [ 3264/ 3680]
2024-10-25 16:58:05,886 - INFO - EPOCH 19:
2024-10-25 16:58:06,432 - INFO - loss: 1.152472  [   64/ 3680]
2024-10-25 16:58:10,918 - INFO - loss: 0.988313  [  704/ 3680]
2024-10-25 16:58:15,046 - INFO - loss: 0.813392  [ 1344/ 3680]
2024-10-25 16:58:19,462 - INFO - loss: 0.880167  [ 1984/ 3680]
2024-10-25 16:58:23,805 - INFO - loss: 1.304333  [ 2624/ 3680]
2024-10-25 16:58:28,138 - INFO - loss: 0.754596  [ 3264/ 3680]
2024-10-25 16:58:48,855 - INFO - EPOCH 20:
2024-10-25 16:58:49,388 - INFO - loss: 0.877531  [   64/ 3680]
2024-10-25 16:58:53,404 - INFO - loss: 0.776229  [  704/ 3680]
2024-10-25 16:58:57,499 - INFO - loss: 0.901843  [ 1344/ 3680]
2024-10-25 16:59:01,564 - INFO - loss: 0.967919  [ 1984/ 3680]
2024-10-25 16:59:05,535 - INFO - loss: 0.940470  [ 2624/ 3680]
2024-10-25 16:59:09,601 - INFO - loss: 0.799783  [ 3264/ 3680]
2024-10-25 16:59:29,569 - INFO - EPOCH 21:
2024-10-25 16:59:30,091 - INFO - loss: 0.554351  [   64/ 3680]
2024-10-25 16:59:34,414 - INFO - loss: 0.617845  [  704/ 3680]
2024-10-25 16:59:38,492 - INFO - loss: 0.923247  [ 1344/ 3680]
2024-10-25 16:59:42,480 - INFO - loss: 0.677903  [ 1984/ 3680]
2024-10-25 16:59:46,431 - INFO - loss: 0.868648  [ 2624/ 3680]
2024-10-25 16:59:50,479 - INFO - loss: 0.855767  [ 3264/ 3680]
2024-10-25 17:00:10,619 - INFO - EPOCH 22:
2024-10-25 17:00:11,173 - INFO - loss: 0.747958  [   64/ 3680]
2024-10-25 17:00:15,192 - INFO - loss: 0.846657  [  704/ 3680]
2024-10-25 17:00:19,352 - INFO - loss: 0.720221  [ 1344/ 3680]
2024-10-25 17:00:23,625 - INFO - loss: 0.802758  [ 1984/ 3680]
2024-10-25 17:00:27,584 - INFO - loss: 0.563765  [ 2624/ 3680]
2024-10-25 17:00:31,603 - INFO - loss: 0.796108  [ 3264/ 3680]
2024-10-25 17:00:51,528 - INFO - EPOCH 23:
2024-10-25 17:00:52,015 - INFO - loss: 0.769208  [   64/ 3680]
2024-10-25 17:00:56,104 - INFO - loss: 0.856785  [  704/ 3680]
2024-10-25 17:01:00,098 - INFO - loss: 0.667122  [ 1344/ 3680]
2024-10-25 17:01:04,224 - INFO - loss: 0.864118  [ 1984/ 3680]
2024-10-25 17:01:08,207 - INFO - loss: 0.993340  [ 2624/ 3680]
2024-10-25 17:01:12,385 - INFO - loss: 1.475593  [ 3264/ 3680]
2024-10-25 17:01:32,512 - INFO - EPOCH 24:
2024-10-25 17:01:33,025 - INFO - loss: 0.581902  [   64/ 3680]
2024-10-25 17:01:37,100 - INFO - loss: 0.724568  [  704/ 3680]
2024-10-25 17:01:41,193 - INFO - loss: 0.554501  [ 1344/ 3680]
2024-10-25 17:01:45,190 - INFO - loss: 0.527407  [ 1984/ 3680]
2024-10-25 17:01:49,492 - INFO - loss: 0.775110  [ 2624/ 3680]
2024-10-25 17:01:53,651 - INFO - loss: 0.755619  [ 3264/ 3680]
2024-10-25 17:02:13,635 - INFO - EPOCH 25:
2024-10-25 17:02:14,168 - INFO - loss: 0.770523  [   64/ 3680]
2024-10-25 17:02:18,241 - INFO - loss: 0.886196  [  704/ 3680]
2024-10-25 17:02:22,375 - INFO - loss: 1.197736  [ 1344/ 3680]
2024-10-25 17:02:26,530 - INFO - loss: 0.735324  [ 1984/ 3680]
2024-10-25 17:02:30,549 - INFO - loss: 0.796379  [ 2624/ 3680]
2024-10-25 17:02:34,803 - INFO - loss: 1.248909  [ 3264/ 3680]
2024-10-25 17:02:54,903 - INFO - EPOCH 26:
2024-10-25 17:02:55,452 - INFO - loss: 0.687019  [   64/ 3680]
2024-10-25 17:02:59,507 - INFO - loss: 0.688894  [  704/ 3680]
2024-10-25 17:03:03,615 - INFO - loss: 0.613160  [ 1344/ 3680]
2024-10-25 17:03:07,521 - INFO - loss: 0.835016  [ 1984/ 3680]
2024-10-25 17:03:11,532 - INFO - loss: 0.721760  [ 2624/ 3680]
2024-10-25 17:03:15,617 - INFO - loss: 0.911133  [ 3264/ 3680]
2024-10-25 17:03:35,763 - INFO - EPOCH 27:
2024-10-25 17:03:36,300 - INFO - loss: 0.832539  [   64/ 3680]
2024-10-25 17:03:40,362 - INFO - loss: 0.497093  [  704/ 3680]
2024-10-25 17:03:44,457 - INFO - loss: 0.702964  [ 1344/ 3680]
2024-10-25 17:03:48,507 - INFO - loss: 0.687558  [ 1984/ 3680]
2024-10-25 17:03:52,575 - INFO - loss: 0.670926  [ 2624/ 3680]
2024-10-25 17:03:56,625 - INFO - loss: 0.668967  [ 3264/ 3680]
2024-10-25 17:04:16,713 - INFO - EPOCH 28:
2024-10-25 17:04:17,251 - INFO - loss: 0.781643  [   64/ 3680]
2024-10-25 17:04:21,294 - INFO - loss: 0.862775  [  704/ 3680]
2024-10-25 17:04:25,163 - INFO - loss: 0.575411  [ 1344/ 3680]
2024-10-25 17:04:29,192 - INFO - loss: 0.783091  [ 1984/ 3680]
2024-10-25 17:04:33,147 - INFO - loss: 0.821088  [ 2624/ 3680]
2024-10-25 17:04:37,200 - INFO - loss: 0.864419  [ 3264/ 3680]
2024-10-25 17:04:57,171 - INFO - EPOCH 29:
2024-10-25 17:04:57,698 - INFO - loss: 0.650240  [   64/ 3680]
2024-10-25 17:05:01,709 - INFO - loss: 0.627472  [  704/ 3680]
2024-10-25 17:05:05,719 - INFO - loss: 0.568558  [ 1344/ 3680]
2024-10-25 17:05:10,008 - INFO - loss: 0.647776  [ 1984/ 3680]
2024-10-25 17:05:14,122 - INFO - loss: 0.669217  [ 2624/ 3680]
2024-10-25 17:05:18,149 - INFO - loss: 0.639046  [ 3264/ 3680]
2024-10-25 17:05:38,190 - INFO - EPOCH 30:
2024-10-25 17:05:38,694 - INFO - loss: 1.075347  [   64/ 3680]
2024-10-25 17:05:42,701 - INFO - loss: 0.707030  [  704/ 3680]
2024-10-25 17:05:46,850 - INFO - loss: 0.745610  [ 1344/ 3680]
2024-10-25 17:05:50,915 - INFO - loss: 0.903359  [ 1984/ 3680]
2024-10-25 17:05:54,829 - INFO - loss: 0.833738  [ 2624/ 3680]
2024-10-25 17:05:58,874 - INFO - loss: 0.524861  [ 3264/ 3680]
2024-10-25 17:06:19,004 - INFO - EPOCH 31:
2024-10-25 17:06:19,520 - INFO - loss: 0.535610  [   64/ 3680]
2024-10-25 17:06:23,743 - INFO - loss: 0.631905  [  704/ 3680]
2024-10-25 17:06:27,748 - INFO - loss: 0.887204  [ 1344/ 3680]
2024-10-25 17:06:31,830 - INFO - loss: 0.499545  [ 1984/ 3680]
2024-10-25 17:06:35,993 - INFO - loss: 0.784077  [ 2624/ 3680]
2024-10-25 17:06:39,990 - INFO - loss: 0.703980  [ 3264/ 3680]
2024-10-25 17:07:00,127 - INFO - EPOCH 32:
2024-10-25 17:07:00,659 - INFO - loss: 0.745123  [   64/ 3680]
2024-10-25 17:07:04,770 - INFO - loss: 0.477472  [  704/ 3680]
2024-10-25 17:07:08,784 - INFO - loss: 0.433747  [ 1344/ 3680]
2024-10-25 17:07:12,836 - INFO - loss: 0.803166  [ 1984/ 3680]
2024-10-25 17:07:16,631 - INFO - loss: 0.362118  [ 2624/ 3680]
2024-10-25 17:07:20,732 - INFO - loss: 0.835138  [ 3264/ 3680]
2024-10-25 17:07:40,707 - INFO - EPOCH 33:
2024-10-25 17:07:41,248 - INFO - loss: 0.687688  [   64/ 3680]
2024-10-25 17:07:45,309 - INFO - loss: 0.669346  [  704/ 3680]
2024-10-25 17:07:49,429 - INFO - loss: 0.527571  [ 1344/ 3680]
2024-10-25 17:07:53,489 - INFO - loss: 0.787084  [ 1984/ 3680]
2024-10-25 17:07:57,500 - INFO - loss: 0.814880  [ 2624/ 3680]
2024-10-25 17:08:01,602 - INFO - loss: 0.753372  [ 3264/ 3680]
2024-10-25 17:08:21,905 - INFO - EPOCH 34:
2024-10-25 17:08:22,424 - INFO - loss: 0.705222  [   64/ 3680]
2024-10-25 17:08:26,320 - INFO - loss: 0.573211  [  704/ 3680]
2024-10-25 17:08:30,361 - INFO - loss: 0.476015  [ 1344/ 3680]
2024-10-25 17:08:34,384 - INFO - loss: 0.581924  [ 1984/ 3680]
2024-10-25 17:08:38,350 - INFO - loss: 0.611545  [ 2624/ 3680]
2024-10-25 17:08:42,229 - INFO - loss: 0.752595  [ 3264/ 3680]
2024-10-25 17:09:02,132 - INFO - EPOCH 35:
2024-10-25 17:09:02,619 - INFO - loss: 0.518622  [   64/ 3680]
2024-10-25 17:09:06,683 - INFO - loss: 0.799104  [  704/ 3680]
2024-10-25 17:09:10,856 - INFO - loss: 0.915712  [ 1344/ 3680]
2024-10-25 17:09:15,035 - INFO - loss: 0.755026  [ 1984/ 3680]
2024-10-25 17:09:19,133 - INFO - loss: 0.874456  [ 2624/ 3680]
2024-10-25 17:09:23,033 - INFO - loss: 0.567932  [ 3264/ 3680]
2024-10-25 17:09:43,164 - INFO - EPOCH 36:
2024-10-25 17:09:43,707 - INFO - loss: 0.621868  [   64/ 3680]
2024-10-25 17:09:47,997 - INFO - loss: 0.712243  [  704/ 3680]
2024-10-25 17:09:51,899 - INFO - loss: 0.607582  [ 1344/ 3680]
2024-10-25 17:09:55,931 - INFO - loss: 0.751778  [ 1984/ 3680]
2024-10-25 17:09:59,942 - INFO - loss: 0.960044  [ 2624/ 3680]
2024-10-25 17:10:04,045 - INFO - loss: 0.471144  [ 3264/ 3680]
2024-10-25 17:10:24,208 - INFO - EPOCH 37:
2024-10-25 17:10:24,774 - INFO - loss: 0.552442  [   64/ 3680]
2024-10-25 17:10:28,631 - INFO - loss: 0.569823  [  704/ 3680]
2024-10-25 17:10:32,536 - INFO - loss: 1.011450  [ 1344/ 3680]
2024-10-25 17:10:36,486 - INFO - loss: 0.579978  [ 1984/ 3680]
2024-10-25 17:10:40,340 - INFO - loss: 0.608805  [ 2624/ 3680]
2024-10-25 17:10:44,208 - INFO - loss: 0.831570  [ 3264/ 3680]
2024-10-25 17:11:04,334 - INFO - EPOCH 38:
2024-10-25 17:11:04,837 - INFO - loss: 0.668517  [   64/ 3680]
2024-10-25 17:11:09,070 - INFO - loss: 0.636668  [  704/ 3680]
2024-10-25 17:11:13,116 - INFO - loss: 0.682724  [ 1344/ 3680]
2024-10-25 17:11:17,245 - INFO - loss: 0.579899  [ 1984/ 3680]
2024-10-25 17:11:21,194 - INFO - loss: 0.634911  [ 2624/ 3680]
2024-10-25 17:11:25,179 - INFO - loss: 0.609746  [ 3264/ 3680]
2024-10-25 17:11:45,174 - INFO - EPOCH 39:
2024-10-25 17:11:45,719 - INFO - loss: 0.697464  [   64/ 3680]
2024-10-25 17:11:49,859 - INFO - loss: 0.497143  [  704/ 3680]
2024-10-25 17:11:53,851 - INFO - loss: 0.598401  [ 1344/ 3680]
2024-10-25 17:11:57,820 - INFO - loss: 0.580574  [ 1984/ 3680]
2024-10-25 17:12:01,977 - INFO - loss: 0.830873  [ 2624/ 3680]
2024-10-25 17:12:06,167 - INFO - loss: 0.556444  [ 3264/ 3680]
2024-10-25 17:12:26,030 - INFO - EPOCH 40:
2024-10-25 17:12:26,546 - INFO - loss: 0.449990  [   64/ 3680]
2024-10-25 17:12:30,484 - INFO - loss: 1.034804  [  704/ 3680]
2024-10-25 17:12:34,504 - INFO - loss: 0.616340  [ 1344/ 3680]
2024-10-25 17:12:38,443 - INFO - loss: 0.752905  [ 1984/ 3680]
2024-10-25 17:12:42,265 - INFO - loss: 0.836769  [ 2624/ 3680]
2024-10-25 17:12:46,141 - INFO - loss: 0.851417  [ 3264/ 3680]
2024-10-25 17:13:06,362 - INFO - EPOCH 41:
2024-10-25 17:13:06,918 - INFO - loss: 0.437501  [   64/ 3680]
2024-10-25 17:13:11,298 - INFO - loss: 0.934678  [  704/ 3680]
2024-10-25 17:13:15,410 - INFO - loss: 0.815156  [ 1344/ 3680]
2024-10-25 17:13:19,293 - INFO - loss: 0.591789  [ 1984/ 3680]
2024-10-25 17:13:23,375 - INFO - loss: 0.731026  [ 2624/ 3680]
2024-10-25 17:13:27,466 - INFO - loss: 0.616122  [ 3264/ 3680]
2024-10-25 17:13:47,416 - INFO - EPOCH 42:
2024-10-25 17:13:47,800 - INFO - loss: 0.733471  [   64/ 3680]
2024-10-25 17:13:51,763 - INFO - loss: 0.790551  [  704/ 3680]
2024-10-25 17:13:55,715 - INFO - loss: 0.546645  [ 1344/ 3680]
2024-10-25 17:13:59,560 - INFO - loss: 0.493281  [ 1984/ 3680]
2024-10-25 17:14:03,488 - INFO - loss: 0.717603  [ 2624/ 3680]
2024-10-25 17:14:07,669 - INFO - loss: 0.535941  [ 3264/ 3680]
2024-10-25 17:14:27,296 - INFO - EPOCH 43:
2024-10-25 17:14:27,859 - INFO - loss: 0.639016  [   64/ 3680]
2024-10-25 17:14:31,755 - INFO - loss: 0.700183  [  704/ 3680]
2024-10-25 17:14:35,761 - INFO - loss: 0.820526  [ 1344/ 3680]
2024-10-25 17:14:39,944 - INFO - loss: 0.576569  [ 1984/ 3680]
2024-10-25 17:14:44,080 - INFO - loss: 0.507324  [ 2624/ 3680]
2024-10-25 17:14:48,552 - INFO - loss: 0.775858  [ 3264/ 3680]
2024-10-25 17:15:09,201 - INFO - EPOCH 44:
2024-10-25 17:15:09,703 - INFO - loss: 0.472738  [   64/ 3680]
2024-10-25 17:15:14,205 - INFO - loss: 0.679560  [  704/ 3680]
2024-10-25 17:15:18,761 - INFO - loss: 0.484561  [ 1344/ 3680]
2024-10-25 17:15:23,093 - INFO - loss: 0.649231  [ 1984/ 3680]
2024-10-25 17:15:27,591 - INFO - loss: 0.738792  [ 2624/ 3680]
2024-10-25 17:15:31,938 - INFO - loss: 0.543649  [ 3264/ 3680]
2024-10-25 17:15:52,409 - INFO - EPOCH 45:
2024-10-25 17:15:52,870 - INFO - loss: 0.458275  [   64/ 3680]
2024-10-25 17:15:56,758 - INFO - loss: 0.616986  [  704/ 3680]
2024-10-25 17:16:00,597 - INFO - loss: 0.680297  [ 1344/ 3680]
2024-10-25 17:16:04,520 - INFO - loss: 0.688563  [ 1984/ 3680]
2024-10-25 17:16:08,507 - INFO - loss: 0.620227  [ 2624/ 3680]
2024-10-25 17:16:12,554 - INFO - loss: 0.617063  [ 3264/ 3680]
2024-10-25 17:16:32,833 - INFO - EPOCH 46:
2024-10-25 17:16:33,419 - INFO - loss: 0.513780  [   64/ 3680]
2024-10-25 17:16:37,615 - INFO - loss: 0.792291  [  704/ 3680]
2024-10-25 17:16:41,615 - INFO - loss: 0.827986  [ 1344/ 3680]
2024-10-25 17:16:45,598 - INFO - loss: 0.515175  [ 1984/ 3680]
2024-10-25 17:16:49,606 - INFO - loss: 0.569430  [ 2624/ 3680]
2024-10-25 17:16:53,594 - INFO - loss: 0.600129  [ 3264/ 3680]
2024-10-25 17:17:13,669 - INFO - EPOCH 47:
2024-10-25 17:17:14,250 - INFO - loss: 0.603054  [   64/ 3680]
2024-10-25 17:17:18,168 - INFO - loss: 0.580902  [  704/ 3680]
2024-10-25 17:17:22,236 - INFO - loss: 0.615923  [ 1344/ 3680]
2024-10-25 17:17:26,141 - INFO - loss: 0.414963  [ 1984/ 3680]
2024-10-25 17:17:30,165 - INFO - loss: 0.397662  [ 2624/ 3680]
2024-10-25 17:17:34,149 - INFO - loss: 0.900244  [ 3264/ 3680]
2024-10-25 17:17:54,410 - INFO - EPOCH 48:
2024-10-25 17:17:55,003 - INFO - loss: 0.358338  [   64/ 3680]
2024-10-25 17:17:59,118 - INFO - loss: 0.554051  [  704/ 3680]
2024-10-25 17:18:03,339 - INFO - loss: 0.543968  [ 1344/ 3680]
2024-10-25 17:18:07,328 - INFO - loss: 0.651337  [ 1984/ 3680]
2024-10-25 17:18:11,398 - INFO - loss: 0.657754  [ 2624/ 3680]
2024-10-25 17:18:15,375 - INFO - loss: 0.946833  [ 3264/ 3680]
2024-10-25 17:18:35,416 - INFO - EPOCH 49:
2024-10-25 17:18:35,992 - INFO - loss: 0.614026  [   64/ 3680]
2024-10-25 17:18:39,818 - INFO - loss: 0.606434  [  704/ 3680]
2024-10-25 17:18:43,709 - INFO - loss: 0.575335  [ 1344/ 3680]
2024-10-25 17:18:47,851 - INFO - loss: 0.538816  [ 1984/ 3680]
2024-10-25 17:18:52,127 - INFO - loss: 0.838254  [ 2624/ 3680]
2024-10-25 17:18:56,302 - INFO - loss: 0.683685  [ 3264/ 3680]
2024-10-25 17:19:16,613 - INFO - EPOCH 50:
2024-10-25 17:19:17,194 - INFO - loss: 0.393696  [   64/ 3680]
2024-10-25 17:19:21,253 - INFO - loss: 0.386191  [  704/ 3680]
2024-10-25 17:19:25,452 - INFO - loss: 0.803227  [ 1344/ 3680]
2024-10-25 17:19:29,712 - INFO - loss: 0.672206  [ 1984/ 3680]
2024-10-25 17:19:33,811 - INFO - loss: 0.622592  [ 2624/ 3680]
2024-10-25 17:19:37,899 - INFO - loss: 0.484091  [ 3264/ 3680]
2024-10-25 17:19:58,278 - INFO - Final Evaluation...
2024-10-25 17:20:16,746 - INFO - Accuracy  66.15% [correct: 2427, total: 3669]
2024-10-25 17:20:16,747 - INFO - Precision: 0.6867090463638306
2024-10-25 17:20:16,747 - INFO - Recall: 0.6607146859169006
