2024-10-27 20:31:21,479 - INFO - Model Results will be saved to: model_store/trained_20241027/model_203121
2024-10-27 20:31:22,010 - INFO - Training 10 epochs, lr: 0.001...
2024-10-27 20:31:22,010 - INFO - EPOCH 1:
2024-10-27 20:31:23,346 - INFO - loss: 3.617126  [  128/ 2576]
2024-10-27 20:31:30,884 - INFO - loss: 1.505081  [ 1408/ 2576]
2024-10-27 20:31:37,817 - INFO - loss: 1.415107  [  336/ 2576]
2024-10-27 20:31:42,887 - INFO - EPOCH 2:
2024-10-27 20:31:43,658 - INFO - loss: 1.339429  [  128/ 2576]
2024-10-27 20:31:50,674 - INFO - loss: 1.309383  [ 1408/ 2576]
2024-10-27 20:31:56,940 - INFO - loss: 2.510691  [  336/ 2576]
2024-10-27 20:32:01,727 - INFO - EPOCH 3:
2024-10-27 20:32:02,530 - INFO - loss: 1.137322  [  128/ 2576]
2024-10-27 20:32:09,476 - INFO - loss: 1.147580  [ 1408/ 2576]
2024-10-27 20:32:15,689 - INFO - loss: 1.662209  [  336/ 2576]
2024-10-27 20:32:20,398 - INFO - EPOCH 4:
2024-10-27 20:32:21,168 - INFO - loss: 0.862197  [  128/ 2576]
2024-10-27 20:32:28,098 - INFO - loss: 0.987890  [ 1408/ 2576]
2024-10-27 20:32:34,252 - INFO - loss: 1.034593  [  336/ 2576]
2024-10-27 20:32:39,002 - INFO - EPOCH 5:
2024-10-27 20:32:39,754 - INFO - loss: 0.691107  [  128/ 2576]
2024-10-27 20:32:46,565 - INFO - loss: 0.771637  [ 1408/ 2576]
2024-10-27 20:32:52,963 - INFO - loss: 1.135446  [  336/ 2576]
2024-10-27 20:32:57,811 - INFO - EPOCH 6:
2024-10-27 20:32:58,589 - INFO - loss: 0.814688  [  128/ 2576]
2024-10-27 20:33:05,555 - INFO - loss: 0.794817  [ 1408/ 2576]
2024-10-27 20:33:11,832 - INFO - loss: 0.699641  [  336/ 2576]
2024-10-27 20:33:16,515 - INFO - EPOCH 7:
2024-10-27 20:33:17,275 - INFO - loss: 0.684927  [  128/ 2576]
2024-10-27 20:33:24,234 - INFO - loss: 0.856987  [ 1408/ 2576]
2024-10-27 20:33:30,650 - INFO - loss: 0.818409  [  336/ 2576]
2024-10-27 20:33:35,528 - INFO - EPOCH 8:
2024-10-27 20:33:36,331 - INFO - loss: 0.596834  [  128/ 2576]
2024-10-27 20:33:43,905 - INFO - loss: 0.728172  [ 1408/ 2576]
2024-10-27 20:33:50,173 - INFO - loss: 0.656221  [  336/ 2576]
2024-10-27 20:33:55,008 - INFO - EPOCH 9:
2024-10-27 20:33:55,778 - INFO - loss: 0.686164  [  128/ 2576]
2024-10-27 20:34:02,586 - INFO - loss: 0.693706  [ 1408/ 2576]
2024-10-27 20:34:08,909 - INFO - loss: 0.775238  [  336/ 2576]
2024-10-27 20:34:13,814 - INFO - EPOCH 10:
2024-10-27 20:34:14,653 - INFO - loss: 0.691716  [  128/ 2576]
2024-10-27 20:34:21,527 - INFO - loss: 0.817267  [ 1408/ 2576]
2024-10-27 20:34:27,921 - INFO - loss: 1.000114  [  336/ 2576]
2024-10-27 20:34:32,594 - INFO - Final Evaluation...
2024-10-27 20:35:04,389 - INFO - Accuracy  58.54% [correct: 2148, total: 3669]
2024-10-27 20:35:04,389 - INFO - Precision: 0.6361132860183716
2024-10-27 20:35:04,390 - INFO - Recall: 0.5848318934440613
