2024-11-03 14:09:50,404 - INFO - Model Results will be saved to: model_store/trained_20241103/model_140950
2024-11-03 14:09:50,404 - INFO - Number of classes: 25
2024-11-03 14:09:50,855 - INFO - Training 50 epochs, lr: 1e-05...
2024-11-03 14:09:50,856 - INFO - EPOCH 1:
2024-11-03 14:09:58,915 - INFO - train_loss: 3.2144 val_loss: 3.1847 train_accuracy: 0.0487 val_accuracy: 0.0640
2024-11-03 14:09:58,916 - INFO - EPOCH 2:
2024-11-03 14:10:06,183 - INFO - train_loss: 3.1727 val_loss: 3.1355 train_accuracy: 0.0871 val_accuracy: 0.1400
2024-11-03 14:10:06,184 - INFO - EPOCH 3:
2024-11-03 14:10:13,550 - INFO - train_loss: 3.1045 val_loss: 3.0505 train_accuracy: 0.1388 val_accuracy: 0.2680
2024-11-03 14:10:13,551 - INFO - EPOCH 4:
2024-11-03 14:10:20,664 - INFO - train_loss: 2.9851 val_loss: 2.8927 train_accuracy: 0.2210 val_accuracy: 0.4640
2024-11-03 14:10:20,665 - INFO - EPOCH 5:
2024-11-03 14:10:27,804 - INFO - train_loss: 2.8070 val_loss: 2.6377 train_accuracy: 0.3277 val_accuracy: 0.5880
2024-11-03 14:10:27,805 - INFO - EPOCH 6:
2024-11-03 14:10:34,866 - INFO - train_loss: 2.5715 val_loss: 2.3221 train_accuracy: 0.3929 val_accuracy: 0.6520
2024-11-03 14:10:34,867 - INFO - EPOCH 7:
2024-11-03 14:10:42,490 - INFO - train_loss: 2.2912 val_loss: 1.9891 train_accuracy: 0.5018 val_accuracy: 0.6920
2024-11-03 14:10:42,491 - INFO - EPOCH 8:
2024-11-03 14:10:49,444 - INFO - train_loss: 2.0592 val_loss: 1.6998 train_accuracy: 0.5344 val_accuracy: 0.7080
2024-11-03 14:10:49,444 - INFO - EPOCH 9:
2024-11-03 14:10:56,524 - INFO - train_loss: 1.8213 val_loss: 1.4490 train_accuracy: 0.5987 val_accuracy: 0.7480
2024-11-03 14:10:56,525 - INFO - EPOCH 10:
2024-11-03 14:11:03,736 - INFO - train_loss: 1.6112 val_loss: 1.2451 train_accuracy: 0.6415 val_accuracy: 0.7760
2024-11-03 14:11:03,738 - INFO - EPOCH 11:
2024-11-03 14:11:10,811 - INFO - train_loss: 1.4495 val_loss: 1.0988 train_accuracy: 0.6821 val_accuracy: 0.8120
2024-11-03 14:11:10,812 - INFO - EPOCH 12:
2024-11-03 14:11:17,713 - INFO - train_loss: 1.2698 val_loss: 0.9700 train_accuracy: 0.7254 val_accuracy: 0.8200
2024-11-03 14:11:17,714 - INFO - EPOCH 13:
2024-11-03 14:11:24,764 - INFO - train_loss: 1.1620 val_loss: 0.8691 train_accuracy: 0.7366 val_accuracy: 0.8280
2024-11-03 14:11:24,764 - INFO - EPOCH 14:
2024-11-03 14:11:31,917 - INFO - train_loss: 1.0722 val_loss: 0.7540 train_accuracy: 0.7763 val_accuracy: 0.8440
2024-11-03 14:11:31,918 - INFO - EPOCH 15:
2024-11-03 14:11:39,226 - INFO - train_loss: 0.9387 val_loss: 0.6692 train_accuracy: 0.8009 val_accuracy: 0.8520
2024-11-03 14:11:39,227 - INFO - EPOCH 16:
2024-11-03 14:11:46,350 - INFO - train_loss: 0.8388 val_loss: 0.6219 train_accuracy: 0.8366 val_accuracy: 0.8760
2024-11-03 14:11:46,352 - INFO - EPOCH 17:
2024-11-03 14:11:53,387 - INFO - train_loss: 0.7426 val_loss: 0.5777 train_accuracy: 0.8549 val_accuracy: 0.8720
2024-11-03 14:11:53,388 - INFO - EPOCH 18:
2024-11-03 14:12:00,475 - INFO - train_loss: 0.6864 val_loss: 0.5411 train_accuracy: 0.8701 val_accuracy: 0.8760
2024-11-03 14:12:00,476 - INFO - EPOCH 19:
2024-11-03 14:12:07,672 - INFO - train_loss: 0.6042 val_loss: 0.5049 train_accuracy: 0.8830 val_accuracy: 0.8960
2024-11-03 14:12:07,673 - INFO - EPOCH 20:
2024-11-03 14:12:15,109 - INFO - train_loss: 0.5408 val_loss: 0.4662 train_accuracy: 0.9045 val_accuracy: 0.9000
2024-11-03 14:12:15,110 - INFO - EPOCH 21:
2024-11-03 14:12:22,284 - INFO - train_loss: 0.4918 val_loss: 0.4718 train_accuracy: 0.9152 val_accuracy: 0.8760
2024-11-03 14:12:22,285 - INFO - EPOCH 22:
2024-11-03 14:12:29,539 - INFO - train_loss: 0.4367 val_loss: 0.4136 train_accuracy: 0.9277 val_accuracy: 0.8960
2024-11-03 14:12:29,540 - INFO - EPOCH 23:
2024-11-03 14:12:36,595 - INFO - train_loss: 0.4013 val_loss: 0.4101 train_accuracy: 0.9268 val_accuracy: 0.8960
2024-11-03 14:12:36,596 - INFO - EPOCH 24:
2024-11-03 14:12:43,616 - INFO - train_loss: 0.3649 val_loss: 0.4256 train_accuracy: 0.9366 val_accuracy: 0.9000
2024-11-03 14:12:43,617 - INFO - EPOCH 25:
2024-11-03 14:12:50,743 - INFO - train_loss: 0.3279 val_loss: 0.4272 train_accuracy: 0.9513 val_accuracy: 0.8960
2024-11-03 14:12:50,744 - INFO - EPOCH 26:
2024-11-03 14:12:57,894 - INFO - train_loss: 0.2989 val_loss: 0.3867 train_accuracy: 0.9558 val_accuracy: 0.8920
2024-11-03 14:12:57,895 - INFO - EPOCH 27:
2024-11-03 14:13:04,874 - INFO - train_loss: 0.2824 val_loss: 0.4088 train_accuracy: 0.9540 val_accuracy: 0.9040
2024-11-03 14:13:04,875 - INFO - EPOCH 28:
2024-11-03 14:13:12,243 - INFO - train_loss: 0.2587 val_loss: 0.3940 train_accuracy: 0.9585 val_accuracy: 0.9040
2024-11-03 14:13:12,244 - INFO - EPOCH 29:
2024-11-03 14:13:19,898 - INFO - train_loss: 0.2533 val_loss: 0.3965 train_accuracy: 0.9598 val_accuracy: 0.9080
2024-11-03 14:13:19,899 - INFO - EPOCH 30:
2024-11-03 14:13:26,975 - INFO - train_loss: 0.2147 val_loss: 0.3940 train_accuracy: 0.9723 val_accuracy: 0.9080
2024-11-03 14:13:26,976 - INFO - EPOCH 31:
2024-11-03 14:13:34,228 - INFO - train_loss: 0.2016 val_loss: 0.3992 train_accuracy: 0.9741 val_accuracy: 0.8920
2024-11-03 14:13:34,229 - INFO - EPOCH 32:
2024-11-03 14:13:41,356 - INFO - train_loss: 0.1757 val_loss: 0.4075 train_accuracy: 0.9790 val_accuracy: 0.9000
2024-11-03 14:13:41,357 - INFO - EPOCH 33:
2024-11-03 14:13:48,603 - INFO - train_loss: 0.1770 val_loss: 0.3775 train_accuracy: 0.9768 val_accuracy: 0.9000
2024-11-03 14:13:48,604 - INFO - EPOCH 34:
2024-11-03 14:13:55,780 - INFO - train_loss: 0.1653 val_loss: 0.4240 train_accuracy: 0.9781 val_accuracy: 0.9000
2024-11-03 14:13:55,781 - INFO - EPOCH 35:
2024-11-03 14:14:02,927 - INFO - train_loss: 0.1523 val_loss: 0.3763 train_accuracy: 0.9790 val_accuracy: 0.9120
2024-11-03 14:14:02,928 - INFO - EPOCH 36:
2024-11-03 14:14:09,921 - INFO - train_loss: 0.1566 val_loss: 0.3930 train_accuracy: 0.9772 val_accuracy: 0.9040
2024-11-03 14:14:09,922 - INFO - EPOCH 37:
2024-11-03 14:14:17,143 - INFO - train_loss: 0.1340 val_loss: 0.4115 train_accuracy: 0.9804 val_accuracy: 0.8960
2024-11-03 14:14:17,144 - INFO - EPOCH 38:
2024-11-03 14:14:24,220 - INFO - train_loss: 0.1223 val_loss: 0.3892 train_accuracy: 0.9862 val_accuracy: 0.9000
2024-11-03 14:14:24,220 - INFO - EPOCH 39:
2024-11-03 14:14:31,150 - INFO - train_loss: 0.1266 val_loss: 0.3930 train_accuracy: 0.9857 val_accuracy: 0.9000
2024-11-03 14:14:31,150 - INFO - EPOCH 40:
2024-11-03 14:14:38,067 - INFO - train_loss: 0.1244 val_loss: 0.3831 train_accuracy: 0.9817 val_accuracy: 0.8960
2024-11-03 14:14:38,067 - INFO - EPOCH 41:
2024-11-03 14:14:45,024 - INFO - train_loss: 0.1074 val_loss: 0.4105 train_accuracy: 0.9857 val_accuracy: 0.8920
2024-11-03 14:14:45,026 - INFO - EPOCH 42:
2024-11-03 14:14:52,548 - INFO - train_loss: 0.1008 val_loss: 0.4316 train_accuracy: 0.9866 val_accuracy: 0.8800
2024-11-03 14:14:52,549 - INFO - EPOCH 43:
2024-11-03 14:14:59,656 - INFO - train_loss: 0.1009 val_loss: 0.4000 train_accuracy: 0.9871 val_accuracy: 0.9000
2024-11-03 14:14:59,657 - INFO - EPOCH 44:
2024-11-03 14:15:06,857 - INFO - train_loss: 0.1058 val_loss: 0.3990 train_accuracy: 0.9879 val_accuracy: 0.9000
2024-11-03 14:15:06,858 - INFO - EPOCH 45:
2024-11-03 14:15:14,031 - INFO - train_loss: 0.0983 val_loss: 0.4028 train_accuracy: 0.9848 val_accuracy: 0.8960
2024-11-03 14:15:14,032 - INFO - EPOCH 46:
2024-11-03 14:15:21,132 - INFO - train_loss: 0.0820 val_loss: 0.4472 train_accuracy: 0.9920 val_accuracy: 0.9000
2024-11-03 14:15:21,133 - INFO - EPOCH 47:
2024-11-03 14:15:28,313 - INFO - train_loss: 0.0922 val_loss: 0.4355 train_accuracy: 0.9884 val_accuracy: 0.8960
2024-11-03 14:15:28,314 - INFO - EPOCH 48:
2024-11-03 14:15:35,301 - INFO - train_loss: 0.0841 val_loss: 0.4421 train_accuracy: 0.9879 val_accuracy: 0.8840
2024-11-03 14:15:35,302 - INFO - EPOCH 49:
2024-11-03 14:15:42,587 - INFO - train_loss: 0.0795 val_loss: 0.4858 train_accuracy: 0.9924 val_accuracy: 0.8880
2024-11-03 14:15:42,588 - INFO - EPOCH 50:
2024-11-03 14:15:49,851 - INFO - train_loss: 0.0651 val_loss: 0.4046 train_accuracy: 0.9951 val_accuracy: 0.8880
2024-11-03 14:15:49,852 - INFO - Final Evaluation...
2024-11-03 14:15:52,495 - INFO - Accuracy  89.50% [correct: 2225, total: 2486]
2024-11-03 14:15:52,495 - INFO - Precision: 0.8948969841003418
2024-11-03 14:15:52,496 - INFO - Recall: 0.8934629559516907
